[I 2024-05-04 07:44:10,045] Trial 141 finished with value: 0.13571059703826904 and parameters: {'hidden_dim': 1994, 'n_layers': 2, 'dropout': 0.027006509632901594, 'depth': 6, 'max_epochs': 168}. Best is trial 126 with value: 0.1266968995332718.
GPU available: True (cuda), used: True
TPU available: False, using: 0 TPU cores
IPU available: False, using: 0 IPUs
HPU available: False, using: 0 HPUs
LOCAL_RANK: 0 - CUDA_VISIBLE_DEVICES: [GPU-b72b8c0d-1f71-551f-8762-96059ca70389]
Loading `train_dataloader` to estimate number of stepping batches.

  | Name            | Type                         | Params
-----------------------------------------------------------------
0 | message_passing | MulticomponentMessagePassing | 455 K 
1 | agg             | MeanAggregation              | 0     
2 | bn              | BatchNorm1d                  | 1.2 K 
3 | predictor       | RegressionFFN                | 4.8 M 
4 | X_d_transform   | Identity                     | 0     
-----------------------------------------------------------------
5.3 M     Trainable params
0         Non-trainable params
5.3 M     Total params
21.082    Total estimated model params size (MB)
`Trainer.fit` stopped: `max_epochs=183` reached.
[I 2024-05-04 07:48:38,693] Trial 142 finished with value: 0.13648508489131927 and parameters: {'hidden_dim': 1908, 'n_layers': 2, 'dropout': 0.012958928986972158, 'depth': 6, 'max_epochs': 183}. Best is trial 126 with value: 0.1266968995332718.
GPU available: True (cuda), used: True
TPU available: False, using: 0 TPU cores
IPU available: False, using: 0 IPUs
HPU available: False, using: 0 HPUs
LOCAL_RANK: 0 - CUDA_VISIBLE_DEVICES: [GPU-b72b8c0d-1f71-551f-8762-96059ca70389]
Loading `train_dataloader` to estimate number of stepping batches.

  | Name            | Type                         | Params
-----------------------------------------------------------------
0 | message_passing | MulticomponentMessagePassing | 455 K 
1 | agg             | MeanAggregation              | 0     
2 | bn              | BatchNorm1d                  | 1.2 K 
3 | predictor       | RegressionFFN                | 4.6 M 
4 | X_d_transform   | Identity                     | 0     
-----------------------------------------------------------------
5.1 M     Trainable params
0         Non-trainable params
5.1 M     Total params
20.240    Total estimated model params size (MB)
`Trainer.fit` stopped: `max_epochs=177` reached.
[I 2024-05-04 07:52:56,901] Trial 143 finished with value: 0.13777846097946167 and parameters: {'hidden_dim': 1860, 'n_layers': 2, 'dropout': 0.032708586202352195, 'depth': 6, 'max_epochs': 177}. Best is trial 126 with value: 0.1266968995332718.
GPU available: True (cuda), used: True
TPU available: False, using: 0 TPU cores
IPU available: False, using: 0 IPUs
HPU available: False, using: 0 HPUs
LOCAL_RANK: 0 - CUDA_VISIBLE_DEVICES: [GPU-b72b8c0d-1f71-551f-8762-96059ca70389]
Loading `train_dataloader` to estimate number of stepping batches.

  | Name            | Type                         | Params
-----------------------------------------------------------------
0 | message_passing | MulticomponentMessagePassing | 455 K 
1 | agg             | MeanAggregation              | 0     
2 | bn              | BatchNorm1d                  | 1.2 K 
3 | predictor       | RegressionFFN                | 5.0 M 
4 | X_d_transform   | Identity                     | 0     
-----------------------------------------------------------------
5.4 M     Trainable params
0         Non-trainable params
5.4 M     Total params
21.635    Total estimated model params size (MB)
`Trainer.fit` stopped: `max_epochs=175` reached.
[I 2024-05-04 07:57:11,975] Trial 144 finished with value: 0.1335434913635254 and parameters: {'hidden_dim': 1939, 'n_layers': 2, 'dropout': 0.022794054044807548, 'depth': 6, 'max_epochs': 175}. Best is trial 126 with value: 0.1266968995332718.
GPU available: True (cuda), used: True
TPU available: False, using: 0 TPU cores
IPU available: False, using: 0 IPUs
HPU available: False, using: 0 HPUs
LOCAL_RANK: 0 - CUDA_VISIBLE_DEVICES: [GPU-b72b8c0d-1f71-551f-8762-96059ca70389]
Loading `train_dataloader` to estimate number of stepping batches.

  | Name            | Type                         | Params
-----------------------------------------------------------------
0 | message_passing | MulticomponentMessagePassing | 455 K 
1 | agg             | MeanAggregation              | 0     
2 | bn              | BatchNorm1d                  | 1.2 K 
3 | predictor       | RegressionFFN                | 3.9 M 
4 | X_d_transform   | Identity                     | 0     
-----------------------------------------------------------------
4.4 M     Trainable params
0         Non-trainable params
4.4 M     Total params
17.472    Total estimated model params size (MB)
`Trainer.fit` stopped: `max_epochs=180` reached.
[I 2024-05-04 08:01:58,362] Trial 145 finished with value: 0.1308165341615677 and parameters: {'hidden_dim': 1694, 'n_layers': 2, 'dropout': 0.00029461393566984704, 'depth': 6, 'max_epochs': 180}. Best is trial 126 with value: 0.1266968995332718.
GPU available: True (cuda), used: True
TPU available: False, using: 0 TPU cores
IPU available: False, using: 0 IPUs
HPU available: False, using: 0 HPUs
LOCAL_RANK: 0 - CUDA_VISIBLE_DEVICES: [GPU-b72b8c0d-1f71-551f-8762-96059ca70389]
Loading `train_dataloader` to estimate number of stepping batches.

  | Name            | Type                         | Params
-----------------------------------------------------------------
0 | message_passing | MulticomponentMessagePassing | 455 K 
1 | agg             | MeanAggregation              | 0     
2 | bn              | BatchNorm1d                  | 1.2 K 
3 | predictor       | RegressionFFN                | 3.8 M 
4 | X_d_transform   | Identity                     | 0     
-----------------------------------------------------------------
4.3 M     Trainable params
0         Non-trainable params
4.3 M     Total params
17.074    Total estimated model params size (MB)
`Trainer.fit` stopped: `max_epochs=172` reached.
[I 2024-05-04 08:06:27,166] Trial 146 finished with value: 0.13455963134765625 and parameters: {'hidden_dim': 1669, 'n_layers': 2, 'dropout': 0.005323720667518997, 'depth': 6, 'max_epochs': 172}. Best is trial 126 with value: 0.1266968995332718.
GPU available: True (cuda), used: True
TPU available: False, using: 0 TPU cores
IPU available: False, using: 0 IPUs
HPU available: False, using: 0 HPUs
LOCAL_RANK: 0 - CUDA_VISIBLE_DEVICES: [GPU-b72b8c0d-1f71-551f-8762-96059ca70389]
Loading `train_dataloader` to estimate number of stepping batches.

  | Name            | Type                         | Params
-----------------------------------------------------------------
0 | message_passing | MulticomponentMessagePassing | 455 K 
1 | agg             | MeanAggregation              | 0     
2 | bn              | BatchNorm1d                  | 1.2 K 
3 | predictor       | RegressionFFN                | 4.0 M 
4 | X_d_transform   | Identity                     | 0     
-----------------------------------------------------------------
4.4 M     Trainable params
0         Non-trainable params
4.4 M     Total params
17.746    Total estimated model params size (MB)
`Trainer.fit` stopped: `max_epochs=180` reached.
[I 2024-05-04 08:10:49,637] Trial 147 finished with value: 0.13078707456588745 and parameters: {'hidden_dim': 1711, 'n_layers': 2, 'dropout': 0.00030030741230155193, 'depth': 6, 'max_epochs': 180}. Best is trial 126 with value: 0.1266968995332718.
GPU available: True (cuda), used: True
TPU available: False, using: 0 TPU cores
IPU available: False, using: 0 IPUs
HPU available: False, using: 0 HPUs
LOCAL_RANK: 0 - CUDA_VISIBLE_DEVICES: [GPU-b72b8c0d-1f71-551f-8762-96059ca70389]
Loading `train_dataloader` to estimate number of stepping batches.

  | Name            | Type                         | Params
-----------------------------------------------------------------
0 | message_passing | MulticomponentMessagePassing | 455 K 
1 | agg             | MeanAggregation              | 0     
2 | bn              | BatchNorm1d                  | 1.2 K 
3 | predictor       | RegressionFFN                | 4.3 M 
4 | X_d_transform   | Identity                     | 0     
-----------------------------------------------------------------
4.8 M     Trainable params
0         Non-trainable params
4.8 M     Total params
19.046    Total estimated model params size (MB)
`Trainer.fit` stopped: `max_epochs=194` reached.
[I 2024-05-04 08:15:52,573] Trial 148 finished with value: 0.12811802327632904 and parameters: {'hidden_dim': 1790, 'n_layers': 2, 'dropout': 0.016155805437846105, 'depth': 6, 'max_epochs': 194}. Best is trial 126 with value: 0.1266968995332718.
GPU available: True (cuda), used: True
TPU available: False, using: 0 TPU cores
IPU available: False, using: 0 IPUs
HPU available: False, using: 0 HPUs
LOCAL_RANK: 0 - CUDA_VISIBLE_DEVICES: [GPU-b72b8c0d-1f71-551f-8762-96059ca70389]
Loading `train_dataloader` to estimate number of stepping batches.

  | Name            | Type                         | Params
-----------------------------------------------------------------
0 | message_passing | MulticomponentMessagePassing | 455 K 
1 | agg             | MeanAggregation              | 0     
2 | bn              | BatchNorm1d                  | 1.2 K 
3 | predictor       | RegressionFFN                | 4.4 M 
4 | X_d_transform   | Identity                     | 0     
-----------------------------------------------------------------
4.8 M     Trainable params
0         Non-trainable params
4.8 M     Total params
19.265    Total estimated model params size (MB)
`Trainer.fit` stopped: `max_epochs=194` reached.
[I 2024-05-04 08:21:00,672] Trial 149 finished with value: 0.133930042386055 and parameters: {'hidden_dim': 1803, 'n_layers': 2, 'dropout': 0.041156177129166846, 'depth': 4, 'max_epochs': 194}. Best is trial 126 with value: 0.1266968995332718.
GPU available: True (cuda), used: True
TPU available: False, using: 0 TPU cores
IPU available: False, using: 0 IPUs
HPU available: False, using: 0 HPUs
LOCAL_RANK: 0 - CUDA_VISIBLE_DEVICES: [GPU-b72b8c0d-1f71-551f-8762-96059ca70389]
Loading `train_dataloader` to estimate number of stepping batches.

  | Name            | Type                         | Params
-----------------------------------------------------------------
0 | message_passing | MulticomponentMessagePassing | 455 K 
1 | agg             | MeanAggregation              | 0     
2 | bn              | BatchNorm1d                  | 1.2 K 
3 | predictor       | RegressionFFN                | 4.7 M 
4 | X_d_transform   | Identity                     | 0     
-----------------------------------------------------------------
5.1 M     Trainable params
0         Non-trainable params
5.1 M     Total params
20.484    Total estimated model params size (MB)
`Trainer.fit` stopped: `max_epochs=190` reached.
[I 2024-05-04 08:25:40,872] Trial 150 finished with value: 0.14037151634693146 and parameters: {'hidden_dim': 1874, 'n_layers': 2, 'dropout': 0.011847815561287792, 'depth': 6, 'max_epochs': 190}. Best is trial 126 with value: 0.1266968995332718.
GPU available: True (cuda), used: True
TPU available: False, using: 0 TPU cores
IPU available: False, using: 0 IPUs
HPU available: False, using: 0 HPUs
LOCAL_RANK: 0 - CUDA_VISIBLE_DEVICES: [GPU-b72b8c0d-1f71-551f-8762-96059ca70389]
Loading `train_dataloader` to estimate number of stepping batches.

  | Name            | Type                         | Params
-----------------------------------------------------------------
0 | message_passing | MulticomponentMessagePassing | 455 K 
1 | agg             | MeanAggregation              | 0     
2 | bn              | BatchNorm1d                  | 1.2 K 
3 | predictor       | RegressionFFN                | 4.1 M 
4 | X_d_transform   | Identity                     | 0     
-----------------------------------------------------------------
4.6 M     Trainable params
0         Non-trainable params
4.6 M     Total params
18.201    Total estimated model params size (MB)
`Trainer.fit` stopped: `max_epochs=185` reached.
[I 2024-05-04 08:30:38,380] Trial 151 finished with value: 0.1324276179075241 and parameters: {'hidden_dim': 1739, 'n_layers': 2, 'dropout': 0.018692420238519865, 'depth': 6, 'max_epochs': 185}. Best is trial 126 with value: 0.1266968995332718.
GPU available: True (cuda), used: True
TPU available: False, using: 0 TPU cores
IPU available: False, using: 0 IPUs
HPU available: False, using: 0 HPUs
LOCAL_RANK: 0 - CUDA_VISIBLE_DEVICES: [GPU-b72b8c0d-1f71-551f-8762-96059ca70389]
Loading `train_dataloader` to estimate number of stepping batches.

  | Name            | Type                         | Params
-----------------------------------------------------------------
0 | message_passing | MulticomponentMessagePassing | 455 K 
1 | agg             | MeanAggregation              | 0     
2 | bn              | BatchNorm1d                  | 1.2 K 
3 | predictor       | RegressionFFN                | 4.4 M 
4 | X_d_transform   | Identity                     | 0     
-----------------------------------------------------------------
4.8 M     Trainable params
0         Non-trainable params
4.8 M     Total params
19.231    Total estimated model params size (MB)
`Trainer.fit` stopped: `max_epochs=178` reached.
[I 2024-05-04 08:35:41,537] Trial 152 finished with value: 0.13078129291534424 and parameters: {'hidden_dim': 1801, 'n_layers': 2, 'dropout': 0.02546270212896267, 'depth': 6, 'max_epochs': 178}. Best is trial 126 with value: 0.1266968995332718.
GPU available: True (cuda), used: True
TPU available: False, using: 0 TPU cores
IPU available: False, using: 0 IPUs
HPU available: False, using: 0 HPUs
LOCAL_RANK: 0 - CUDA_VISIBLE_DEVICES: [GPU-b72b8c0d-1f71-551f-8762-96059ca70389]
Loading `train_dataloader` to estimate number of stepping batches.

  | Name            | Type                         | Params
-----------------------------------------------------------------
0 | message_passing | MulticomponentMessagePassing | 455 K 
1 | agg             | MeanAggregation              | 0     
2 | bn              | BatchNorm1d                  | 1.2 K 
3 | predictor       | RegressionFFN                | 4.3 M 
4 | X_d_transform   | Identity                     | 0     
-----------------------------------------------------------------
4.8 M     Trainable params
0         Non-trainable params
4.8 M     Total params
19.198    Total estimated model params size (MB)
`Trainer.fit` stopped: `max_epochs=167` reached.
[I 2024-05-04 08:40:00,428] Trial 153 finished with value: 0.1276807337999344 and parameters: {'hidden_dim': 1799, 'n_layers': 2, 'dropout': 0.025708913794447733, 'depth': 6, 'max_epochs': 167}. Best is trial 126 with value: 0.1266968995332718.
GPU available: True (cuda), used: True
TPU available: False, using: 0 TPU cores
IPU available: False, using: 0 IPUs
HPU available: False, using: 0 HPUs
LOCAL_RANK: 0 - CUDA_VISIBLE_DEVICES: [GPU-b72b8c0d-1f71-551f-8762-96059ca70389]
Loading `train_dataloader` to estimate number of stepping batches.

  | Name            | Type                         | Params
-----------------------------------------------------------------
0 | message_passing | MulticomponentMessagePassing | 455 K 
1 | agg             | MeanAggregation              | 0     
2 | bn              | BatchNorm1d                  | 1.2 K 
3 | predictor       | RegressionFFN                | 4.6 M 
4 | X_d_transform   | Identity                     | 0     
-----------------------------------------------------------------
5.0 M     Trainable params
0         Non-trainable params
5.0 M     Total params
20.102    Total estimated model params size (MB)
`Trainer.fit` stopped: `max_epochs=165` reached.
[I 2024-05-04 08:44:03,856] Trial 154 finished with value: 0.1356082409620285 and parameters: {'hidden_dim': 1852, 'n_layers': 2, 'dropout': 0.03607109017492886, 'depth': 6, 'max_epochs': 165}. Best is trial 126 with value: 0.1266968995332718.
GPU available: True (cuda), used: True
TPU available: False, using: 0 TPU cores
IPU available: False, using: 0 IPUs
HPU available: False, using: 0 HPUs
LOCAL_RANK: 0 - CUDA_VISIBLE_DEVICES: [GPU-b72b8c0d-1f71-551f-8762-96059ca70389]
Loading `train_dataloader` to estimate number of stepping batches.

  | Name            | Type                         | Params
-----------------------------------------------------------------
0 | message_passing | MulticomponentMessagePassing | 455 K 
1 | agg             | MeanAggregation              | 0     
2 | bn              | BatchNorm1d                  | 1.2 K 
3 | predictor       | RegressionFFN                | 3.6 M 
4 | X_d_transform   | Identity                     | 0     
-----------------------------------------------------------------
4.0 M     Trainable params
0         Non-trainable params
4.0 M     Total params
16.140    Total estimated model params size (MB)
`Trainer.fit` stopped: `max_epochs=162` reached.
[I 2024-05-04 08:48:10,502] Trial 155 finished with value: 0.1330523043870926 and parameters: {'hidden_dim': 1609, 'n_layers': 2, 'dropout': 0.01592774837252494, 'depth': 6, 'max_epochs': 162}. Best is trial 126 with value: 0.1266968995332718.
GPU available: True (cuda), used: True
TPU available: False, using: 0 TPU cores
IPU available: False, using: 0 IPUs
HPU available: False, using: 0 HPUs
LOCAL_RANK: 0 - CUDA_VISIBLE_DEVICES: [GPU-b72b8c0d-1f71-551f-8762-96059ca70389]
Loading `train_dataloader` to estimate number of stepping batches.

  | Name            | Type                         | Params
-----------------------------------------------------------------
0 | message_passing | MulticomponentMessagePassing | 455 K 
1 | agg             | MeanAggregation              | 0     
2 | bn              | BatchNorm1d                  | 1.2 K 
3 | predictor       | RegressionFFN                | 5.3 M 
4 | X_d_transform   | Identity                     | 0     
-----------------------------------------------------------------
5.8 M     Trainable params
0         Non-trainable params
5.8 M     Total params
23.006    Total estimated model params size (MB)
`Trainer.fit` stopped: `max_epochs=168` reached.
[I 2024-05-04 08:52:48,969] Trial 156 finished with value: 0.13773880898952484 and parameters: {'hidden_dim': 2014, 'n_layers': 2, 'dropout': 0.008217922292197609, 'depth': 6, 'max_epochs': 168}. Best is trial 126 with value: 0.1266968995332718.
GPU available: True (cuda), used: True
TPU available: False, using: 0 TPU cores
IPU available: False, using: 0 IPUs
HPU available: False, using: 0 HPUs
LOCAL_RANK: 0 - CUDA_VISIBLE_DEVICES: [GPU-b72b8c0d-1f71-551f-8762-96059ca70389]
Loading `train_dataloader` to estimate number of stepping batches.

  | Name            | Type                         | Params
-----------------------------------------------------------------
0 | message_passing | MulticomponentMessagePassing | 455 K 
1 | agg             | MeanAggregation              | 0     
2 | bn              | BatchNorm1d                  | 1.2 K 
3 | predictor       | RegressionFFN                | 4.8 M 
4 | X_d_transform   | Identity                     | 0     
-----------------------------------------------------------------
5.3 M     Trainable params
0         Non-trainable params
5.3 M     Total params
21.135    Total estimated model params size (MB)
`Trainer.fit` stopped: `max_epochs=174` reached.
[I 2024-05-04 08:57:07,937] Trial 157 finished with value: 0.13450174033641815 and parameters: {'hidden_dim': 1911, 'n_layers': 2, 'dropout': 0.025187247808365953, 'depth': 6, 'max_epochs': 174}. Best is trial 126 with value: 0.1266968995332718.
GPU available: True (cuda), used: True
TPU available: False, using: 0 TPU cores
IPU available: False, using: 0 IPUs
HPU available: False, using: 0 HPUs
LOCAL_RANK: 0 - CUDA_VISIBLE_DEVICES: [GPU-b72b8c0d-1f71-551f-8762-96059ca70389]
Loading `train_dataloader` to estimate number of stepping batches.

  | Name            | Type                         | Params
-----------------------------------------------------------------
0 | message_passing | MulticomponentMessagePassing | 455 K 
1 | agg             | MeanAggregation              | 0     
2 | bn              | BatchNorm1d                  | 1.2 K 
3 | predictor       | RegressionFFN                | 4.3 M 
4 | X_d_transform   | Identity                     | 0     
-----------------------------------------------------------------
4.8 M     Trainable params
0         Non-trainable params
4.8 M     Total params
19.029    Total estimated model params size (MB)
`Trainer.fit` stopped: `max_epochs=196` reached.
[I 2024-05-04 09:01:51,922] Trial 158 finished with value: 0.13479118049144745 and parameters: {'hidden_dim': 1789, 'n_layers': 2, 'dropout': 0.03238206632776805, 'depth': 6, 'max_epochs': 196}. Best is trial 126 with value: 0.1266968995332718.
GPU available: True (cuda), used: True
TPU available: False, using: 0 TPU cores
IPU available: False, using: 0 IPUs
HPU available: False, using: 0 HPUs
LOCAL_RANK: 0 - CUDA_VISIBLE_DEVICES: [GPU-b72b8c0d-1f71-551f-8762-96059ca70389]
Loading `train_dataloader` to estimate number of stepping batches.

  | Name            | Type                         | Params
-----------------------------------------------------------------
0 | message_passing | MulticomponentMessagePassing | 455 K 
1 | agg             | MeanAggregation              | 0     
2 | bn              | BatchNorm1d                  | 1.2 K 
3 | predictor       | RegressionFFN                | 5.0 M 
4 | X_d_transform   | Identity                     | 0     
-----------------------------------------------------------------
5.5 M     Trainable params
0         Non-trainable params
5.5 M     Total params
21.996    Total estimated model params size (MB)
`Trainer.fit` stopped: `max_epochs=171` reached.
