[I 2024-05-03 23:56:06,272] Trial 15 finished with value: 0.14021499454975128 and parameters: {'hidden_dim': 1010, 'n_layers': 2, 'dropout': 0.12881228611095533, 'depth': 5, 'max_epochs': 200}. Best is trial 3 with value: 0.13048313558101654.
GPU available: True (cuda), used: True
TPU available: False, using: 0 TPU cores
IPU available: False, using: 0 IPUs
HPU available: False, using: 0 HPUs
LOCAL_RANK: 0 - CUDA_VISIBLE_DEVICES: [GPU-b72b8c0d-1f71-551f-8762-96059ca70389]
Loading `train_dataloader` to estimate number of stepping batches.

  | Name            | Type                         | Params
-----------------------------------------------------------------
0 | message_passing | MulticomponentMessagePassing | 455 K 
1 | agg             | MeanAggregation              | 0     
2 | bn              | BatchNorm1d                  | 1.2 K 
3 | predictor       | RegressionFFN                | 951 K 
4 | X_d_transform   | Identity                     | 0     
-----------------------------------------------------------------
1.4 M     Trainable params
0         Non-trainable params
1.4 M     Total params
5.633     Total estimated model params size (MB)
`Trainer.fit` stopped: `max_epochs=176` reached.
[I 2024-05-03 23:59:59,001] Trial 16 finished with value: 0.13232679665088654 and parameters: {'hidden_dim': 1550, 'n_layers': 1, 'dropout': 0.25019298455552097, 'depth': 6, 'max_epochs': 176}. Best is trial 3 with value: 0.13048313558101654.
GPU available: True (cuda), used: True
TPU available: False, using: 0 TPU cores
IPU available: False, using: 0 IPUs
HPU available: False, using: 0 HPUs
LOCAL_RANK: 0 - CUDA_VISIBLE_DEVICES: [GPU-b72b8c0d-1f71-551f-8762-96059ca70389]
Loading `train_dataloader` to estimate number of stepping batches.

  | Name            | Type                         | Params
-----------------------------------------------------------------
0 | message_passing | MulticomponentMessagePassing | 455 K 
1 | agg             | MeanAggregation              | 0     
2 | bn              | BatchNorm1d                  | 1.2 K 
3 | predictor       | RegressionFFN                | 5.0 M 
4 | X_d_transform   | Identity                     | 0     
-----------------------------------------------------------------
5.4 M     Trainable params
0         Non-trainable params
5.4 M     Total params
21.779    Total estimated model params size (MB)
`Trainer.fit` stopped: `max_epochs=173` reached.
[I 2024-05-04 00:04:06,630] Trial 17 finished with value: 0.14535506069660187 and parameters: {'hidden_dim': 1947, 'n_layers': 2, 'dropout': 0.24580154731164475, 'depth': 6, 'max_epochs': 173}. Best is trial 3 with value: 0.13048313558101654.
GPU available: True (cuda), used: True
TPU available: False, using: 0 TPU cores
IPU available: False, using: 0 IPUs
HPU available: False, using: 0 HPUs
LOCAL_RANK: 0 - CUDA_VISIBLE_DEVICES: [GPU-b72b8c0d-1f71-551f-8762-96059ca70389]
Loading `train_dataloader` to estimate number of stepping batches.

  | Name            | Type                         | Params
-----------------------------------------------------------------
0 | message_passing | MulticomponentMessagePassing | 455 K 
1 | agg             | MeanAggregation              | 0     
2 | bn              | BatchNorm1d                  | 1.2 K 
3 | predictor       | RegressionFFN                | 947 K 
4 | X_d_transform   | Identity                     | 0     
-----------------------------------------------------------------
1.4 M     Trainable params
0         Non-trainable params
1.4 M     Total params
5.616     Total estimated model params size (MB)
`Trainer.fit` stopped: `max_epochs=183` reached.
[I 2024-05-04 00:08:20,199] Trial 18 finished with value: 0.13871252536773682 and parameters: {'hidden_dim': 1543, 'n_layers': 1, 'dropout': 0.3297870159289315, 'depth': 6, 'max_epochs': 183}. Best is trial 3 with value: 0.13048313558101654.
GPU available: True (cuda), used: True
TPU available: False, using: 0 TPU cores
IPU available: False, using: 0 IPUs
HPU available: False, using: 0 HPUs
LOCAL_RANK: 0 - CUDA_VISIBLE_DEVICES: [GPU-b72b8c0d-1f71-551f-8762-96059ca70389]
Loading `train_dataloader` to estimate number of stepping batches.

  | Name            | Type                         | Params
-----------------------------------------------------------------
0 | message_passing | MulticomponentMessagePassing | 455 K 
1 | agg             | MeanAggregation              | 0     
2 | bn              | BatchNorm1d                  | 1.2 K 
3 | predictor       | RegressionFFN                | 6.0 M 
4 | X_d_transform   | Identity                     | 0     
-----------------------------------------------------------------
6.4 M     Trainable params
0         Non-trainable params
6.4 M     Total params
25.645    Total estimated model params size (MB)
`Trainer.fit` stopped: `max_epochs=142` reached.
[I 2024-05-04 00:13:32,471] Trial 19 finished with value: 0.13217078149318695 and parameters: {'hidden_dim': 2152, 'n_layers': 2, 'dropout': 0.1739159124998232, 'depth': 6, 'max_epochs': 142}. Best is trial 3 with value: 0.13048313558101654.
GPU available: True (cuda), used: True
TPU available: False, using: 0 TPU cores
IPU available: False, using: 0 IPUs
HPU available: False, using: 0 HPUs
LOCAL_RANK: 0 - CUDA_VISIBLE_DEVICES: [GPU-b72b8c0d-1f71-551f-8762-96059ca70389]
Loading `train_dataloader` to estimate number of stepping batches.

  | Name            | Type                         | Params
-----------------------------------------------------------------
0 | message_passing | MulticomponentMessagePassing | 455 K 
1 | agg             | MeanAggregation              | 0     
2 | bn              | BatchNorm1d                  | 1.2 K 
3 | predictor       | RegressionFFN                | 5.6 M 
4 | X_d_transform   | Identity                     | 0     
-----------------------------------------------------------------
6.1 M     Trainable params
0         Non-trainable params
6.1 M     Total params
24.230    Total estimated model params size (MB)
`Trainer.fit` stopped: `max_epochs=105` reached.
[I 2024-05-04 00:16:21,156] Trial 20 finished with value: 0.14909958839416504 and parameters: {'hidden_dim': 2079, 'n_layers': 2, 'dropout': 0.16899399938868684, 'depth': 5, 'max_epochs': 105}. Best is trial 3 with value: 0.13048313558101654.
GPU available: True (cuda), used: True
TPU available: False, using: 0 TPU cores
IPU available: False, using: 0 IPUs
HPU available: False, using: 0 HPUs
LOCAL_RANK: 0 - CUDA_VISIBLE_DEVICES: [GPU-b72b8c0d-1f71-551f-8762-96059ca70389]
Loading `train_dataloader` to estimate number of stepping batches.

  | Name            | Type                         | Params
-----------------------------------------------------------------
0 | message_passing | MulticomponentMessagePassing | 455 K 
1 | agg             | MeanAggregation              | 0     
2 | bn              | BatchNorm1d                  | 1.2 K 
3 | predictor       | RegressionFFN                | 5.9 M 
4 | X_d_transform   | Identity                     | 0     
-----------------------------------------------------------------
6.4 M     Trainable params
0         Non-trainable params
6.4 M     Total params
25.468    Total estimated model params size (MB)
`Trainer.fit` stopped: `max_epochs=141` reached.
[I 2024-05-04 00:20:15,348] Trial 21 finished with value: 0.13620439171791077 and parameters: {'hidden_dim': 2143, 'n_layers': 2, 'dropout': 0.2506781219855947, 'depth': 6, 'max_epochs': 141}. Best is trial 3 with value: 0.13048313558101654.
GPU available: True (cuda), used: True
TPU available: False, using: 0 TPU cores
IPU available: False, using: 0 IPUs
HPU available: False, using: 0 HPUs
LOCAL_RANK: 0 - CUDA_VISIBLE_DEVICES: [GPU-b72b8c0d-1f71-551f-8762-96059ca70389]
Loading `train_dataloader` to estimate number of stepping batches.

  | Name            | Type                         | Params
-----------------------------------------------------------------
0 | message_passing | MulticomponentMessagePassing | 455 K 
1 | agg             | MeanAggregation              | 0     
2 | bn              | BatchNorm1d                  | 1.2 K 
3 | predictor       | RegressionFFN                | 5.7 M 
4 | X_d_transform   | Identity                     | 0     
-----------------------------------------------------------------
6.1 M     Trainable params
0         Non-trainable params
6.1 M     Total params
24.498    Total estimated model params size (MB)
`Trainer.fit` stopped: `max_epochs=162` reached.
[I 2024-05-04 00:24:50,062] Trial 22 finished with value: 0.12821868062019348 and parameters: {'hidden_dim': 2093, 'n_layers': 2, 'dropout': 0.2240714930969045, 'depth': 6, 'max_epochs': 162}. Best is trial 22 with value: 0.12821868062019348.
GPU available: True (cuda), used: True
TPU available: False, using: 0 TPU cores
IPU available: False, using: 0 IPUs
HPU available: False, using: 0 HPUs
LOCAL_RANK: 0 - CUDA_VISIBLE_DEVICES: [GPU-b72b8c0d-1f71-551f-8762-96059ca70389]
Loading `train_dataloader` to estimate number of stepping batches.

  | Name            | Type                         | Params
-----------------------------------------------------------------
0 | message_passing | MulticomponentMessagePassing | 455 K 
1 | agg             | MeanAggregation              | 0     
2 | bn              | BatchNorm1d                  | 1.2 K 
3 | predictor       | RegressionFFN                | 5.8 M 
4 | X_d_transform   | Identity                     | 0     
-----------------------------------------------------------------
6.3 M     Trainable params
0         Non-trainable params
6.3 M     Total params
25.058    Total estimated model params size (MB)
`Trainer.fit` stopped: `max_epochs=50` reached.
[I 2024-05-04 00:26:13,821] Trial 23 finished with value: 0.16211743652820587 and parameters: {'hidden_dim': 2122, 'n_layers': 2, 'dropout': 0.16690015035806866, 'depth': 6, 'max_epochs': 50}. Best is trial 22 with value: 0.12821868062019348.
GPU available: True (cuda), used: True
TPU available: False, using: 0 TPU cores
IPU available: False, using: 0 IPUs
HPU available: False, using: 0 HPUs
LOCAL_RANK: 0 - CUDA_VISIBLE_DEVICES: [GPU-b72b8c0d-1f71-551f-8762-96059ca70389]
Loading `train_dataloader` to estimate number of stepping batches.

  | Name            | Type                         | Params
-----------------------------------------------------------------
0 | message_passing | MulticomponentMessagePassing | 455 K 
1 | agg             | MeanAggregation              | 0     
2 | bn              | BatchNorm1d                  | 1.2 K 
3 | predictor       | RegressionFFN                | 6.0 M 
4 | X_d_transform   | Identity                     | 0     
-----------------------------------------------------------------
6.5 M     Trainable params
0         Non-trainable params
6.5 M     Total params
26.020    Total estimated model params size (MB)
`Trainer.fit` stopped: `max_epochs=162` reached.
[I 2024-05-04 00:30:38,803] Trial 24 finished with value: 0.1355094313621521 and parameters: {'hidden_dim': 2171, 'n_layers': 2, 'dropout': 0.2152462056218565, 'depth': 5, 'max_epochs': 162}. Best is trial 22 with value: 0.12821868062019348.
GPU available: True (cuda), used: True
TPU available: False, using: 0 TPU cores
IPU available: False, using: 0 IPUs
HPU available: False, using: 0 HPUs
LOCAL_RANK: 0 - CUDA_VISIBLE_DEVICES: [GPU-b72b8c0d-1f71-551f-8762-96059ca70389]
Loading `train_dataloader` to estimate number of stepping batches.

  | Name            | Type                         | Params
-----------------------------------------------------------------
0 | message_passing | MulticomponentMessagePassing | 455 K 
1 | agg             | MeanAggregation              | 0     
2 | bn              | BatchNorm1d                  | 1.2 K 
3 | predictor       | RegressionFFN                | 8.9 M 
4 | X_d_transform   | Identity                     | 0     
-----------------------------------------------------------------
9.3 M     Trainable params
0         Non-trainable params
9.3 M     Total params
37.253    Total estimated model params size (MB)
`Trainer.fit` stopped: `max_epochs=136` reached.
[I 2024-05-04 00:34:08,386] Trial 25 finished with value: 0.24243558943271637 and parameters: {'hidden_dim': 1956, 'n_layers': 3, 'dropout': 0.2957751274836429, 'depth': 6, 'max_epochs': 136}. Best is trial 22 with value: 0.12821868062019348.
GPU available: True (cuda), used: True
TPU available: False, using: 0 TPU cores
IPU available: False, using: 0 IPUs
HPU available: False, using: 0 HPUs
LOCAL_RANK: 0 - CUDA_VISIBLE_DEVICES: [GPU-b72b8c0d-1f71-551f-8762-96059ca70389]
Loading `train_dataloader` to estimate number of stepping batches.

  | Name            | Type                         | Params
-----------------------------------------------------------------
0 | message_passing | MulticomponentMessagePassing | 455 K 
1 | agg             | MeanAggregation              | 0     
2 | bn              | BatchNorm1d                  | 1.2 K 
3 | predictor       | RegressionFFN                | 3.7 M 
4 | X_d_transform   | Identity                     | 0     
-----------------------------------------------------------------
4.1 M     Trainable params
0         Non-trainable params
4.1 M     Total params
16.541    Total estimated model params size (MB)
`Trainer.fit` stopped: `max_epochs=118` reached.
[I 2024-05-04 00:36:48,099] Trial 26 finished with value: 0.1360754370689392 and parameters: {'hidden_dim': 1635, 'n_layers': 2, 'dropout': 0.14472288309968437, 'depth': 5, 'max_epochs': 118}. Best is trial 22 with value: 0.12821868062019348.
GPU available: True (cuda), used: True
TPU available: False, using: 0 TPU cores
IPU available: False, using: 0 IPUs
HPU available: False, using: 0 HPUs
LOCAL_RANK: 0 - CUDA_VISIBLE_DEVICES: [GPU-b72b8c0d-1f71-551f-8762-96059ca70389]
Loading `train_dataloader` to estimate number of stepping batches.

  | Name            | Type                         | Params
-----------------------------------------------------------------
0 | message_passing | MulticomponentMessagePassing | 455 K 
1 | agg             | MeanAggregation              | 0     
2 | bn              | BatchNorm1d                  | 1.2 K 
3 | predictor       | RegressionFFN                | 6.5 M 
4 | X_d_transform   | Identity                     | 0     
-----------------------------------------------------------------
7.0 M     Trainable params
0         Non-trainable params
7.0 M     Total params
27.837    Total estimated model params size (MB)
`Trainer.fit` stopped: `max_epochs=165` reached.
[I 2024-05-04 00:40:55,678] Trial 27 finished with value: 0.13296765089035034 and parameters: {'hidden_dim': 2261, 'n_layers': 2, 'dropout': 0.0867221384944231, 'depth': 6, 'max_epochs': 165}. Best is trial 22 with value: 0.12821868062019348.
GPU available: True (cuda), used: True
TPU available: False, using: 0 TPU cores
IPU available: False, using: 0 IPUs
HPU available: False, using: 0 HPUs
LOCAL_RANK: 0 - CUDA_VISIBLE_DEVICES: [GPU-b72b8c0d-1f71-551f-8762-96059ca70389]
Loading `train_dataloader` to estimate number of stepping batches.

  | Name            | Type                         | Params
-----------------------------------------------------------------
0 | message_passing | MulticomponentMessagePassing | 455 K 
1 | agg             | MeanAggregation              | 0     
2 | bn              | BatchNorm1d                  | 1.2 K 
3 | predictor       | RegressionFFN                | 5.0 M 
4 | X_d_transform   | Identity                     | 0     
-----------------------------------------------------------------
5.4 M     Trainable params
0         Non-trainable params
5.4 M     Total params
21.779    Total estimated model params size (MB)
`Trainer.fit` stopped: `max_epochs=147` reached.
[I 2024-05-04 00:44:22,792] Trial 28 finished with value: 0.1521129459142685 and parameters: {'hidden_dim': 1947, 'n_layers': 2, 'dropout': 0.22858533010209073, 'depth': 5, 'max_epochs': 147}. Best is trial 22 with value: 0.12821868062019348.
GPU available: True (cuda), used: True
TPU available: False, using: 0 TPU cores
IPU available: False, using: 0 IPUs
HPU available: False, using: 0 HPUs
LOCAL_RANK: 0 - CUDA_VISIBLE_DEVICES: [GPU-b72b8c0d-1f71-551f-8762-96059ca70389]
Loading `train_dataloader` to estimate number of stepping batches.

  | Name            | Type                         | Params
-----------------------------------------------------------------
0 | message_passing | MulticomponentMessagePassing | 455 K 
1 | agg             | MeanAggregation              | 0     
2 | bn              | BatchNorm1d                  | 1.2 K 
3 | predictor       | RegressionFFN                | 7.4 M 
4 | X_d_transform   | Identity                     | 0     
-----------------------------------------------------------------
7.9 M     Trainable params
0         Non-trainable params
7.9 M     Total params
31.405    Total estimated model params size (MB)
`Trainer.fit` stopped: `max_epochs=114` reached.
[I 2024-05-04 00:47:00,031] Trial 29 finished with value: 0.1776130050420761 and parameters: {'hidden_dim': 1775, 'n_layers': 3, 'dropout': 0.18286409656616961, 'depth': 4, 'max_epochs': 114}. Best is trial 22 with value: 0.12821868062019348.
GPU available: True (cuda), used: True
TPU available: False, using: 0 TPU cores
IPU available: False, using: 0 IPUs
HPU available: False, using: 0 HPUs
LOCAL_RANK: 0 - CUDA_VISIBLE_DEVICES: [GPU-b72b8c0d-1f71-551f-8762-96059ca70389]
Loading `train_dataloader` to estimate number of stepping batches.

  | Name            | Type                         | Params
-----------------------------------------------------------------
0 | message_passing | MulticomponentMessagePassing | 455 K 
1 | agg             | MeanAggregation              | 0     
2 | bn              | BatchNorm1d                  | 1.2 K 
3 | predictor       | RegressionFFN                | 5.2 M 
4 | X_d_transform   | Identity                     | 0     
-----------------------------------------------------------------
5.7 M     Trainable params
0         Non-trainable params
5.7 M     Total params
22.765    Total estimated model params size (MB)
`Trainer.fit` stopped: `max_epochs=135` reached.
[I 2024-05-04 00:50:14,082] Trial 30 finished with value: 0.17786584794521332 and parameters: {'hidden_dim': 2001, 'n_layers': 2, 'dropout': 0.29174526142619905, 'depth': 6, 'max_epochs': 135}. Best is trial 22 with value: 0.12821868062019348.
GPU available: True (cuda), used: True
TPU available: False, using: 0 TPU cores
IPU available: False, using: 0 IPUs
HPU available: False, using: 0 HPUs
LOCAL_RANK: 0 - CUDA_VISIBLE_DEVICES: [GPU-b72b8c0d-1f71-551f-8762-96059ca70389]
Loading `train_dataloader` to estimate number of stepping batches.

  | Name            | Type                         | Params
-----------------------------------------------------------------
0 | message_passing | MulticomponentMessagePassing | 455 K 
1 | agg             | MeanAggregation              | 0     
2 | bn              | BatchNorm1d                  | 1.2 K 
3 | predictor       | RegressionFFN                | 903 K 
4 | X_d_transform   | Identity                     | 0     
-----------------------------------------------------------------
1.4 M     Trainable params
0         Non-trainable params
1.4 M     Total params
5.442     Total estimated model params size (MB)
`Trainer.fit` stopped: `max_epochs=188` reached.
[I 2024-05-04 00:54:18,792] Trial 31 finished with value: 0.14948837459087372 and parameters: {'hidden_dim': 1472, 'n_layers': 1, 'dropout': 0.26856848209230944, 'depth': 6, 'max_epochs': 188}. Best is trial 22 with value: 0.12821868062019348.
GPU available: True (cuda), used: True
TPU available: False, using: 0 TPU cores
IPU available: False, using: 0 IPUs
HPU available: False, using: 0 HPUs
LOCAL_RANK: 0 - CUDA_VISIBLE_DEVICES: [GPU-b72b8c0d-1f71-551f-8762-96059ca70389]
Loading `train_dataloader` to estimate number of stepping batches.

  | Name            | Type                         | Params
-----------------------------------------------------------------
0 | message_passing | MulticomponentMessagePassing | 455 K 
1 | agg             | MeanAggregation              | 0     
2 | bn              | BatchNorm1d                  | 1.2 K 
3 | predictor       | RegressionFFN                | 754 K 
4 | X_d_transform   | Identity                     | 0     
-----------------------------------------------------------------
1.2 M     Trainable params
0         Non-trainable params
1.2 M     Total params
4.845     Total estimated model params size (MB)
`Trainer.fit` stopped: `max_epochs=166` reached.
[I 2024-05-04 00:57:57,554] Trial 32 finished with value: 0.13645830750465393 and parameters: {'hidden_dim': 1229, 'n_layers': 1, 'dropout': 0.22731120241686145, 'depth': 6, 'max_epochs': 166}. Best is trial 22 with value: 0.12821868062019348.
GPU available: True (cuda), used: True
TPU available: False, using: 0 TPU cores
IPU available: False, using: 0 IPUs
HPU available: False, using: 0 HPUs
LOCAL_RANK: 0 - CUDA_VISIBLE_DEVICES: [GPU-b72b8c0d-1f71-551f-8762-96059ca70389]
Loading `train_dataloader` to estimate number of stepping batches.

  | Name            | Type                         | Params
-----------------------------------------------------------------
0 | message_passing | MulticomponentMessagePassing | 455 K 
1 | agg             | MeanAggregation              | 0     
2 | bn              | BatchNorm1d                  | 1.2 K 
3 | predictor       | RegressionFFN                | 11.5 M
4 | X_d_transform   | Identity                     | 0     
-----------------------------------------------------------------
11.9 M    Trainable params
0         Non-trainable params
11.9 M    Total params
47.717    Total estimated model params size (MB)
`Trainer.fit` stopped: `max_epochs=190` reached.
