[I 2024-05-03 23:06:06,120] A new study created in memory with name: no-name-ffd5d894-2cca-45f3-8a5b-898dc46a6829
/home/gridsan/ddavid/.conda/envs/torch/lib/python3.12/site-packages/lightning/fabric/plugins/environments/slurm.py:204: The `srun` command is available on your system but is not used. HINT: If your intention is to run Lightning on SLURM, prepend your python command with `srun` like so: srun python /home/gridsan/ddavid/ml/psets/ps6/hyperparameter.py ...
GPU available: True (cuda), used: True
TPU available: False, using: 0 TPU cores
IPU available: False, using: 0 IPUs
HPU available: False, using: 0 HPUs
/home/gridsan/ddavid/.conda/envs/torch/lib/python3.12/site-packages/lightning/fabric/plugins/environments/slurm.py:204: The `srun` command is available on your system but is not used. HINT: If your intention is to run Lightning on SLURM, prepend your python command with `srun` like so: srun python /home/gridsan/ddavid/ml/psets/ps6/hyperparameter.py ...
LOCAL_RANK: 0 - CUDA_VISIBLE_DEVICES: [GPU-b72b8c0d-1f71-551f-8762-96059ca70389]
Loading `train_dataloader` to estimate number of stepping batches.
/home/gridsan/ddavid/.conda/envs/torch/lib/python3.12/site-packages/lightning/pytorch/trainer/connectors/data_connector.py:441: The 'train_dataloader' does not have many workers which may be a bottleneck. Consider increasing the value of the `num_workers` argument` to `num_workers=79` in the `DataLoader` to improve performance.
/home/gridsan/ddavid/.conda/envs/torch/lib/python3.12/site-packages/lightning/pytorch/loops/fit_loop.py:298: The number of training batches (46) is smaller than the logging interval Trainer(log_every_n_steps=50). Set a lower value for log_every_n_steps if you want to see logs for the training epoch.

  | Name            | Type                         | Params
-----------------------------------------------------------------
0 | message_passing | MulticomponentMessagePassing | 455 K 
1 | agg             | MeanAggregation              | 0     
2 | bn              | BatchNorm1d                  | 1.2 K 
3 | predictor       | RegressionFFN                | 1.1 M 
4 | X_d_transform   | Identity                     | 0     
-----------------------------------------------------------------
1.6 M     Trainable params
0         Non-trainable params
1.6 M     Total params
6.245     Total estimated model params size (MB)
/home/gridsan/ddavid/.conda/envs/torch/lib/python3.12/site-packages/lightning/pytorch/trainer/connectors/data_connector.py:441: The 'val_dataloader' does not have many workers which may be a bottleneck. Consider increasing the value of the `num_workers` argument` to `num_workers=79` in the `DataLoader` to improve performance.
`Trainer.fit` stopped: `max_epochs=87` reached.
[I 2024-05-03 23:08:39,709] Trial 0 finished with value: 0.14561475813388824 and parameters: {'hidden_dim': 1799, 'n_layers': 1, 'dropout': 0.12127521211293098, 'depth': 2, 'max_epochs': 87}. Best is trial 0 with value: 0.14561475813388824.
GPU available: True (cuda), used: True
TPU available: False, using: 0 TPU cores
IPU available: False, using: 0 IPUs
HPU available: False, using: 0 HPUs
LOCAL_RANK: 0 - CUDA_VISIBLE_DEVICES: [GPU-b72b8c0d-1f71-551f-8762-96059ca70389]
Loading `train_dataloader` to estimate number of stepping batches.

  | Name            | Type                         | Params
-----------------------------------------------------------------
0 | message_passing | MulticomponentMessagePassing | 455 K 
1 | agg             | MeanAggregation              | 0     
2 | bn              | BatchNorm1d                  | 1.2 K 
3 | predictor       | RegressionFFN                | 4.8 M 
4 | X_d_transform   | Identity                     | 0     
-----------------------------------------------------------------
5.2 M     Trainable params
0         Non-trainable params
5.2 M     Total params
20.857    Total estimated model params size (MB)
`Trainer.fit` stopped: `max_epochs=81` reached.
[I 2024-05-03 23:10:39,114] Trial 1 finished with value: 0.26023074984550476 and parameters: {'hidden_dim': 1396, 'n_layers': 3, 'dropout': 0.2866659320595969, 'depth': 5, 'max_epochs': 81}. Best is trial 0 with value: 0.14561475813388824.
GPU available: True (cuda), used: True
TPU available: False, using: 0 TPU cores
IPU available: False, using: 0 IPUs
HPU available: False, using: 0 HPUs
LOCAL_RANK: 0 - CUDA_VISIBLE_DEVICES: [GPU-b72b8c0d-1f71-551f-8762-96059ca70389]
Loading `train_dataloader` to estimate number of stepping batches.

  | Name            | Type                         | Params
-----------------------------------------------------------------
0 | message_passing | MulticomponentMessagePassing | 455 K 
1 | agg             | MeanAggregation              | 0     
2 | bn              | BatchNorm1d                  | 1.2 K 
3 | predictor       | RegressionFFN                | 2.6 M 
4 | X_d_transform   | Identity                     | 0     
-----------------------------------------------------------------
3.1 M     Trainable params
0         Non-trainable params
3.1 M     Total params
12.254    Total estimated model params size (MB)
`Trainer.fit` stopped: `max_epochs=145` reached.
[I 2024-05-03 23:13:44,460] Trial 2 finished with value: 0.1355813443660736 and parameters: {'hidden_dim': 998, 'n_layers': 3, 'dropout': 0.0726429512979423, 'depth': 3, 'max_epochs': 145}. Best is trial 2 with value: 0.1355813443660736.
GPU available: True (cuda), used: True
TPU available: False, using: 0 TPU cores
IPU available: False, using: 0 IPUs
HPU available: False, using: 0 HPUs
LOCAL_RANK: 0 - CUDA_VISIBLE_DEVICES: [GPU-b72b8c0d-1f71-551f-8762-96059ca70389]
Loading `train_dataloader` to estimate number of stepping batches.

  | Name            | Type                         | Params
-----------------------------------------------------------------
0 | message_passing | MulticomponentMessagePassing | 455 K 
1 | agg             | MeanAggregation              | 0     
2 | bn              | BatchNorm1d                  | 1.2 K 
3 | predictor       | RegressionFFN                | 7.0 M 
4 | X_d_transform   | Identity                     | 0     
-----------------------------------------------------------------
7.4 M     Trainable params
0         Non-trainable params
7.4 M     Total params
29.634    Total estimated model params size (MB)
`Trainer.fit` stopped: `max_epochs=151` reached.
[I 2024-05-03 23:17:24,235] Trial 3 finished with value: 0.13048313558101654 and parameters: {'hidden_dim': 2347, 'n_layers': 2, 'dropout': 0.2301994325874145, 'depth': 5, 'max_epochs': 151}. Best is trial 3 with value: 0.13048313558101654.
GPU available: True (cuda), used: True
TPU available: False, using: 0 TPU cores
IPU available: False, using: 0 IPUs
HPU available: False, using: 0 HPUs
LOCAL_RANK: 0 - CUDA_VISIBLE_DEVICES: [GPU-b72b8c0d-1f71-551f-8762-96059ca70389]
Loading `train_dataloader` to estimate number of stepping batches.

  | Name            | Type                         | Params
-----------------------------------------------------------------
0 | message_passing | MulticomponentMessagePassing | 455 K 
1 | agg             | MeanAggregation              | 0     
2 | bn              | BatchNorm1d                  | 1.2 K 
3 | predictor       | RegressionFFN                | 1.3 M 
4 | X_d_transform   | Identity                     | 0     
-----------------------------------------------------------------
1.7 M     Trainable params
0         Non-trainable params
1.7 M     Total params
6.911     Total estimated model params size (MB)
`Trainer.fit` stopped: `max_epochs=128` reached.
[I 2024-05-03 23:19:54,278] Trial 4 finished with value: 0.34365105628967285 and parameters: {'hidden_dim': 658, 'n_layers': 3, 'dropout': 0.3935900995183268, 'depth': 2, 'max_epochs': 128}. Best is trial 3 with value: 0.13048313558101654.
GPU available: True (cuda), used: True
TPU available: False, using: 0 TPU cores
IPU available: False, using: 0 IPUs
HPU available: False, using: 0 HPUs
LOCAL_RANK: 0 - CUDA_VISIBLE_DEVICES: [GPU-b72b8c0d-1f71-551f-8762-96059ca70389]
Loading `train_dataloader` to estimate number of stepping batches.

  | Name            | Type                         | Params
-----------------------------------------------------------------
0 | message_passing | MulticomponentMessagePassing | 455 K 
1 | agg             | MeanAggregation              | 0     
2 | bn              | BatchNorm1d                  | 1.2 K 
3 | predictor       | RegressionFFN                | 12.8 M
4 | X_d_transform   | Identity                     | 0     
-----------------------------------------------------------------
13.3 M    Trainable params
0         Non-trainable params
13.3 M    Total params
53.209    Total estimated model params size (MB)
`Trainer.fit` stopped: `max_epochs=118` reached.
[I 2024-05-03 23:22:51,270] Trial 5 finished with value: 0.13534076511859894 and parameters: {'hidden_dim': 2385, 'n_layers': 3, 'dropout': 0.022768203366039776, 'depth': 3, 'max_epochs': 118}. Best is trial 3 with value: 0.13048313558101654.
GPU available: True (cuda), used: True
TPU available: False, using: 0 TPU cores
IPU available: False, using: 0 IPUs
HPU available: False, using: 0 HPUs
LOCAL_RANK: 0 - CUDA_VISIBLE_DEVICES: [GPU-b72b8c0d-1f71-551f-8762-96059ca70389]
Loading `train_dataloader` to estimate number of stepping batches.

  | Name            | Type                         | Params
-----------------------------------------------------------------
0 | message_passing | MulticomponentMessagePassing | 455 K 
1 | agg             | MeanAggregation              | 0     
2 | bn              | BatchNorm1d                  | 1.2 K 
3 | predictor       | RegressionFFN                | 552 K 
4 | X_d_transform   | Identity                     | 0     
-----------------------------------------------------------------
1.0 M     Trainable params
0         Non-trainable params
1.0 M     Total params
4.037     Total estimated model params size (MB)
`Trainer.fit` stopped: `max_epochs=155` reached.
[I 2024-05-03 23:26:09,173] Trial 6 finished with value: 0.13331839442253113 and parameters: {'hidden_dim': 900, 'n_layers': 1, 'dropout': 0.0551408223172114, 'depth': 5, 'max_epochs': 155}. Best is trial 3 with value: 0.13048313558101654.
GPU available: True (cuda), used: True
TPU available: False, using: 0 TPU cores
IPU available: False, using: 0 IPUs
HPU available: False, using: 0 HPUs
LOCAL_RANK: 0 - CUDA_VISIBLE_DEVICES: [GPU-b72b8c0d-1f71-551f-8762-96059ca70389]
Loading `train_dataloader` to estimate number of stepping batches.

  | Name            | Type                         | Params
-----------------------------------------------------------------
0 | message_passing | MulticomponentMessagePassing | 455 K 
1 | agg             | MeanAggregation              | 0     
2 | bn              | BatchNorm1d                  | 1.2 K 
3 | predictor       | RegressionFFN                | 7.0 M 
4 | X_d_transform   | Identity                     | 0     
-----------------------------------------------------------------
7.5 M     Trainable params
0         Non-trainable params
7.5 M     Total params
29.974    Total estimated model params size (MB)
`Trainer.fit` stopped: `max_epochs=69` reached.
[I 2024-05-03 23:27:44,863] Trial 7 finished with value: 0.1668134331703186 and parameters: {'hidden_dim': 2363, 'n_layers': 2, 'dropout': 0.32541941827841037, 'depth': 4, 'max_epochs': 69}. Best is trial 3 with value: 0.13048313558101654.
GPU available: True (cuda), used: True
TPU available: False, using: 0 TPU cores
IPU available: False, using: 0 IPUs
HPU available: False, using: 0 HPUs
LOCAL_RANK: 0 - CUDA_VISIBLE_DEVICES: [GPU-b72b8c0d-1f71-551f-8762-96059ca70389]
Loading `train_dataloader` to estimate number of stepping batches.

  | Name            | Type                         | Params
-----------------------------------------------------------------
0 | message_passing | MulticomponentMessagePassing | 455 K 
1 | agg             | MeanAggregation              | 0     
2 | bn              | BatchNorm1d                  | 1.2 K 
3 | predictor       | RegressionFFN                | 456 K 
4 | X_d_transform   | Identity                     | 0     
-----------------------------------------------------------------
913 K     Trainable params
0         Non-trainable params
913 K     Total params
3.654     Total estimated model params size (MB)
`Trainer.fit` stopped: `max_epochs=130` reached.
[I 2024-05-03 23:30:25,932] Trial 8 finished with value: 0.14778612554073334 and parameters: {'hidden_dim': 744, 'n_layers': 1, 'dropout': 0.3771816818535141, 'depth': 2, 'max_epochs': 130}. Best is trial 3 with value: 0.13048313558101654.
GPU available: True (cuda), used: True
TPU available: False, using: 0 TPU cores
IPU available: False, using: 0 IPUs
HPU available: False, using: 0 HPUs
LOCAL_RANK: 0 - CUDA_VISIBLE_DEVICES: [GPU-b72b8c0d-1f71-551f-8762-96059ca70389]
Loading `train_dataloader` to estimate number of stepping batches.

  | Name            | Type                         | Params
-----------------------------------------------------------------
0 | message_passing | MulticomponentMessagePassing | 455 K 
1 | agg             | MeanAggregation              | 0     
2 | bn              | BatchNorm1d                  | 1.2 K 
3 | predictor       | RegressionFFN                | 6.8 M 
4 | X_d_transform   | Identity                     | 0     
-----------------------------------------------------------------
7.3 M     Trainable params
0         Non-trainable params
7.3 M     Total params
29.189    Total estimated model params size (MB)
`Trainer.fit` stopped: `max_epochs=105` reached.
[I 2024-05-03 23:33:16,138] Trial 9 finished with value: 0.1442062109708786 and parameters: {'hidden_dim': 2326, 'n_layers': 2, 'dropout': 0.2604473170988286, 'depth': 6, 'max_epochs': 105}. Best is trial 3 with value: 0.13048313558101654.
GPU available: True (cuda), used: True
TPU available: False, using: 0 TPU cores
IPU available: False, using: 0 IPUs
HPU available: False, using: 0 HPUs
LOCAL_RANK: 0 - CUDA_VISIBLE_DEVICES: [GPU-b72b8c0d-1f71-551f-8762-96059ca70389]
Loading `train_dataloader` to estimate number of stepping batches.

  | Name            | Type                         | Params
-----------------------------------------------------------------
0 | message_passing | MulticomponentMessagePassing | 455 K 
1 | agg             | MeanAggregation              | 0     
2 | bn              | BatchNorm1d                  | 1.2 K 
3 | predictor       | RegressionFFN                | 4.1 M 
4 | X_d_transform   | Identity                     | 0     
-----------------------------------------------------------------
4.6 M     Trainable params
0         Non-trainable params
4.6 M     Total params
18.234    Total estimated model params size (MB)
`Trainer.fit` stopped: `max_epochs=197` reached.
[I 2024-05-03 23:37:54,805] Trial 10 finished with value: 0.14335210621356964 and parameters: {'hidden_dim': 1741, 'n_layers': 2, 'dropout': 0.17426760416129816, 'depth': 6, 'max_epochs': 197}. Best is trial 3 with value: 0.13048313558101654.
GPU available: True (cuda), used: True
TPU available: False, using: 0 TPU cores
IPU available: False, using: 0 IPUs
HPU available: False, using: 0 HPUs
LOCAL_RANK: 0 - CUDA_VISIBLE_DEVICES: [GPU-b72b8c0d-1f71-551f-8762-96059ca70389]
Loading `train_dataloader` to estimate number of stepping batches.

  | Name            | Type                         | Params
-----------------------------------------------------------------
0 | message_passing | MulticomponentMessagePassing | 455 K 
1 | agg             | MeanAggregation              | 0     
2 | bn              | BatchNorm1d                  | 1.2 K 
3 | predictor       | RegressionFFN                | 240 K 
4 | X_d_transform   | Identity                     | 0     
-----------------------------------------------------------------
697 K     Trainable params
0         Non-trainable params
697 K     Total params
2.789     Total estimated model params size (MB)
`Trainer.fit` stopped: `max_epochs=173` reached.
[I 2024-05-03 23:41:34,893] Trial 11 finished with value: 0.14264872670173645 and parameters: {'hidden_dim': 392, 'n_layers': 1, 'dropout': 0.20202850593524313, 'depth': 5, 'max_epochs': 173}. Best is trial 3 with value: 0.13048313558101654.
GPU available: True (cuda), used: True
TPU available: False, using: 0 TPU cores
IPU available: False, using: 0 IPUs
HPU available: False, using: 0 HPUs
LOCAL_RANK: 0 - CUDA_VISIBLE_DEVICES: [GPU-b72b8c0d-1f71-551f-8762-96059ca70389]
Loading `train_dataloader` to estimate number of stepping batches.

  | Name            | Type                         | Params
-----------------------------------------------------------------
0 | message_passing | MulticomponentMessagePassing | 455 K 
1 | agg             | MeanAggregation              | 0     
2 | bn              | BatchNorm1d                  | 1.2 K 
3 | predictor       | RegressionFFN                | 96.9 K
4 | X_d_transform   | Identity                     | 0     
-----------------------------------------------------------------
553 K     Trainable params
0         Non-trainable params
553 K     Total params
2.214     Total estimated model params size (MB)
`Trainer.fit` stopped: `max_epochs=158` reached.
[I 2024-05-03 23:44:54,377] Trial 12 finished with value: 0.22045792639255524 and parameters: {'hidden_dim': 130, 'n_layers': 2, 'dropout': 0.21098897606539008, 'depth': 5, 'max_epochs': 158}. Best is trial 3 with value: 0.13048313558101654.
GPU available: True (cuda), used: True
TPU available: False, using: 0 TPU cores
IPU available: False, using: 0 IPUs
HPU available: False, using: 0 HPUs
LOCAL_RANK: 0 - CUDA_VISIBLE_DEVICES: [GPU-b72b8c0d-1f71-551f-8762-96059ca70389]
Loading `train_dataloader` to estimate number of stepping batches.

  | Name            | Type                         | Params
-----------------------------------------------------------------
0 | message_passing | MulticomponentMessagePassing | 455 K 
1 | agg             | MeanAggregation              | 0     
2 | bn              | BatchNorm1d                  | 1.2 K 
3 | predictor       | RegressionFFN                | 818 K 
4 | X_d_transform   | Identity                     | 0     
-----------------------------------------------------------------
1.3 M     Trainable params
0         Non-trainable params
1.3 M     Total params
5.100     Total estimated model params size (MB)
`Trainer.fit` stopped: `max_epochs=178` reached.
[I 2024-05-03 23:48:34,231] Trial 13 finished with value: 0.13887329399585724 and parameters: {'hidden_dim': 1333, 'n_layers': 1, 'dropout': 0.12452953148664792, 'depth': 4, 'max_epochs': 178}. Best is trial 3 with value: 0.13048313558101654.
GPU available: True (cuda), used: True
TPU available: False, using: 0 TPU cores
IPU available: False, using: 0 IPUs
HPU available: False, using: 0 HPUs
LOCAL_RANK: 0 - CUDA_VISIBLE_DEVICES: [GPU-b72b8c0d-1f71-551f-8762-96059ca70389]
Loading `train_dataloader` to estimate number of stepping batches.

  | Name            | Type                         | Params
-----------------------------------------------------------------
0 | message_passing | MulticomponentMessagePassing | 455 K 
1 | agg             | MeanAggregation              | 0     
2 | bn              | BatchNorm1d                  | 1.2 K 
3 | predictor       | RegressionFFN                | 1.1 M 
4 | X_d_transform   | Identity                     | 0     
-----------------------------------------------------------------
1.6 M     Trainable params
0         Non-trainable params
1.6 M     Total params
6.343     Total estimated model params size (MB)
`Trainer.fit` stopped: `max_epochs=151` reached.
[I 2024-05-03 23:51:41,549] Trial 14 finished with value: 0.14028237760066986 and parameters: {'hidden_dim': 1839, 'n_layers': 1, 'dropout': 0.004917364411987604, 'depth': 4, 'max_epochs': 151}. Best is trial 3 with value: 0.13048313558101654.
GPU available: True (cuda), used: True
TPU available: False, using: 0 TPU cores
IPU available: False, using: 0 IPUs
HPU available: False, using: 0 HPUs
LOCAL_RANK: 0 - CUDA_VISIBLE_DEVICES: [GPU-b72b8c0d-1f71-551f-8762-96059ca70389]
Loading `train_dataloader` to estimate number of stepping batches.

  | Name            | Type                         | Params
-----------------------------------------------------------------
0 | message_passing | MulticomponentMessagePassing | 455 K 
1 | agg             | MeanAggregation              | 0     
2 | bn              | BatchNorm1d                  | 1.2 K 
3 | predictor       | RegressionFFN                | 1.6 M 
4 | X_d_transform   | Identity                     | 0     
-----------------------------------------------------------------
2.1 M     Trainable params
0         Non-trainable params
2.1 M     Total params
8.391     Total estimated model params size (MB)
`Trainer.fit` stopped: `max_epochs=200` reached.
