[I 2024-05-04 06:23:28,272] Trial 123 finished with value: 0.1326237916946411 and parameters: {'hidden_dim': 1969, 'n_layers': 2, 'dropout': 0.00947041657615217, 'depth': 6, 'max_epochs': 171}. Best is trial 22 with value: 0.12821868062019348.
GPU available: True (cuda), used: True
TPU available: False, using: 0 TPU cores
IPU available: False, using: 0 IPUs
HPU available: False, using: 0 HPUs
LOCAL_RANK: 0 - CUDA_VISIBLE_DEVICES: [GPU-b72b8c0d-1f71-551f-8762-96059ca70389]
Loading `train_dataloader` to estimate number of stepping batches.

  | Name            | Type                         | Params
-----------------------------------------------------------------
0 | message_passing | MulticomponentMessagePassing | 455 K 
1 | agg             | MeanAggregation              | 0     
2 | bn              | BatchNorm1d                  | 1.2 K 
3 | predictor       | RegressionFFN                | 5.0 M 
4 | X_d_transform   | Identity                     | 0     
-----------------------------------------------------------------
5.4 M     Trainable params
0         Non-trainable params
5.4 M     Total params
21.797    Total estimated model params size (MB)
`Trainer.fit` stopped: `max_epochs=167` reached.
[I 2024-05-04 06:27:31,254] Trial 124 finished with value: 0.12895190715789795 and parameters: {'hidden_dim': 1948, 'n_layers': 2, 'dropout': 0.017836391308017178, 'depth': 6, 'max_epochs': 167}. Best is trial 22 with value: 0.12821868062019348.
GPU available: True (cuda), used: True
TPU available: False, using: 0 TPU cores
IPU available: False, using: 0 IPUs
HPU available: False, using: 0 HPUs
LOCAL_RANK: 0 - CUDA_VISIBLE_DEVICES: [GPU-b72b8c0d-1f71-551f-8762-96059ca70389]
Loading `train_dataloader` to estimate number of stepping batches.

  | Name            | Type                         | Params
-----------------------------------------------------------------
0 | message_passing | MulticomponentMessagePassing | 455 K 
1 | agg             | MeanAggregation              | 0     
2 | bn              | BatchNorm1d                  | 1.2 K 
3 | predictor       | RegressionFFN                | 4.3 M 
4 | X_d_transform   | Identity                     | 0     
-----------------------------------------------------------------
4.8 M     Trainable params
0         Non-trainable params
4.8 M     Total params
19.214    Total estimated model params size (MB)
`Trainer.fit` stopped: `max_epochs=177` reached.
[I 2024-05-04 06:31:53,681] Trial 125 finished with value: 0.1269054263830185 and parameters: {'hidden_dim': 1800, 'n_layers': 2, 'dropout': 0.015452166590427124, 'depth': 6, 'max_epochs': 177}. Best is trial 125 with value: 0.1269054263830185.
GPU available: True (cuda), used: True
TPU available: False, using: 0 TPU cores
IPU available: False, using: 0 IPUs
HPU available: False, using: 0 HPUs
LOCAL_RANK: 0 - CUDA_VISIBLE_DEVICES: [GPU-b72b8c0d-1f71-551f-8762-96059ca70389]
Loading `train_dataloader` to estimate number of stepping batches.

  | Name            | Type                         | Params
-----------------------------------------------------------------
0 | message_passing | MulticomponentMessagePassing | 455 K 
1 | agg             | MeanAggregation              | 0     
2 | bn              | BatchNorm1d                  | 1.2 K 
3 | predictor       | RegressionFFN                | 4.7 M 
4 | X_d_transform   | Identity                     | 0     
-----------------------------------------------------------------
5.2 M     Trainable params
0         Non-trainable params
5.2 M     Total params
20.729    Total estimated model params size (MB)
`Trainer.fit` stopped: `max_epochs=167` reached.
[I 2024-05-04 06:35:58,203] Trial 126 finished with value: 0.1266968995332718 and parameters: {'hidden_dim': 1888, 'n_layers': 2, 'dropout': 0.011766645381831519, 'depth': 6, 'max_epochs': 167}. Best is trial 126 with value: 0.1266968995332718.
GPU available: True (cuda), used: True
TPU available: False, using: 0 TPU cores
IPU available: False, using: 0 IPUs
HPU available: False, using: 0 HPUs
LOCAL_RANK: 0 - CUDA_VISIBLE_DEVICES: [GPU-b72b8c0d-1f71-551f-8762-96059ca70389]
Loading `train_dataloader` to estimate number of stepping batches.

  | Name            | Type                         | Params
-----------------------------------------------------------------
0 | message_passing | MulticomponentMessagePassing | 455 K 
1 | agg             | MeanAggregation              | 0     
2 | bn              | BatchNorm1d                  | 1.2 K 
3 | predictor       | RegressionFFN                | 4.4 M 
4 | X_d_transform   | Identity                     | 0     
-----------------------------------------------------------------
4.8 M     Trainable params
0         Non-trainable params
4.8 M     Total params
19.248    Total estimated model params size (MB)
`Trainer.fit` stopped: `max_epochs=167` reached.
[I 2024-05-04 06:39:58,074] Trial 127 finished with value: 0.13391682505607605 and parameters: {'hidden_dim': 1802, 'n_layers': 2, 'dropout': 0.016435544955922456, 'depth': 3, 'max_epochs': 167}. Best is trial 126 with value: 0.1266968995332718.
GPU available: True (cuda), used: True
TPU available: False, using: 0 TPU cores
IPU available: False, using: 0 IPUs
HPU available: False, using: 0 HPUs
LOCAL_RANK: 0 - CUDA_VISIBLE_DEVICES: [GPU-b72b8c0d-1f71-551f-8762-96059ca70389]
Loading `train_dataloader` to estimate number of stepping batches.

  | Name            | Type                         | Params
-----------------------------------------------------------------
0 | message_passing | MulticomponentMessagePassing | 455 K 
1 | agg             | MeanAggregation              | 0     
2 | bn              | BatchNorm1d                  | 1.2 K 
3 | predictor       | RegressionFFN                | 4.8 M 
4 | X_d_transform   | Identity                     | 0     
-----------------------------------------------------------------
5.3 M     Trainable params
0         Non-trainable params
5.3 M     Total params
21.082    Total estimated model params size (MB)
`Trainer.fit` stopped: `max_epochs=175` reached.
[I 2024-05-04 06:44:32,752] Trial 128 finished with value: 0.1287844479084015 and parameters: {'hidden_dim': 1908, 'n_layers': 2, 'dropout': 0.005552133967040315, 'depth': 6, 'max_epochs': 175}. Best is trial 126 with value: 0.1266968995332718.
GPU available: True (cuda), used: True
TPU available: False, using: 0 TPU cores
IPU available: False, using: 0 IPUs
HPU available: False, using: 0 HPUs
LOCAL_RANK: 0 - CUDA_VISIBLE_DEVICES: [GPU-b72b8c0d-1f71-551f-8762-96059ca70389]
Loading `train_dataloader` to estimate number of stepping batches.

  | Name            | Type                         | Params
-----------------------------------------------------------------
0 | message_passing | MulticomponentMessagePassing | 455 K 
1 | agg             | MeanAggregation              | 0     
2 | bn              | BatchNorm1d                  | 1.2 K 
3 | predictor       | RegressionFFN                | 4.8 M 
4 | X_d_transform   | Identity                     | 0     
-----------------------------------------------------------------
5.3 M     Trainable params
0         Non-trainable params
5.3 M     Total params
21.171    Total estimated model params size (MB)
`Trainer.fit` stopped: `max_epochs=177` reached.
[I 2024-05-04 06:48:49,752] Trial 129 finished with value: 0.13069389760494232 and parameters: {'hidden_dim': 1913, 'n_layers': 2, 'dropout': 0.0009211172630805616, 'depth': 6, 'max_epochs': 177}. Best is trial 126 with value: 0.1266968995332718.
GPU available: True (cuda), used: True
TPU available: False, using: 0 TPU cores
IPU available: False, using: 0 IPUs
HPU available: False, using: 0 HPUs
LOCAL_RANK: 0 - CUDA_VISIBLE_DEVICES: [GPU-b72b8c0d-1f71-551f-8762-96059ca70389]
Loading `train_dataloader` to estimate number of stepping batches.

  | Name            | Type                         | Params
-----------------------------------------------------------------
0 | message_passing | MulticomponentMessagePassing | 455 K 
1 | agg             | MeanAggregation              | 0     
2 | bn              | BatchNorm1d                  | 1.2 K 
3 | predictor       | RegressionFFN                | 4.8 M 
4 | X_d_transform   | Identity                     | 0     
-----------------------------------------------------------------
5.3 M     Trainable params
0         Non-trainable params
5.3 M     Total params
21.100    Total estimated model params size (MB)
`Trainer.fit` stopped: `max_epochs=177` reached.
[I 2024-05-04 06:53:30,946] Trial 130 finished with value: 0.13611187040805817 and parameters: {'hidden_dim': 1909, 'n_layers': 2, 'dropout': 0.03021640309672691, 'depth': 6, 'max_epochs': 177}. Best is trial 126 with value: 0.1266968995332718.
GPU available: True (cuda), used: True
TPU available: False, using: 0 TPU cores
IPU available: False, using: 0 IPUs
HPU available: False, using: 0 HPUs
LOCAL_RANK: 0 - CUDA_VISIBLE_DEVICES: [GPU-b72b8c0d-1f71-551f-8762-96059ca70389]
Loading `train_dataloader` to estimate number of stepping batches.

  | Name            | Type                         | Params
-----------------------------------------------------------------
0 | message_passing | MulticomponentMessagePassing | 455 K 
1 | agg             | MeanAggregation              | 0     
2 | bn              | BatchNorm1d                  | 1.2 K 
3 | predictor       | RegressionFFN                | 4.7 M 
4 | X_d_transform   | Identity                     | 0     
-----------------------------------------------------------------
5.2 M     Trainable params
0         Non-trainable params
5.2 M     Total params
20.659    Total estimated model params size (MB)
`Trainer.fit` stopped: `max_epochs=173` reached.
[I 2024-05-04 06:57:54,433] Trial 131 finished with value: 0.12967714667320251 and parameters: {'hidden_dim': 1884, 'n_layers': 2, 'dropout': 0.004312428543950926, 'depth': 6, 'max_epochs': 173}. Best is trial 126 with value: 0.1266968995332718.
GPU available: True (cuda), used: True
TPU available: False, using: 0 TPU cores
IPU available: False, using: 0 IPUs
HPU available: False, using: 0 HPUs
LOCAL_RANK: 0 - CUDA_VISIBLE_DEVICES: [GPU-b72b8c0d-1f71-551f-8762-96059ca70389]
Loading `train_dataloader` to estimate number of stepping batches.

  | Name            | Type                         | Params
-----------------------------------------------------------------
0 | message_passing | MulticomponentMessagePassing | 455 K 
1 | agg             | MeanAggregation              | 0     
2 | bn              | BatchNorm1d                  | 1.2 K 
3 | predictor       | RegressionFFN                | 4.6 M 
4 | X_d_transform   | Identity                     | 0     
-----------------------------------------------------------------
5.1 M     Trainable params
0         Non-trainable params
5.1 M     Total params
20.379    Total estimated model params size (MB)
`Trainer.fit` stopped: `max_epochs=185` reached.
[I 2024-05-04 07:02:37,484] Trial 132 finished with value: 0.12871778011322021 and parameters: {'hidden_dim': 1868, 'n_layers': 2, 'dropout': 0.002704342155102412, 'depth': 6, 'max_epochs': 185}. Best is trial 126 with value: 0.1266968995332718.
GPU available: True (cuda), used: True
TPU available: False, using: 0 TPU cores
IPU available: False, using: 0 IPUs
HPU available: False, using: 0 HPUs
LOCAL_RANK: 0 - CUDA_VISIBLE_DEVICES: [GPU-b72b8c0d-1f71-551f-8762-96059ca70389]
Loading `train_dataloader` to estimate number of stepping batches.

  | Name            | Type                         | Params
-----------------------------------------------------------------
0 | message_passing | MulticomponentMessagePassing | 455 K 
1 | agg             | MeanAggregation              | 0     
2 | bn              | BatchNorm1d                  | 1.2 K 
3 | predictor       | RegressionFFN                | 4.6 M 
4 | X_d_transform   | Identity                     | 0     
-----------------------------------------------------------------
5.1 M     Trainable params
0         Non-trainable params
5.1 M     Total params
20.379    Total estimated model params size (MB)
`Trainer.fit` stopped: `max_epochs=192` reached.
[I 2024-05-04 07:07:20,075] Trial 133 finished with value: 0.14324428141117096 and parameters: {'hidden_dim': 1868, 'n_layers': 2, 'dropout': 0.000644496219690534, 'depth': 6, 'max_epochs': 192}. Best is trial 126 with value: 0.1266968995332718.
GPU available: True (cuda), used: True
TPU available: False, using: 0 TPU cores
IPU available: False, using: 0 IPUs
HPU available: False, using: 0 HPUs
LOCAL_RANK: 0 - CUDA_VISIBLE_DEVICES: [GPU-b72b8c0d-1f71-551f-8762-96059ca70389]
Loading `train_dataloader` to estimate number of stepping batches.

  | Name            | Type                         | Params
-----------------------------------------------------------------
0 | message_passing | MulticomponentMessagePassing | 455 K 
1 | agg             | MeanAggregation              | 0     
2 | bn              | BatchNorm1d                  | 1.2 K 
3 | predictor       | RegressionFFN                | 4.1 M 
4 | X_d_transform   | Identity                     | 0     
-----------------------------------------------------------------
4.6 M     Trainable params
0         Non-trainable params
4.6 M     Total params
18.414    Total estimated model params size (MB)
`Trainer.fit` stopped: `max_epochs=188` reached.
[I 2024-05-04 07:11:46,506] Trial 134 finished with value: 0.13327954709529877 and parameters: {'hidden_dim': 1752, 'n_layers': 2, 'dropout': 0.007240147000718658, 'depth': 6, 'max_epochs': 188}. Best is trial 126 with value: 0.1266968995332718.
GPU available: True (cuda), used: True
TPU available: False, using: 0 TPU cores
IPU available: False, using: 0 IPUs
HPU available: False, using: 0 HPUs
LOCAL_RANK: 0 - CUDA_VISIBLE_DEVICES: [GPU-b72b8c0d-1f71-551f-8762-96059ca70389]
Loading `train_dataloader` to estimate number of stepping batches.

  | Name            | Type                         | Params
-----------------------------------------------------------------
0 | message_passing | MulticomponentMessagePassing | 455 K 
1 | agg             | MeanAggregation              | 0     
2 | bn              | BatchNorm1d                  | 1.2 K 
3 | predictor       | RegressionFFN                | 4.9 M 
4 | X_d_transform   | Identity                     | 0     
-----------------------------------------------------------------
5.4 M     Trainable params
0         Non-trainable params
5.4 M     Total params
21.545    Total estimated model params size (MB)
`Trainer.fit` stopped: `max_epochs=184` reached.
[I 2024-05-04 07:16:46,840] Trial 135 finished with value: 0.13500940799713135 and parameters: {'hidden_dim': 1934, 'n_layers': 2, 'dropout': 0.01954678608801645, 'depth': 6, 'max_epochs': 184}. Best is trial 126 with value: 0.1266968995332718.
GPU available: True (cuda), used: True
TPU available: False, using: 0 TPU cores
IPU available: False, using: 0 IPUs
HPU available: False, using: 0 HPUs
LOCAL_RANK: 0 - CUDA_VISIBLE_DEVICES: [GPU-b72b8c0d-1f71-551f-8762-96059ca70389]
Loading `train_dataloader` to estimate number of stepping batches.

  | Name            | Type                         | Params
-----------------------------------------------------------------
0 | message_passing | MulticomponentMessagePassing | 455 K 
1 | agg             | MeanAggregation              | 0     
2 | bn              | BatchNorm1d                  | 1.2 K 
3 | predictor       | RegressionFFN                | 4.4 M 
4 | X_d_transform   | Identity                     | 0     
-----------------------------------------------------------------
4.9 M     Trainable params
0         Non-trainable params
4.9 M     Total params
19.485    Total estimated model params size (MB)
`Trainer.fit` stopped: `max_epochs=198` reached.
[I 2024-05-04 07:21:53,912] Trial 136 finished with value: 0.13363949954509735 and parameters: {'hidden_dim': 1816, 'n_layers': 2, 'dropout': 0.00685241370149028, 'depth': 6, 'max_epochs': 198}. Best is trial 126 with value: 0.1266968995332718.
GPU available: True (cuda), used: True
TPU available: False, using: 0 TPU cores
IPU available: False, using: 0 IPUs
HPU available: False, using: 0 HPUs
LOCAL_RANK: 0 - CUDA_VISIBLE_DEVICES: [GPU-b72b8c0d-1f71-551f-8762-96059ca70389]
Loading `train_dataloader` to estimate number of stepping batches.

  | Name            | Type                         | Params
-----------------------------------------------------------------
0 | message_passing | MulticomponentMessagePassing | 455 K 
1 | agg             | MeanAggregation              | 0     
2 | bn              | BatchNorm1d                  | 1.2 K 
3 | predictor       | RegressionFFN                | 4.8 M 
4 | X_d_transform   | Identity                     | 0     
-----------------------------------------------------------------
5.3 M     Trainable params
0         Non-trainable params
5.3 M     Total params
21.029    Total estimated model params size (MB)
`Trainer.fit` stopped: `max_epochs=179` reached.
[I 2024-05-04 07:26:46,739] Trial 137 finished with value: 0.14101643860340118 and parameters: {'hidden_dim': 1905, 'n_layers': 2, 'dropout': 0.021426429565042697, 'depth': 6, 'max_epochs': 179}. Best is trial 126 with value: 0.1266968995332718.
GPU available: True (cuda), used: True
TPU available: False, using: 0 TPU cores
IPU available: False, using: 0 IPUs
HPU available: False, using: 0 HPUs
LOCAL_RANK: 0 - CUDA_VISIBLE_DEVICES: [GPU-b72b8c0d-1f71-551f-8762-96059ca70389]
Loading `train_dataloader` to estimate number of stepping batches.

  | Name            | Type                         | Params
-----------------------------------------------------------------
0 | message_passing | MulticomponentMessagePassing | 455 K 
1 | agg             | MeanAggregation              | 0     
2 | bn              | BatchNorm1d                  | 1.2 K 
3 | predictor       | RegressionFFN                | 4.5 M 
4 | X_d_transform   | Identity                     | 0     
-----------------------------------------------------------------
5.0 M     Trainable params
0         Non-trainable params
5.0 M     Total params
19.809    Total estimated model params size (MB)
`Trainer.fit` stopped: `max_epochs=175` reached.
[I 2024-05-04 07:31:07,433] Trial 138 finished with value: 0.134449765086174 and parameters: {'hidden_dim': 1835, 'n_layers': 2, 'dropout': 0.03591576479718123, 'depth': 6, 'max_epochs': 175}. Best is trial 126 with value: 0.1266968995332718.
GPU available: True (cuda), used: True
TPU available: False, using: 0 TPU cores
IPU available: False, using: 0 IPUs
HPU available: False, using: 0 HPUs
LOCAL_RANK: 0 - CUDA_VISIBLE_DEVICES: [GPU-b72b8c0d-1f71-551f-8762-96059ca70389]
Loading `train_dataloader` to estimate number of stepping batches.

  | Name            | Type                         | Params
-----------------------------------------------------------------
0 | message_passing | MulticomponentMessagePassing | 455 K 
1 | agg             | MeanAggregation              | 0     
2 | bn              | BatchNorm1d                  | 1.2 K 
3 | predictor       | RegressionFFN                | 4.2 M 
4 | X_d_transform   | Identity                     | 0     
-----------------------------------------------------------------
4.6 M     Trainable params
0         Non-trainable params
4.6 M     Total params
18.480    Total estimated model params size (MB)
`Trainer.fit` stopped: `max_epochs=186` reached.
[I 2024-05-04 07:35:41,556] Trial 139 finished with value: 0.1325533539056778 and parameters: {'hidden_dim': 1756, 'n_layers': 2, 'dropout': 0.013217466867979507, 'depth': 6, 'max_epochs': 186}. Best is trial 126 with value: 0.1266968995332718.
GPU available: True (cuda), used: True
TPU available: False, using: 0 TPU cores
IPU available: False, using: 0 IPUs
HPU available: False, using: 0 HPUs
LOCAL_RANK: 0 - CUDA_VISIBLE_DEVICES: [GPU-b72b8c0d-1f71-551f-8762-96059ca70389]
Loading `train_dataloader` to estimate number of stepping batches.

  | Name            | Type                         | Params
-----------------------------------------------------------------
0 | message_passing | MulticomponentMessagePassing | 455 K 
1 | agg             | MeanAggregation              | 0     
2 | bn              | BatchNorm1d                  | 1.2 K 
3 | predictor       | RegressionFFN                | 5.1 M 
4 | X_d_transform   | Identity                     | 0     
-----------------------------------------------------------------
5.6 M     Trainable params
0         Non-trainable params
5.6 M     Total params
22.214    Total estimated model params size (MB)
`Trainer.fit` stopped: `max_epochs=171` reached.
[I 2024-05-04 07:40:00,339] Trial 140 finished with value: 0.13229860365390778 and parameters: {'hidden_dim': 1971, 'n_layers': 2, 'dropout': 0.002102749469194108, 'depth': 6, 'max_epochs': 171}. Best is trial 126 with value: 0.1266968995332718.
GPU available: True (cuda), used: True
TPU available: False, using: 0 TPU cores
IPU available: False, using: 0 IPUs
HPU available: False, using: 0 HPUs
LOCAL_RANK: 0 - CUDA_VISIBLE_DEVICES: [GPU-b72b8c0d-1f71-551f-8762-96059ca70389]
Loading `train_dataloader` to estimate number of stepping batches.

  | Name            | Type                         | Params
-----------------------------------------------------------------
0 | message_passing | MulticomponentMessagePassing | 455 K 
1 | agg             | MeanAggregation              | 0     
2 | bn              | BatchNorm1d                  | 1.2 K 
3 | predictor       | RegressionFFN                | 5.2 M 
4 | X_d_transform   | Identity                     | 0     
-----------------------------------------------------------------
5.7 M     Trainable params
0         Non-trainable params
5.7 M     Total params
22.636    Total estimated model params size (MB)
`Trainer.fit` stopped: `max_epochs=168` reached.
