[I 2024-05-04 01:02:51,044] Trial 33 finished with value: 0.3041779696941376 and parameters: {'hidden_dim': 2246, 'n_layers': 3, 'dropout': 0.3145037155976659, 'depth': 5, 'max_epochs': 190}. Best is trial 22 with value: 0.12821868062019348.
GPU available: True (cuda), used: True
TPU available: False, using: 0 TPU cores
IPU available: False, using: 0 IPUs
HPU available: False, using: 0 HPUs
LOCAL_RANK: 0 - CUDA_VISIBLE_DEVICES: [GPU-b72b8c0d-1f71-551f-8762-96059ca70389]
Loading `train_dataloader` to estimate number of stepping batches.

  | Name            | Type                         | Params
-----------------------------------------------------------------
0 | message_passing | MulticomponentMessagePassing | 455 K 
1 | agg             | MeanAggregation              | 0     
2 | bn              | BatchNorm1d                  | 1.2 K 
3 | predictor       | RegressionFFN                | 3.6 M 
4 | X_d_transform   | Identity                     | 0     
-----------------------------------------------------------------
4.1 M     Trainable params
0         Non-trainable params
4.1 M     Total params
16.232    Total estimated model params size (MB)
`Trainer.fit` stopped: `max_epochs=147` reached.
[I 2024-05-04 01:06:16,946] Trial 34 finished with value: 0.15254266560077667 and parameters: {'hidden_dim': 1615, 'n_layers': 2, 'dropout': 0.1970412875021901, 'depth': 6, 'max_epochs': 147}. Best is trial 22 with value: 0.12821868062019348.
GPU available: True (cuda), used: True
TPU available: False, using: 0 TPU cores
IPU available: False, using: 0 IPUs
HPU available: False, using: 0 HPUs
LOCAL_RANK: 0 - CUDA_VISIBLE_DEVICES: [GPU-b72b8c0d-1f71-551f-8762-96059ca70389]
Loading `train_dataloader` to estimate number of stepping batches.

  | Name            | Type                         | Params
-----------------------------------------------------------------
0 | message_passing | MulticomponentMessagePassing | 455 K 
1 | agg             | MeanAggregation              | 0     
2 | bn              | BatchNorm1d                  | 1.2 K 
3 | predictor       | RegressionFFN                | 770 K 
4 | X_d_transform   | Identity                     | 0     
-----------------------------------------------------------------
1.2 M     Trainable params
0         Non-trainable params
1.2 M     Total params
4.909     Total estimated model params size (MB)
`Trainer.fit` stopped: `max_epochs=172` reached.
[I 2024-05-04 01:09:39,790] Trial 35 finished with value: 0.14222554862499237 and parameters: {'hidden_dim': 1255, 'n_layers': 1, 'dropout': 0.10142206972851948, 'depth': 3, 'max_epochs': 172}. Best is trial 22 with value: 0.12821868062019348.
GPU available: True (cuda), used: True
TPU available: False, using: 0 TPU cores
IPU available: False, using: 0 IPUs
HPU available: False, using: 0 HPUs
LOCAL_RANK: 0 - CUDA_VISIBLE_DEVICES: [GPU-b72b8c0d-1f71-551f-8762-96059ca70389]
Loading `train_dataloader` to estimate number of stepping batches.

  | Name            | Type                         | Params
-----------------------------------------------------------------
0 | message_passing | MulticomponentMessagePassing | 455 K 
1 | agg             | MeanAggregation              | 0     
2 | bn              | BatchNorm1d                  | 1.2 K 
3 | predictor       | RegressionFFN                | 7.5 M 
4 | X_d_transform   | Identity                     | 0     
-----------------------------------------------------------------
7.9 M     Trainable params
0         Non-trainable params
7.9 M     Total params
31.652    Total estimated model params size (MB)
`Trainer.fit` stopped: `max_epochs=153` reached.
[I 2024-05-04 01:13:22,736] Trial 36 finished with value: 0.18323694169521332 and parameters: {'hidden_dim': 1783, 'n_layers': 3, 'dropout': 0.15177044357540892, 'depth': 5, 'max_epochs': 153}. Best is trial 22 with value: 0.12821868062019348.
GPU available: True (cuda), used: True
TPU available: False, using: 0 TPU cores
IPU available: False, using: 0 IPUs
HPU available: False, using: 0 HPUs
LOCAL_RANK: 0 - CUDA_VISIBLE_DEVICES: [GPU-b72b8c0d-1f71-551f-8762-96059ca70389]
Loading `train_dataloader` to estimate number of stepping batches.

  | Name            | Type                         | Params
-----------------------------------------------------------------
0 | message_passing | MulticomponentMessagePassing | 455 K 
1 | agg             | MeanAggregation              | 0     
2 | bn              | BatchNorm1d                  | 1.2 K 
3 | predictor       | RegressionFFN                | 6.3 M 
4 | X_d_transform   | Identity                     | 0     
-----------------------------------------------------------------
6.8 M     Trainable params
0         Non-trainable params
6.8 M     Total params
27.042    Total estimated model params size (MB)
`Trainer.fit` stopped: `max_epochs=159` reached.
[I 2024-05-04 01:17:18,331] Trial 37 finished with value: 0.14481694996356964 and parameters: {'hidden_dim': 2222, 'n_layers': 2, 'dropout': 0.27465008352330866, 'depth': 6, 'max_epochs': 159}. Best is trial 22 with value: 0.12821868062019348.
GPU available: True (cuda), used: True
TPU available: False, using: 0 TPU cores
IPU available: False, using: 0 IPUs
HPU available: False, using: 0 HPUs
LOCAL_RANK: 0 - CUDA_VISIBLE_DEVICES: [GPU-b72b8c0d-1f71-551f-8762-96059ca70389]
Loading `train_dataloader` to estimate number of stepping batches.

  | Name            | Type                         | Params
-----------------------------------------------------------------
0 | message_passing | MulticomponentMessagePassing | 455 K 
1 | agg             | MeanAggregation              | 0     
2 | bn              | BatchNorm1d                  | 1.2 K 
3 | predictor       | RegressionFFN                | 9.6 M 
4 | X_d_transform   | Identity                     | 0     
-----------------------------------------------------------------
10.1 M    Trainable params
0         Non-trainable params
10.1 M    Total params
40.392    Total estimated model params size (MB)
`Trainer.fit` stopped: `max_epochs=137` reached.
[I 2024-05-04 01:20:59,108] Trial 38 finished with value: 0.295389324426651 and parameters: {'hidden_dim': 2047, 'n_layers': 3, 'dropout': 0.3456041234444662, 'depth': 6, 'max_epochs': 137}. Best is trial 22 with value: 0.12821868062019348.
GPU available: True (cuda), used: True
TPU available: False, using: 0 TPU cores
IPU available: False, using: 0 IPUs
HPU available: False, using: 0 HPUs
LOCAL_RANK: 0 - CUDA_VISIBLE_DEVICES: [GPU-b72b8c0d-1f71-551f-8762-96059ca70389]
Loading `train_dataloader` to estimate number of stepping batches.

  | Name            | Type                         | Params
-----------------------------------------------------------------
0 | message_passing | MulticomponentMessagePassing | 455 K 
1 | agg             | MeanAggregation              | 0     
2 | bn              | BatchNorm1d                  | 1.2 K 
3 | predictor       | RegressionFFN                | 1.4 M 
4 | X_d_transform   | Identity                     | 0     
-----------------------------------------------------------------
1.9 M     Trainable params
0         Non-trainable params
1.9 M     Total params
7.537     Total estimated model params size (MB)
`Trainer.fit` stopped: `max_epochs=125` reached.
[I 2024-05-04 01:23:51,595] Trial 39 finished with value: 0.14953123033046722 and parameters: {'hidden_dim': 2325, 'n_layers': 1, 'dropout': 0.2367478711840523, 'depth': 5, 'max_epochs': 125}. Best is trial 22 with value: 0.12821868062019348.
GPU available: True (cuda), used: True
TPU available: False, using: 0 TPU cores
IPU available: False, using: 0 IPUs
HPU available: False, using: 0 HPUs
LOCAL_RANK: 0 - CUDA_VISIBLE_DEVICES: [GPU-b72b8c0d-1f71-551f-8762-96059ca70389]
Loading `train_dataloader` to estimate number of stepping batches.

  | Name            | Type                         | Params
-----------------------------------------------------------------
0 | message_passing | MulticomponentMessagePassing | 455 K 
1 | agg             | MeanAggregation              | 0     
2 | bn              | BatchNorm1d                  | 1.2 K 
3 | predictor       | RegressionFFN                | 7.2 M 
4 | X_d_transform   | Identity                     | 0     
-----------------------------------------------------------------
7.7 M     Trainable params
0         Non-trainable params
7.7 M     Total params
30.662    Total estimated model params size (MB)
`Trainer.fit` stopped: `max_epochs=184` reached.
[I 2024-05-04 01:27:59,114] Trial 40 finished with value: 0.15823371708393097 and parameters: {'hidden_dim': 2395, 'n_layers': 2, 'dropout': 0.18994658035457496, 'depth': 3, 'max_epochs': 184}. Best is trial 22 with value: 0.12821868062019348.
GPU available: True (cuda), used: True
TPU available: False, using: 0 TPU cores
IPU available: False, using: 0 IPUs
HPU available: False, using: 0 HPUs
LOCAL_RANK: 0 - CUDA_VISIBLE_DEVICES: [GPU-b72b8c0d-1f71-551f-8762-96059ca70389]
Loading `train_dataloader` to estimate number of stepping batches.

  | Name            | Type                         | Params
-----------------------------------------------------------------
0 | message_passing | MulticomponentMessagePassing | 455 K 
1 | agg             | MeanAggregation              | 0     
2 | bn              | BatchNorm1d                  | 1.2 K 
3 | predictor       | RegressionFFN                | 6.5 M 
4 | X_d_transform   | Identity                     | 0     
-----------------------------------------------------------------
7.0 M     Trainable params
0         Non-trainable params
7.0 M     Total params
27.857    Total estimated model params size (MB)
`Trainer.fit` stopped: `max_epochs=165` reached.
[I 2024-05-04 01:32:11,199] Trial 41 finished with value: 0.14559169113636017 and parameters: {'hidden_dim': 2262, 'n_layers': 2, 'dropout': 0.0840832605800788, 'depth': 6, 'max_epochs': 165}. Best is trial 22 with value: 0.12821868062019348.
GPU available: True (cuda), used: True
TPU available: False, using: 0 TPU cores
IPU available: False, using: 0 IPUs
HPU available: False, using: 0 HPUs
LOCAL_RANK: 0 - CUDA_VISIBLE_DEVICES: [GPU-b72b8c0d-1f71-551f-8762-96059ca70389]
Loading `train_dataloader` to estimate number of stepping batches.

  | Name            | Type                         | Params
-----------------------------------------------------------------
0 | message_passing | MulticomponentMessagePassing | 455 K 
1 | agg             | MeanAggregation              | 0     
2 | bn              | BatchNorm1d                  | 1.2 K 
3 | predictor       | RegressionFFN                | 4.5 M 
4 | X_d_transform   | Identity                     | 0     
-----------------------------------------------------------------
5.0 M     Trainable params
0         Non-trainable params
5.0 M     Total params
20.016    Total estimated model params size (MB)
`Trainer.fit` stopped: `max_epochs=168` reached.
[I 2024-05-04 01:36:13,562] Trial 42 finished with value: 0.14663022756576538 and parameters: {'hidden_dim': 1847, 'n_layers': 2, 'dropout': 0.05764689191430901, 'depth': 6, 'max_epochs': 168}. Best is trial 22 with value: 0.12821868062019348.
GPU available: True (cuda), used: True
TPU available: False, using: 0 TPU cores
IPU available: False, using: 0 IPUs
HPU available: False, using: 0 HPUs
LOCAL_RANK: 0 - CUDA_VISIBLE_DEVICES: [GPU-b72b8c0d-1f71-551f-8762-96059ca70389]
Loading `train_dataloader` to estimate number of stepping batches.

  | Name            | Type                         | Params
-----------------------------------------------------------------
0 | message_passing | MulticomponentMessagePassing | 455 K 
1 | agg             | MeanAggregation              | 0     
2 | bn              | BatchNorm1d                  | 1.2 K 
3 | predictor       | RegressionFFN                | 6.5 M 
4 | X_d_transform   | Identity                     | 0     
-----------------------------------------------------------------
6.9 M     Trainable params
0         Non-trainable params
6.9 M     Total params
27.775    Total estimated model params size (MB)
`Trainer.fit` stopped: `max_epochs=155` reached.
[I 2024-05-04 01:39:57,688] Trial 43 finished with value: 0.14066718518733978 and parameters: {'hidden_dim': 2258, 'n_layers': 2, 'dropout': 0.0347535181300943, 'depth': 6, 'max_epochs': 155}. Best is trial 22 with value: 0.12821868062019348.
GPU available: True (cuda), used: True
TPU available: False, using: 0 TPU cores
IPU available: False, using: 0 IPUs
HPU available: False, using: 0 HPUs
LOCAL_RANK: 0 - CUDA_VISIBLE_DEVICES: [GPU-b72b8c0d-1f71-551f-8762-96059ca70389]
Loading `train_dataloader` to estimate number of stepping batches.

  | Name            | Type                         | Params
-----------------------------------------------------------------
0 | message_passing | MulticomponentMessagePassing | 455 K 
1 | agg             | MeanAggregation              | 0     
2 | bn              | BatchNorm1d                  | 1.2 K 
3 | predictor       | RegressionFFN                | 1.8 M 
4 | X_d_transform   | Identity                     | 0     
-----------------------------------------------------------------
2.3 M     Trainable params
0         Non-trainable params
2.3 M     Total params
9.193     Total estimated model params size (MB)
`Trainer.fit` stopped: `max_epochs=178` reached.
[I 2024-05-04 01:43:57,429] Trial 44 finished with value: 0.13649612665176392 and parameters: {'hidden_dim': 1084, 'n_layers': 2, 'dropout': 0.10546027488777465, 'depth': 6, 'max_epochs': 178}. Best is trial 22 with value: 0.12821868062019348.
GPU available: True (cuda), used: True
TPU available: False, using: 0 TPU cores
IPU available: False, using: 0 IPUs
HPU available: False, using: 0 HPUs
LOCAL_RANK: 0 - CUDA_VISIBLE_DEVICES: [GPU-b72b8c0d-1f71-551f-8762-96059ca70389]
Loading `train_dataloader` to estimate number of stepping batches.

  | Name            | Type                         | Params
-----------------------------------------------------------------
0 | message_passing | MulticomponentMessagePassing | 455 K 
1 | agg             | MeanAggregation              | 0     
2 | bn              | BatchNorm1d                  | 1.2 K 
3 | predictor       | RegressionFFN                | 3.8 M 
4 | X_d_transform   | Identity                     | 0     
-----------------------------------------------------------------
4.3 M     Trainable params
0         Non-trainable params
4.3 M     Total params
17.201    Total estimated model params size (MB)
`Trainer.fit` stopped: `max_epochs=145` reached.
[I 2024-05-04 01:47:23,732] Trial 45 finished with value: 0.13844981789588928 and parameters: {'hidden_dim': 1677, 'n_layers': 2, 'dropout': 0.22288756745516444, 'depth': 5, 'max_epochs': 145}. Best is trial 22 with value: 0.12821868062019348.
GPU available: True (cuda), used: True
TPU available: False, using: 0 TPU cores
IPU available: False, using: 0 IPUs
HPU available: False, using: 0 HPUs
LOCAL_RANK: 0 - CUDA_VISIBLE_DEVICES: [GPU-b72b8c0d-1f71-551f-8762-96059ca70389]
Loading `train_dataloader` to estimate number of stepping batches.

  | Name            | Type                         | Params
-----------------------------------------------------------------
0 | message_passing | MulticomponentMessagePassing | 455 K 
1 | agg             | MeanAggregation              | 0     
2 | bn              | BatchNorm1d                  | 1.2 K 
3 | predictor       | RegressionFFN                | 1.5 M 
4 | X_d_transform   | Identity                     | 0     
-----------------------------------------------------------------
1.9 M     Trainable params
0         Non-trainable params
1.9 M     Total params
7.696     Total estimated model params size (MB)
`Trainer.fit` stopped: `max_epochs=177` reached.
[I 2024-05-04 01:51:59,503] Trial 46 finished with value: 0.13507722318172455 and parameters: {'hidden_dim': 2390, 'n_layers': 1, 'dropout': 0.14980987618737535, 'depth': 6, 'max_epochs': 177}. Best is trial 22 with value: 0.12821868062019348.
GPU available: True (cuda), used: True
TPU available: False, using: 0 TPU cores
IPU available: False, using: 0 IPUs
HPU available: False, using: 0 HPUs
LOCAL_RANK: 0 - CUDA_VISIBLE_DEVICES: [GPU-b72b8c0d-1f71-551f-8762-96059ca70389]
Loading `train_dataloader` to estimate number of stepping batches.

  | Name            | Type                         | Params
-----------------------------------------------------------------
0 | message_passing | MulticomponentMessagePassing | 455 K 
1 | agg             | MeanAggregation              | 0     
2 | bn              | BatchNorm1d                  | 1.2 K 
3 | predictor       | RegressionFFN                | 878 K 
4 | X_d_transform   | Identity                     | 0     
-----------------------------------------------------------------
1.3 M     Trainable params
0         Non-trainable params
1.3 M     Total params
5.341     Total estimated model params size (MB)
`Trainer.fit` stopped: `max_epochs=193` reached.
[I 2024-05-04 01:56:24,667] Trial 47 finished with value: 0.18589504063129425 and parameters: {'hidden_dim': 679, 'n_layers': 2, 'dropout': 0.28123006180756477, 'depth': 2, 'max_epochs': 193}. Best is trial 22 with value: 0.12821868062019348.
GPU available: True (cuda), used: True
TPU available: False, using: 0 TPU cores
IPU available: False, using: 0 IPUs
HPU available: False, using: 0 HPUs
LOCAL_RANK: 0 - CUDA_VISIBLE_DEVICES: [GPU-b72b8c0d-1f71-551f-8762-96059ca70389]
Loading `train_dataloader` to estimate number of stepping batches.

  | Name            | Type                         | Params
-----------------------------------------------------------------
0 | message_passing | MulticomponentMessagePassing | 455 K 
1 | agg             | MeanAggregation              | 0     
2 | bn              | BatchNorm1d                  | 1.2 K 
3 | predictor       | RegressionFFN                | 8.3 M 
4 | X_d_transform   | Identity                     | 0     
-----------------------------------------------------------------
8.8 M     Trainable params
0         Non-trainable params
8.8 M     Total params
35.224    Total estimated model params size (MB)
`Trainer.fit` stopped: `max_epochs=160` reached.
[I 2024-05-04 02:00:54,751] Trial 48 finished with value: 0.23536472022533417 and parameters: {'hidden_dim': 1895, 'n_layers': 3, 'dropout': 0.2633430199206358, 'depth': 4, 'max_epochs': 160}. Best is trial 22 with value: 0.12821868062019348.
GPU available: True (cuda), used: True
TPU available: False, using: 0 TPU cores
IPU available: False, using: 0 IPUs
HPU available: False, using: 0 HPUs
LOCAL_RANK: 0 - CUDA_VISIBLE_DEVICES: [GPU-b72b8c0d-1f71-551f-8762-96059ca70389]
Loading `train_dataloader` to estimate number of stepping batches.

  | Name            | Type                         | Params
-----------------------------------------------------------------
0 | message_passing | MulticomponentMessagePassing | 455 K 
1 | agg             | MeanAggregation              | 0     
2 | bn              | BatchNorm1d                  | 1.2 K 
3 | predictor       | RegressionFFN                | 1.3 M 
4 | X_d_transform   | Identity                     | 0     
-----------------------------------------------------------------
1.7 M     Trainable params
0         Non-trainable params
1.7 M     Total params
6.989     Total estimated model params size (MB)
`Trainer.fit` stopped: `max_epochs=124` reached.
[I 2024-05-04 02:04:00,257] Trial 49 finished with value: 0.14761392772197723 and parameters: {'hidden_dim': 2102, 'n_layers': 1, 'dropout': 0.25104508864173325, 'depth': 4, 'max_epochs': 124}. Best is trial 22 with value: 0.12821868062019348.
GPU available: True (cuda), used: True
TPU available: False, using: 0 TPU cores
IPU available: False, using: 0 IPUs
HPU available: False, using: 0 HPUs
LOCAL_RANK: 0 - CUDA_VISIBLE_DEVICES: [GPU-b72b8c0d-1f71-551f-8762-96059ca70389]
Loading `train_dataloader` to estimate number of stepping batches.

  | Name            | Type                         | Params
-----------------------------------------------------------------
0 | message_passing | MulticomponentMessagePassing | 455 K 
1 | agg             | MeanAggregation              | 0     
2 | bn              | BatchNorm1d                  | 1.2 K 
3 | predictor       | RegressionFFN                | 6.7 M 
4 | X_d_transform   | Identity                     | 0     
-----------------------------------------------------------------
7.1 M     Trainable params
0         Non-trainable params
7.1 M     Total params
28.540    Total estimated model params size (MB)
`Trainer.fit` stopped: `max_epochs=151` reached.
[I 2024-05-04 02:07:54,165] Trial 50 finished with value: 0.1383458822965622 and parameters: {'hidden_dim': 2295, 'n_layers': 2, 'dropout': 0.20274014417093866, 'depth': 6, 'max_epochs': 151}. Best is trial 22 with value: 0.12821868062019348.
GPU available: True (cuda), used: True
TPU available: False, using: 0 TPU cores
IPU available: False, using: 0 IPUs
HPU available: False, using: 0 HPUs
LOCAL_RANK: 0 - CUDA_VISIBLE_DEVICES: [GPU-b72b8c0d-1f71-551f-8762-96059ca70389]
Loading `train_dataloader` to estimate number of stepping batches.

  | Name            | Type                         | Params
-----------------------------------------------------------------
0 | message_passing | MulticomponentMessagePassing | 455 K 
1 | agg             | MeanAggregation              | 0     
2 | bn              | BatchNorm1d                  | 1.2 K 
3 | predictor       | RegressionFFN                | 525 K 
4 | X_d_transform   | Identity                     | 0     
-----------------------------------------------------------------
982 K     Trainable params
0         Non-trainable params
982 K     Total params
3.929     Total estimated model params size (MB)
`Trainer.fit` stopped: `max_epochs=170` reached.
