[I 2024-05-04 04:09:32,387] Trial 87 finished with value: 0.14270441234111786 and parameters: {'hidden_dim': 2348, 'n_layers': 2, 'dropout': 0.24328950649358483, 'depth': 6, 'max_epochs': 140}. Best is trial 22 with value: 0.12821868062019348.
GPU available: True (cuda), used: True
TPU available: False, using: 0 TPU cores
IPU available: False, using: 0 IPUs
HPU available: False, using: 0 HPUs
LOCAL_RANK: 0 - CUDA_VISIBLE_DEVICES: [GPU-b72b8c0d-1f71-551f-8762-96059ca70389]
Loading `train_dataloader` to estimate number of stepping batches.

  | Name            | Type                         | Params
-----------------------------------------------------------------
0 | message_passing | MulticomponentMessagePassing | 455 K 
1 | agg             | MeanAggregation              | 0     
2 | bn              | BatchNorm1d                  | 1.2 K 
3 | predictor       | RegressionFFN                | 2.9 M 
4 | X_d_transform   | Identity                     | 0     
-----------------------------------------------------------------
3.3 M     Trainable params
0         Non-trainable params
3.3 M     Total params
13.234    Total estimated model params size (MB)
`Trainer.fit` stopped: `max_epochs=98` reached.
[I 2024-05-04 04:11:42,348] Trial 88 finished with value: 0.1597057580947876 and parameters: {'hidden_dim': 1409, 'n_layers': 2, 'dropout': 0.22707277978673138, 'depth': 4, 'max_epochs': 98}. Best is trial 22 with value: 0.12821868062019348.
GPU available: True (cuda), used: True
TPU available: False, using: 0 TPU cores
IPU available: False, using: 0 IPUs
HPU available: False, using: 0 HPUs
LOCAL_RANK: 0 - CUDA_VISIBLE_DEVICES: [GPU-b72b8c0d-1f71-551f-8762-96059ca70389]
Loading `train_dataloader` to estimate number of stepping batches.

  | Name            | Type                         | Params
-----------------------------------------------------------------
0 | message_passing | MulticomponentMessagePassing | 455 K 
1 | agg             | MeanAggregation              | 0     
2 | bn              | BatchNorm1d                  | 1.2 K 
3 | predictor       | RegressionFFN                | 3.6 M 
4 | X_d_transform   | Identity                     | 0     
-----------------------------------------------------------------
4.1 M     Trainable params
0         Non-trainable params
4.1 M     Total params
16.217    Total estimated model params size (MB)
`Trainer.fit` stopped: `max_epochs=133` reached.
[I 2024-05-04 04:14:44,393] Trial 89 finished with value: 0.14697220921516418 and parameters: {'hidden_dim': 1614, 'n_layers': 2, 'dropout': 0.1640017039512464, 'depth': 5, 'max_epochs': 133}. Best is trial 22 with value: 0.12821868062019348.
GPU available: True (cuda), used: True
TPU available: False, using: 0 TPU cores
IPU available: False, using: 0 IPUs
HPU available: False, using: 0 HPUs
LOCAL_RANK: 0 - CUDA_VISIBLE_DEVICES: [GPU-b72b8c0d-1f71-551f-8762-96059ca70389]
Loading `train_dataloader` to estimate number of stepping batches.

  | Name            | Type                         | Params
-----------------------------------------------------------------
0 | message_passing | MulticomponentMessagePassing | 455 K 
1 | agg             | MeanAggregation              | 0     
2 | bn              | BatchNorm1d                  | 1.2 K 
3 | predictor       | RegressionFFN                | 6.1 M 
4 | X_d_transform   | Identity                     | 0     
-----------------------------------------------------------------
6.5 M     Trainable params
0         Non-trainable params
6.5 M     Total params
26.040    Total estimated model params size (MB)
`Trainer.fit` stopped: `max_epochs=153` reached.
[I 2024-05-04 04:18:15,943] Trial 90 finished with value: 0.1353105753660202 and parameters: {'hidden_dim': 2172, 'n_layers': 2, 'dropout': 0.04632236699516852, 'depth': 4, 'max_epochs': 153}. Best is trial 22 with value: 0.12821868062019348.
GPU available: True (cuda), used: True
TPU available: False, using: 0 TPU cores
IPU available: False, using: 0 IPUs
HPU available: False, using: 0 HPUs
LOCAL_RANK: 0 - CUDA_VISIBLE_DEVICES: [GPU-b72b8c0d-1f71-551f-8762-96059ca70389]
Loading `train_dataloader` to estimate number of stepping batches.

  | Name            | Type                         | Params
-----------------------------------------------------------------
0 | message_passing | MulticomponentMessagePassing | 455 K 
1 | agg             | MeanAggregation              | 0     
2 | bn              | BatchNorm1d                  | 1.2 K 
3 | predictor       | RegressionFFN                | 6.6 M 
4 | X_d_transform   | Identity                     | 0     
-----------------------------------------------------------------
7.1 M     Trainable params
0         Non-trainable params
7.1 M     Total params
28.270    Total estimated model params size (MB)
`Trainer.fit` stopped: `max_epochs=162` reached.
[I 2024-05-04 04:22:14,617] Trial 91 finished with value: 0.14070092141628265 and parameters: {'hidden_dim': 2282, 'n_layers': 2, 'dropout': 0.05910418331627687, 'depth': 6, 'max_epochs': 162}. Best is trial 22 with value: 0.12821868062019348.
GPU available: True (cuda), used: True
TPU available: False, using: 0 TPU cores
IPU available: False, using: 0 IPUs
HPU available: False, using: 0 HPUs
LOCAL_RANK: 0 - CUDA_VISIBLE_DEVICES: [GPU-b72b8c0d-1f71-551f-8762-96059ca70389]
Loading `train_dataloader` to estimate number of stepping batches.

  | Name            | Type                         | Params
-----------------------------------------------------------------
0 | message_passing | MulticomponentMessagePassing | 455 K 
1 | agg             | MeanAggregation              | 0     
2 | bn              | BatchNorm1d                  | 1.2 K 
3 | predictor       | RegressionFFN                | 6.3 M 
4 | X_d_transform   | Identity                     | 0     
-----------------------------------------------------------------
6.7 M     Trainable params
0         Non-trainable params
6.7 M     Total params
26.961    Total estimated model params size (MB)
`Trainer.fit` stopped: `max_epochs=167` reached.
[I 2024-05-04 04:26:22,758] Trial 92 finished with value: 0.14196336269378662 and parameters: {'hidden_dim': 2218, 'n_layers': 2, 'dropout': 0.10461871672573603, 'depth': 6, 'max_epochs': 167}. Best is trial 22 with value: 0.12821868062019348.
GPU available: True (cuda), used: True
TPU available: False, using: 0 TPU cores
IPU available: False, using: 0 IPUs
HPU available: False, using: 0 HPUs
LOCAL_RANK: 0 - CUDA_VISIBLE_DEVICES: [GPU-b72b8c0d-1f71-551f-8762-96059ca70389]
Loading `train_dataloader` to estimate number of stepping batches.

  | Name            | Type                         | Params
-----------------------------------------------------------------
0 | message_passing | MulticomponentMessagePassing | 455 K 
1 | agg             | MeanAggregation              | 0     
2 | bn              | BatchNorm1d                  | 1.2 K 
3 | predictor       | RegressionFFN                | 5.8 M 
4 | X_d_transform   | Identity                     | 0     
-----------------------------------------------------------------
6.3 M     Trainable params
0         Non-trainable params
6.3 M     Total params
25.136    Total estimated model params size (MB)
`Trainer.fit` stopped: `max_epochs=145` reached.
[I 2024-05-04 04:30:04,879] Trial 93 finished with value: 0.14290152490139008 and parameters: {'hidden_dim': 2126, 'n_layers': 2, 'dropout': 0.09565831635015805, 'depth': 6, 'max_epochs': 145}. Best is trial 22 with value: 0.12821868062019348.
GPU available: True (cuda), used: True
TPU available: False, using: 0 TPU cores
IPU available: False, using: 0 IPUs
HPU available: False, using: 0 HPUs
LOCAL_RANK: 0 - CUDA_VISIBLE_DEVICES: [GPU-b72b8c0d-1f71-551f-8762-96059ca70389]
Loading `train_dataloader` to estimate number of stepping batches.

  | Name            | Type                         | Params
-----------------------------------------------------------------
0 | message_passing | MulticomponentMessagePassing | 455 K 
1 | agg             | MeanAggregation              | 0     
2 | bn              | BatchNorm1d                  | 1.2 K 
3 | predictor       | RegressionFFN                | 4.8 M 
4 | X_d_transform   | Identity                     | 0     
-----------------------------------------------------------------
5.3 M     Trainable params
0         Non-trainable params
5.3 M     Total params
21.117    Total estimated model params size (MB)
`Trainer.fit` stopped: `max_epochs=137` reached.
[I 2024-05-04 04:33:43,094] Trial 94 finished with value: 0.12934325635433197 and parameters: {'hidden_dim': 1910, 'n_layers': 2, 'dropout': 0.14075693984698465, 'depth': 6, 'max_epochs': 137}. Best is trial 22 with value: 0.12821868062019348.
GPU available: True (cuda), used: True
TPU available: False, using: 0 TPU cores
IPU available: False, using: 0 IPUs
HPU available: False, using: 0 HPUs
LOCAL_RANK: 0 - CUDA_VISIBLE_DEVICES: [GPU-b72b8c0d-1f71-551f-8762-96059ca70389]
Loading `train_dataloader` to estimate number of stepping batches.

  | Name            | Type                         | Params
-----------------------------------------------------------------
0 | message_passing | MulticomponentMessagePassing | 455 K 
1 | agg             | MeanAggregation              | 0     
2 | bn              | BatchNorm1d                  | 1.2 K 
3 | predictor       | RegressionFFN                | 4.9 M 
4 | X_d_transform   | Identity                     | 0     
-----------------------------------------------------------------
5.4 M     Trainable params
0         Non-trainable params
5.4 M     Total params
21.545    Total estimated model params size (MB)
`Trainer.fit` stopped: `max_epochs=137` reached.
[I 2024-05-04 04:37:00,820] Trial 95 finished with value: 0.13776935636997223 and parameters: {'hidden_dim': 1934, 'n_layers': 2, 'dropout': 0.1444256016876886, 'depth': 6, 'max_epochs': 137}. Best is trial 22 with value: 0.12821868062019348.
GPU available: True (cuda), used: True
TPU available: False, using: 0 TPU cores
IPU available: False, using: 0 IPUs
HPU available: False, using: 0 HPUs
LOCAL_RANK: 0 - CUDA_VISIBLE_DEVICES: [GPU-b72b8c0d-1f71-551f-8762-96059ca70389]
Loading `train_dataloader` to estimate number of stepping batches.

  | Name            | Type                         | Params
-----------------------------------------------------------------
0 | message_passing | MulticomponentMessagePassing | 455 K 
1 | agg             | MeanAggregation              | 0     
2 | bn              | BatchNorm1d                  | 1.2 K 
3 | predictor       | RegressionFFN                | 4.7 M 
4 | X_d_transform   | Identity                     | 0     
-----------------------------------------------------------------
5.1 M     Trainable params
0         Non-trainable params
5.1 M     Total params
20.554    Total estimated model params size (MB)
`Trainer.fit` stopped: `max_epochs=127` reached.
[I 2024-05-04 04:40:02,772] Trial 96 finished with value: 0.13345707952976227 and parameters: {'hidden_dim': 1878, 'n_layers': 2, 'dropout': 0.15811086689848866, 'depth': 6, 'max_epochs': 127}. Best is trial 22 with value: 0.12821868062019348.
GPU available: True (cuda), used: True
TPU available: False, using: 0 TPU cores
IPU available: False, using: 0 IPUs
HPU available: False, using: 0 HPUs
LOCAL_RANK: 0 - CUDA_VISIBLE_DEVICES: [GPU-b72b8c0d-1f71-551f-8762-96059ca70389]
Loading `train_dataloader` to estimate number of stepping batches.

  | Name            | Type                         | Params
-----------------------------------------------------------------
0 | message_passing | MulticomponentMessagePassing | 455 K 
1 | agg             | MeanAggregation              | 0     
2 | bn              | BatchNorm1d                  | 1.2 K 
3 | predictor       | RegressionFFN                | 5.5 M 
4 | X_d_transform   | Identity                     | 0     
-----------------------------------------------------------------
6.0 M     Trainable params
0         Non-trainable params
6.0 M     Total params
23.944    Total estimated model params size (MB)
`Trainer.fit` stopped: `max_epochs=147` reached.
[I 2024-05-04 04:43:36,883] Trial 97 finished with value: 0.137275829911232 and parameters: {'hidden_dim': 2064, 'n_layers': 2, 'dropout': 0.21657808913475318, 'depth': 6, 'max_epochs': 147}. Best is trial 22 with value: 0.12821868062019348.
GPU available: True (cuda), used: True
TPU available: False, using: 0 TPU cores
IPU available: False, using: 0 IPUs
HPU available: False, using: 0 HPUs
LOCAL_RANK: 0 - CUDA_VISIBLE_DEVICES: [GPU-b72b8c0d-1f71-551f-8762-96059ca70389]
Loading `train_dataloader` to estimate number of stepping batches.

  | Name            | Type                         | Params
-----------------------------------------------------------------
0 | message_passing | MulticomponentMessagePassing | 455 K 
1 | agg             | MeanAggregation              | 0     
2 | bn              | BatchNorm1d                  | 1.2 K 
3 | predictor       | RegressionFFN                | 5.2 M 
4 | X_d_transform   | Identity                     | 0     
-----------------------------------------------------------------
5.6 M     Trainable params
0         Non-trainable params
5.6 M     Total params
22.544    Total estimated model params size (MB)
`Trainer.fit` stopped: `max_epochs=143` reached.
[I 2024-05-04 04:47:03,198] Trial 98 finished with value: 0.14940112829208374 and parameters: {'hidden_dim': 1989, 'n_layers': 2, 'dropout': 0.1897275342607006, 'depth': 6, 'max_epochs': 143}. Best is trial 22 with value: 0.12821868062019348.
GPU available: True (cuda), used: True
TPU available: False, using: 0 TPU cores
IPU available: False, using: 0 IPUs
HPU available: False, using: 0 HPUs
LOCAL_RANK: 0 - CUDA_VISIBLE_DEVICES: [GPU-b72b8c0d-1f71-551f-8762-96059ca70389]
Loading `train_dataloader` to estimate number of stepping batches.

  | Name            | Type                         | Params
-----------------------------------------------------------------
0 | message_passing | MulticomponentMessagePassing | 455 K 
1 | agg             | MeanAggregation              | 0     
2 | bn              | BatchNorm1d                  | 1.2 K 
3 | predictor       | RegressionFFN                | 4.3 M 
4 | X_d_transform   | Identity                     | 0     
-----------------------------------------------------------------
4.7 M     Trainable params
0         Non-trainable params
4.7 M     Total params
18.829    Total estimated model params size (MB)
`Trainer.fit` stopped: `max_epochs=138` reached.
[I 2024-05-04 04:50:20,380] Trial 99 finished with value: 0.13526551425457 and parameters: {'hidden_dim': 1777, 'n_layers': 2, 'dropout': 0.17440967758457954, 'depth': 6, 'max_epochs': 138}. Best is trial 22 with value: 0.12821868062019348.
GPU available: True (cuda), used: True
TPU available: False, using: 0 TPU cores
IPU available: False, using: 0 IPUs
HPU available: False, using: 0 HPUs
LOCAL_RANK: 0 - CUDA_VISIBLE_DEVICES: [GPU-b72b8c0d-1f71-551f-8762-96059ca70389]
Loading `train_dataloader` to estimate number of stepping batches.

  | Name            | Type                         | Params
-----------------------------------------------------------------
0 | message_passing | MulticomponentMessagePassing | 455 K 
1 | agg             | MeanAggregation              | 0     
2 | bn              | BatchNorm1d                  | 1.2 K 
3 | predictor       | RegressionFFN                | 3.1 M 
4 | X_d_transform   | Identity                     | 0     
-----------------------------------------------------------------
3.5 M     Trainable params
0         Non-trainable params
3.5 M     Total params
14.115    Total estimated model params size (MB)
`Trainer.fit` stopped: `max_epochs=131` reached.
[I 2024-05-04 04:53:30,826] Trial 100 finished with value: 0.14628256857395172 and parameters: {'hidden_dim': 1472, 'n_layers': 2, 'dropout': 0.12590159886950225, 'depth': 5, 'max_epochs': 131}. Best is trial 22 with value: 0.12821868062019348.
GPU available: True (cuda), used: True
TPU available: False, using: 0 TPU cores
IPU available: False, using: 0 IPUs
HPU available: False, using: 0 HPUs
LOCAL_RANK: 0 - CUDA_VISIBLE_DEVICES: [GPU-b72b8c0d-1f71-551f-8762-96059ca70389]
Loading `train_dataloader` to estimate number of stepping batches.

  | Name            | Type                         | Params
-----------------------------------------------------------------
0 | message_passing | MulticomponentMessagePassing | 455 K 
1 | agg             | MeanAggregation              | 0     
2 | bn              | BatchNorm1d                  | 1.2 K 
3 | predictor       | RegressionFFN                | 6.9 M 
4 | X_d_transform   | Identity                     | 0     
-----------------------------------------------------------------
7.3 M     Trainable params
0         Non-trainable params
7.3 M     Total params
29.274    Total estimated model params size (MB)
`Trainer.fit` stopped: `max_epochs=157` reached.
[I 2024-05-04 04:57:54,767] Trial 101 finished with value: 0.13360486924648285 and parameters: {'hidden_dim': 2330, 'n_layers': 2, 'dropout': 0.08143483384298736, 'depth': 6, 'max_epochs': 157}. Best is trial 22 with value: 0.12821868062019348.
GPU available: True (cuda), used: True
TPU available: False, using: 0 TPU cores
IPU available: False, using: 0 IPUs
HPU available: False, using: 0 HPUs
LOCAL_RANK: 0 - CUDA_VISIBLE_DEVICES: [GPU-b72b8c0d-1f71-551f-8762-96059ca70389]
Loading `train_dataloader` to estimate number of stepping batches.

  | Name            | Type                         | Params
-----------------------------------------------------------------
0 | message_passing | MulticomponentMessagePassing | 455 K 
1 | agg             | MeanAggregation              | 0     
2 | bn              | BatchNorm1d                  | 1.2 K 
3 | predictor       | RegressionFFN                | 6.1 M 
4 | X_d_transform   | Identity                     | 0     
-----------------------------------------------------------------
6.5 M     Trainable params
0         Non-trainable params
6.5 M     Total params
26.060    Total estimated model params size (MB)
`Trainer.fit` stopped: `max_epochs=170` reached.
[I 2024-05-04 05:02:27,325] Trial 102 finished with value: 0.1389906257390976 and parameters: {'hidden_dim': 2173, 'n_layers': 2, 'dropout': 0.1347059159425902, 'depth': 6, 'max_epochs': 170}. Best is trial 22 with value: 0.12821868062019348.
GPU available: True (cuda), used: True
TPU available: False, using: 0 TPU cores
IPU available: False, using: 0 IPUs
HPU available: False, using: 0 HPUs
LOCAL_RANK: 0 - CUDA_VISIBLE_DEVICES: [GPU-b72b8c0d-1f71-551f-8762-96059ca70389]
Loading `train_dataloader` to estimate number of stepping batches.

  | Name            | Type                         | Params
-----------------------------------------------------------------
0 | message_passing | MulticomponentMessagePassing | 455 K 
1 | agg             | MeanAggregation              | 0     
2 | bn              | BatchNorm1d                  | 1.2 K 
3 | predictor       | RegressionFFN                | 6.4 M 
4 | X_d_transform   | Identity                     | 0     
-----------------------------------------------------------------
6.9 M     Trainable params
0         Non-trainable params
6.9 M     Total params
27.407    Total estimated model params size (MB)
`Trainer.fit` stopped: `max_epochs=165` reached.
[I 2024-05-04 05:06:31,397] Trial 103 finished with value: 0.14210204780101776 and parameters: {'hidden_dim': 2240, 'n_layers': 2, 'dropout': 0.10941651189440832, 'depth': 6, 'max_epochs': 165}. Best is trial 22 with value: 0.12821868062019348.
GPU available: True (cuda), used: True
TPU available: False, using: 0 TPU cores
IPU available: False, using: 0 IPUs
HPU available: False, using: 0 HPUs
LOCAL_RANK: 0 - CUDA_VISIBLE_DEVICES: [GPU-b72b8c0d-1f71-551f-8762-96059ca70389]
Loading `train_dataloader` to estimate number of stepping batches.

  | Name            | Type                         | Params
-----------------------------------------------------------------
0 | message_passing | MulticomponentMessagePassing | 455 K 
1 | agg             | MeanAggregation              | 0     
2 | bn              | BatchNorm1d                  | 1.2 K 
3 | predictor       | RegressionFFN                | 7.2 M 
4 | X_d_transform   | Identity                     | 0     
-----------------------------------------------------------------
7.7 M     Trainable params
0         Non-trainable params
7.7 M     Total params
30.662    Total estimated model params size (MB)
`Trainer.fit` stopped: `max_epochs=152` reached.
[I 2024-05-04 05:10:18,552] Trial 104 finished with value: 0.13371115922927856 and parameters: {'hidden_dim': 2395, 'n_layers': 2, 'dropout': 0.08925221711073415, 'depth': 6, 'max_epochs': 152}. Best is trial 22 with value: 0.12821868062019348.
GPU available: True (cuda), used: True
TPU available: False, using: 0 TPU cores
IPU available: False, using: 0 IPUs
HPU available: False, using: 0 HPUs
LOCAL_RANK: 0 - CUDA_VISIBLE_DEVICES: [GPU-b72b8c0d-1f71-551f-8762-96059ca70389]
Loading `train_dataloader` to estimate number of stepping batches.

  | Name            | Type                         | Params
-----------------------------------------------------------------
0 | message_passing | MulticomponentMessagePassing | 455 K 
1 | agg             | MeanAggregation              | 0     
2 | bn              | BatchNorm1d                  | 1.2 K 
3 | predictor       | RegressionFFN                | 2.1 M 
4 | X_d_transform   | Identity                     | 0     
-----------------------------------------------------------------
2.5 M     Trainable params
0         Non-trainable params
2.5 M     Total params
10.192    Total estimated model params size (MB)
`Trainer.fit` stopped: `max_epochs=160` reached.
