[I 2024-05-04 05:14:24,460] Trial 105 finished with value: 0.16193340718746185 and parameters: {'hidden_dim': 1171, 'n_layers': 2, 'dropout': 0.07435214849583899, 'depth': 6, 'max_epochs': 160}. Best is trial 22 with value: 0.12821868062019348.
GPU available: True (cuda), used: True
TPU available: False, using: 0 TPU cores
IPU available: False, using: 0 IPUs
HPU available: False, using: 0 HPUs
LOCAL_RANK: 0 - CUDA_VISIBLE_DEVICES: [GPU-b72b8c0d-1f71-551f-8762-96059ca70389]
Loading `train_dataloader` to estimate number of stepping batches.

  | Name            | Type                         | Params
-----------------------------------------------------------------
0 | message_passing | MulticomponentMessagePassing | 455 K 
1 | agg             | MeanAggregation              | 0     
2 | bn              | BatchNorm1d                  | 1.2 K 
3 | predictor       | RegressionFFN                | 5.9 M 
4 | X_d_transform   | Identity                     | 0     
-----------------------------------------------------------------
6.3 M     Trainable params
0         Non-trainable params
6.3 M     Total params
25.370    Total estimated model params size (MB)
`Trainer.fit` stopped: `max_epochs=181` reached.
[I 2024-05-04 05:19:10,213] Trial 106 finished with value: 0.1470564752817154 and parameters: {'hidden_dim': 2138, 'n_layers': 2, 'dropout': 0.275585056331949, 'depth': 6, 'max_epochs': 181}. Best is trial 22 with value: 0.12821868062019348.
GPU available: True (cuda), used: True
TPU available: False, using: 0 TPU cores
IPU available: False, using: 0 IPUs
HPU available: False, using: 0 HPUs
LOCAL_RANK: 0 - CUDA_VISIBLE_DEVICES: [GPU-b72b8c0d-1f71-551f-8762-96059ca70389]
Loading `train_dataloader` to estimate number of stepping batches.

  | Name            | Type                         | Params
-----------------------------------------------------------------
0 | message_passing | MulticomponentMessagePassing | 455 K 
1 | agg             | MeanAggregation              | 0     
2 | bn              | BatchNorm1d                  | 1.2 K 
3 | predictor       | RegressionFFN                | 5.6 M 
4 | X_d_transform   | Identity                     | 0     
-----------------------------------------------------------------
6.1 M     Trainable params
0         Non-trainable params
6.1 M     Total params
24.249    Total estimated model params size (MB)
`Trainer.fit` stopped: `max_epochs=174` reached.
[I 2024-05-04 05:23:15,717] Trial 107 finished with value: 0.1377141922712326 and parameters: {'hidden_dim': 2080, 'n_layers': 2, 'dropout': 0.2599886631476961, 'depth': 5, 'max_epochs': 174}. Best is trial 22 with value: 0.12821868062019348.
GPU available: True (cuda), used: True
TPU available: False, using: 0 TPU cores
IPU available: False, using: 0 IPUs
HPU available: False, using: 0 HPUs
LOCAL_RANK: 0 - CUDA_VISIBLE_DEVICES: [GPU-b72b8c0d-1f71-551f-8762-96059ca70389]
Loading `train_dataloader` to estimate number of stepping batches.

  | Name            | Type                         | Params
-----------------------------------------------------------------
0 | message_passing | MulticomponentMessagePassing | 455 K 
1 | agg             | MeanAggregation              | 0     
2 | bn              | BatchNorm1d                  | 1.2 K 
3 | predictor       | RegressionFFN                | 5.7 M 
4 | X_d_transform   | Identity                     | 0     
-----------------------------------------------------------------
6.1 M     Trainable params
0         Non-trainable params
6.1 M     Total params
24.513    Total estimated model params size (MB)
`Trainer.fit` stopped: `max_epochs=149` reached.
[I 2024-05-04 05:26:54,932] Trial 108 finished with value: 0.16995824873447418 and parameters: {'hidden_dim': 1537, 'n_layers': 3, 'dropout': 0.14219381664428937, 'depth': 6, 'max_epochs': 149}. Best is trial 22 with value: 0.12821868062019348.
GPU available: True (cuda), used: True
TPU available: False, using: 0 TPU cores
IPU available: False, using: 0 IPUs
HPU available: False, using: 0 HPUs
LOCAL_RANK: 0 - CUDA_VISIBLE_DEVICES: [GPU-b72b8c0d-1f71-551f-8762-96059ca70389]
Loading `train_dataloader` to estimate number of stepping batches.

  | Name            | Type                         | Params
-----------------------------------------------------------------
0 | message_passing | MulticomponentMessagePassing | 455 K 
1 | agg             | MeanAggregation              | 0     
2 | bn              | BatchNorm1d                  | 1.2 K 
3 | predictor       | RegressionFFN                | 2.4 M 
4 | X_d_transform   | Identity                     | 0     
-----------------------------------------------------------------
2.9 M     Trainable params
0         Non-trainable params
2.9 M     Total params
11.440    Total estimated model params size (MB)
`Trainer.fit` stopped: `max_epochs=187` reached.
[I 2024-05-04 05:31:12,801] Trial 109 finished with value: 0.1387781947851181 and parameters: {'hidden_dim': 1273, 'n_layers': 2, 'dropout': 0.0003404817011105135, 'depth': 6, 'max_epochs': 187}. Best is trial 22 with value: 0.12821868062019348.
GPU available: True (cuda), used: True
TPU available: False, using: 0 TPU cores
IPU available: False, using: 0 IPUs
HPU available: False, using: 0 HPUs
LOCAL_RANK: 0 - CUDA_VISIBLE_DEVICES: [GPU-b72b8c0d-1f71-551f-8762-96059ca70389]
Loading `train_dataloader` to estimate number of stepping batches.

  | Name            | Type                         | Params
-----------------------------------------------------------------
0 | message_passing | MulticomponentMessagePassing | 455 K 
1 | agg             | MeanAggregation              | 0     
2 | bn              | BatchNorm1d                  | 1.2 K 
3 | predictor       | RegressionFFN                | 6.8 M 
4 | X_d_transform   | Identity                     | 0     
-----------------------------------------------------------------
7.3 M     Trainable params
0         Non-trainable params
7.3 M     Total params
29.000    Total estimated model params size (MB)
`Trainer.fit` stopped: `max_epochs=136` reached.
[I 2024-05-04 05:34:13,001] Trial 110 finished with value: 0.14270830154418945 and parameters: {'hidden_dim': 2317, 'n_layers': 2, 'dropout': 0.3803986796062637, 'depth': 2, 'max_epochs': 136}. Best is trial 22 with value: 0.12821868062019348.
GPU available: True (cuda), used: True
TPU available: False, using: 0 TPU cores
IPU available: False, using: 0 IPUs
HPU available: False, using: 0 HPUs
LOCAL_RANK: 0 - CUDA_VISIBLE_DEVICES: [GPU-b72b8c0d-1f71-551f-8762-96059ca70389]
Loading `train_dataloader` to estimate number of stepping batches.

  | Name            | Type                         | Params
-----------------------------------------------------------------
0 | message_passing | MulticomponentMessagePassing | 455 K 
1 | agg             | MeanAggregation              | 0     
2 | bn              | BatchNorm1d                  | 1.2 K 
3 | predictor       | RegressionFFN                | 566 K 
4 | X_d_transform   | Identity                     | 0     
-----------------------------------------------------------------
1.0 M     Trainable params
0         Non-trainable params
1.0 M     Total params
4.091     Total estimated model params size (MB)
`Trainer.fit` stopped: `max_epochs=163` reached.
[I 2024-05-04 05:37:41,539] Trial 111 finished with value: 0.1366153210401535 and parameters: {'hidden_dim': 922, 'n_layers': 1, 'dropout': 0.053256612623995524, 'depth': 5, 'max_epochs': 163}. Best is trial 22 with value: 0.12821868062019348.
GPU available: True (cuda), used: True
TPU available: False, using: 0 TPU cores
IPU available: False, using: 0 IPUs
HPU available: False, using: 0 HPUs
LOCAL_RANK: 0 - CUDA_VISIBLE_DEVICES: [GPU-b72b8c0d-1f71-551f-8762-96059ca70389]
Loading `train_dataloader` to estimate number of stepping batches.

  | Name            | Type                         | Params
-----------------------------------------------------------------
0 | message_passing | MulticomponentMessagePassing | 455 K 
1 | agg             | MeanAggregation              | 0     
2 | bn              | BatchNorm1d                  | 1.2 K 
3 | predictor       | RegressionFFN                | 683 K 
4 | X_d_transform   | Identity                     | 0     
-----------------------------------------------------------------
1.1 M     Trainable params
0         Non-trainable params
1.1 M     Total params
4.562     Total estimated model params size (MB)
`Trainer.fit` stopped: `max_epochs=153` reached.
[I 2024-05-04 05:40:57,536] Trial 112 finished with value: 0.1364460289478302 and parameters: {'hidden_dim': 1114, 'n_layers': 1, 'dropout': 0.06352189984660135, 'depth': 5, 'max_epochs': 153}. Best is trial 22 with value: 0.12821868062019348.
GPU available: True (cuda), used: True
TPU available: False, using: 0 TPU cores
IPU available: False, using: 0 IPUs
HPU available: False, using: 0 HPUs
LOCAL_RANK: 0 - CUDA_VISIBLE_DEVICES: [GPU-b72b8c0d-1f71-551f-8762-96059ca70389]
Loading `train_dataloader` to estimate number of stepping batches.

  | Name            | Type                         | Params
-----------------------------------------------------------------
0 | message_passing | MulticomponentMessagePassing | 455 K 
1 | agg             | MeanAggregation              | 0     
2 | bn              | BatchNorm1d                  | 1.2 K 
3 | predictor       | RegressionFFN                | 461 K 
4 | X_d_transform   | Identity                     | 0     
-----------------------------------------------------------------
917 K     Trainable params
0         Non-trainable params
917 K     Total params
3.671     Total estimated model params size (MB)
`Trainer.fit` stopped: `max_epochs=142` reached.
[I 2024-05-04 05:43:59,150] Trial 113 finished with value: 0.13836698234081268 and parameters: {'hidden_dim': 751, 'n_layers': 1, 'dropout': 0.15382248889239725, 'depth': 5, 'max_epochs': 142}. Best is trial 22 with value: 0.12821868062019348.
GPU available: True (cuda), used: True
TPU available: False, using: 0 TPU cores
IPU available: False, using: 0 IPUs
HPU available: False, using: 0 HPUs
LOCAL_RANK: 0 - CUDA_VISIBLE_DEVICES: [GPU-b72b8c0d-1f71-551f-8762-96059ca70389]
Loading `train_dataloader` to estimate number of stepping batches.

  | Name            | Type                         | Params
-----------------------------------------------------------------
0 | message_passing | MulticomponentMessagePassing | 455 K 
1 | agg             | MeanAggregation              | 0     
2 | bn              | BatchNorm1d                  | 1.2 K 
3 | predictor       | RegressionFFN                | 1.4 M 
4 | X_d_transform   | Identity                     | 0     
-----------------------------------------------------------------
1.8 M     Trainable params
0         Non-trainable params
1.8 M     Total params
7.232     Total estimated model params size (MB)
`Trainer.fit` stopped: `max_epochs=158` reached.
[I 2024-05-04 05:47:39,249] Trial 114 finished with value: 0.14271016418933868 and parameters: {'hidden_dim': 2201, 'n_layers': 1, 'dropout': 0.018602112058307002, 'depth': 5, 'max_epochs': 158}. Best is trial 22 with value: 0.12821868062019348.
GPU available: True (cuda), used: True
TPU available: False, using: 0 TPU cores
IPU available: False, using: 0 IPUs
HPU available: False, using: 0 HPUs
LOCAL_RANK: 0 - CUDA_VISIBLE_DEVICES: [GPU-b72b8c0d-1f71-551f-8762-96059ca70389]
Loading `train_dataloader` to estimate number of stepping batches.

  | Name            | Type                         | Params
-----------------------------------------------------------------
0 | message_passing | MulticomponentMessagePassing | 455 K 
1 | agg             | MeanAggregation              | 0     
2 | bn              | BatchNorm1d                  | 1.2 K 
3 | predictor       | RegressionFFN                | 1.7 M 
4 | X_d_transform   | Identity                     | 0     
-----------------------------------------------------------------
2.2 M     Trainable params
0         Non-trainable params
2.2 M     Total params
8.625     Total estimated model params size (MB)
`Trainer.fit` stopped: `max_epochs=155` reached.
[I 2024-05-04 05:51:09,278] Trial 115 finished with value: 0.13930155336856842 and parameters: {'hidden_dim': 1032, 'n_layers': 2, 'dropout': 0.04588532588571712, 'depth': 6, 'max_epochs': 155}. Best is trial 22 with value: 0.12821868062019348.
GPU available: True (cuda), used: True
TPU available: False, using: 0 TPU cores
IPU available: False, using: 0 IPUs
HPU available: False, using: 0 HPUs
LOCAL_RANK: 0 - CUDA_VISIBLE_DEVICES: [GPU-b72b8c0d-1f71-551f-8762-96059ca70389]
Loading `train_dataloader` to estimate number of stepping batches.

  | Name            | Type                         | Params
-----------------------------------------------------------------
0 | message_passing | MulticomponentMessagePassing | 455 K 
1 | agg             | MeanAggregation              | 0     
2 | bn              | BatchNorm1d                  | 1.2 K 
3 | predictor       | RegressionFFN                | 4.4 M 
4 | X_d_transform   | Identity                     | 0     
-----------------------------------------------------------------
4.9 M     Trainable params
0         Non-trainable params
4.9 M     Total params
19.570    Total estimated model params size (MB)
`Trainer.fit` stopped: `max_epochs=169` reached.
[I 2024-05-04 05:55:07,774] Trial 116 finished with value: 0.12901395559310913 and parameters: {'hidden_dim': 1821, 'n_layers': 2, 'dropout': 0.0320803726439792, 'depth': 6, 'max_epochs': 169}. Best is trial 22 with value: 0.12821868062019348.
GPU available: True (cuda), used: True
TPU available: False, using: 0 TPU cores
IPU available: False, using: 0 IPUs
HPU available: False, using: 0 HPUs
LOCAL_RANK: 0 - CUDA_VISIBLE_DEVICES: [GPU-b72b8c0d-1f71-551f-8762-96059ca70389]
Loading `train_dataloader` to estimate number of stepping batches.

  | Name            | Type                         | Params
-----------------------------------------------------------------
0 | message_passing | MulticomponentMessagePassing | 455 K 
1 | agg             | MeanAggregation              | 0     
2 | bn              | BatchNorm1d                  | 1.2 K 
3 | predictor       | RegressionFFN                | 4.5 M 
4 | X_d_transform   | Identity                     | 0     
-----------------------------------------------------------------
4.9 M     Trainable params
0         Non-trainable params
4.9 M     Total params
19.655    Total estimated model params size (MB)
`Trainer.fit` stopped: `max_epochs=169` reached.
[I 2024-05-04 05:59:42,039] Trial 117 finished with value: 0.13908830285072327 and parameters: {'hidden_dim': 1826, 'n_layers': 2, 'dropout': 0.027145573343412617, 'depth': 6, 'max_epochs': 169}. Best is trial 22 with value: 0.12821868062019348.
GPU available: True (cuda), used: True
TPU available: False, using: 0 TPU cores
IPU available: False, using: 0 IPUs
HPU available: False, using: 0 HPUs
LOCAL_RANK: 0 - CUDA_VISIBLE_DEVICES: [GPU-b72b8c0d-1f71-551f-8762-96059ca70389]
Loading `train_dataloader` to estimate number of stepping batches.

  | Name            | Type                         | Params
-----------------------------------------------------------------
0 | message_passing | MulticomponentMessagePassing | 455 K 
1 | agg             | MeanAggregation              | 0     
2 | bn              | BatchNorm1d                  | 1.2 K 
3 | predictor       | RegressionFFN                | 4.0 M 
4 | X_d_transform   | Identity                     | 0     
-----------------------------------------------------------------
4.4 M     Trainable params
0         Non-trainable params
4.4 M     Total params
17.794    Total estimated model params size (MB)
`Trainer.fit` stopped: `max_epochs=180` reached.
[I 2024-05-04 06:04:01,382] Trial 118 finished with value: 0.13922934234142303 and parameters: {'hidden_dim': 1714, 'n_layers': 2, 'dropout': 0.04170788189812628, 'depth': 6, 'max_epochs': 180}. Best is trial 22 with value: 0.12821868062019348.
GPU available: True (cuda), used: True
TPU available: False, using: 0 TPU cores
IPU available: False, using: 0 IPUs
HPU available: False, using: 0 HPUs
LOCAL_RANK: 0 - CUDA_VISIBLE_DEVICES: [GPU-b72b8c0d-1f71-551f-8762-96059ca70389]
Loading `train_dataloader` to estimate number of stepping batches.

  | Name            | Type                         | Params
-----------------------------------------------------------------
0 | message_passing | MulticomponentMessagePassing | 455 K 
1 | agg             | MeanAggregation              | 0     
2 | bn              | BatchNorm1d                  | 1.2 K 
3 | predictor       | RegressionFFN                | 3.7 M 
4 | X_d_transform   | Identity                     | 0     
-----------------------------------------------------------------
4.2 M     Trainable params
0         Non-trainable params
4.2 M     Total params
16.682    Total estimated model params size (MB)
`Trainer.fit` stopped: `max_epochs=174` reached.
[I 2024-05-04 06:08:12,810] Trial 119 finished with value: 0.14437782764434814 and parameters: {'hidden_dim': 1644, 'n_layers': 2, 'dropout': 0.02821318239000801, 'depth': 6, 'max_epochs': 174}. Best is trial 22 with value: 0.12821868062019348.
GPU available: True (cuda), used: True
TPU available: False, using: 0 TPU cores
IPU available: False, using: 0 IPUs
HPU available: False, using: 0 HPUs
LOCAL_RANK: 0 - CUDA_VISIBLE_DEVICES: [GPU-b72b8c0d-1f71-551f-8762-96059ca70389]
Loading `train_dataloader` to estimate number of stepping batches.

  | Name            | Type                         | Params
-----------------------------------------------------------------
0 | message_passing | MulticomponentMessagePassing | 455 K 
1 | agg             | MeanAggregation              | 0     
2 | bn              | BatchNorm1d                  | 1.2 K 
3 | predictor       | RegressionFFN                | 5.4 M 
4 | X_d_transform   | Identity                     | 0     
-----------------------------------------------------------------
5.8 M     Trainable params
0         Non-trainable params
5.8 M     Total params
23.323    Total estimated model params size (MB)
`Trainer.fit` stopped: `max_epochs=120` reached.
[I 2024-05-04 06:11:16,056] Trial 120 finished with value: 0.14920033514499664 and parameters: {'hidden_dim': 2031, 'n_layers': 2, 'dropout': 0.23559021234703906, 'depth': 6, 'max_epochs': 120}. Best is trial 22 with value: 0.12821868062019348.
GPU available: True (cuda), used: True
TPU available: False, using: 0 TPU cores
IPU available: False, using: 0 IPUs
HPU available: False, using: 0 HPUs
LOCAL_RANK: 0 - CUDA_VISIBLE_DEVICES: [GPU-b72b8c0d-1f71-551f-8762-96059ca70389]
Loading `train_dataloader` to estimate number of stepping batches.

  | Name            | Type                         | Params
-----------------------------------------------------------------
0 | message_passing | MulticomponentMessagePassing | 455 K 
1 | agg             | MeanAggregation              | 0     
2 | bn              | BatchNorm1d                  | 1.2 K 
3 | predictor       | RegressionFFN                | 5.8 M 
4 | X_d_transform   | Identity                     | 0     
-----------------------------------------------------------------
6.3 M     Trainable params
0         Non-trainable params
6.3 M     Total params
25.097    Total estimated model params size (MB)
`Trainer.fit` stopped: `max_epochs=164` reached.
[I 2024-05-04 06:15:19,337] Trial 121 finished with value: 0.13115090131759644 and parameters: {'hidden_dim': 2124, 'n_layers': 2, 'dropout': 0.012519798471518219, 'depth': 6, 'max_epochs': 164}. Best is trial 22 with value: 0.12821868062019348.
GPU available: True (cuda), used: True
TPU available: False, using: 0 TPU cores
IPU available: False, using: 0 IPUs
HPU available: False, using: 0 HPUs
LOCAL_RANK: 0 - CUDA_VISIBLE_DEVICES: [GPU-b72b8c0d-1f71-551f-8762-96059ca70389]
Loading `train_dataloader` to estimate number of stepping batches.

  | Name            | Type                         | Params
-----------------------------------------------------------------
0 | message_passing | MulticomponentMessagePassing | 455 K 
1 | agg             | MeanAggregation              | 0     
2 | bn              | BatchNorm1d                  | 1.2 K 
3 | predictor       | RegressionFFN                | 5.0 M 
4 | X_d_transform   | Identity                     | 0     
-----------------------------------------------------------------
5.5 M     Trainable params
0         Non-trainable params
5.5 M     Total params
21.942    Total estimated model params size (MB)
`Trainer.fit` stopped: `max_epochs=166` reached.
[I 2024-05-04 06:19:19,239] Trial 122 finished with value: 0.1284116506576538 and parameters: {'hidden_dim': 1956, 'n_layers': 2, 'dropout': 0.01131005477098878, 'depth': 6, 'max_epochs': 166}. Best is trial 22 with value: 0.12821868062019348.
GPU available: True (cuda), used: True
TPU available: False, using: 0 TPU cores
IPU available: False, using: 0 IPUs
HPU available: False, using: 0 HPUs
LOCAL_RANK: 0 - CUDA_VISIBLE_DEVICES: [GPU-b72b8c0d-1f71-551f-8762-96059ca70389]
Loading `train_dataloader` to estimate number of stepping batches.

  | Name            | Type                         | Params
-----------------------------------------------------------------
0 | message_passing | MulticomponentMessagePassing | 455 K 
1 | agg             | MeanAggregation              | 0     
2 | bn              | BatchNorm1d                  | 1.2 K 
3 | predictor       | RegressionFFN                | 5.1 M 
4 | X_d_transform   | Identity                     | 0     
-----------------------------------------------------------------
5.5 M     Trainable params
0         Non-trainable params
5.5 M     Total params
22.178    Total estimated model params size (MB)
`Trainer.fit` stopped: `max_epochs=171` reached.
