[I 2024-05-04 03:14:55,036] Trial 69 finished with value: 0.15018266439437866 and parameters: {'hidden_dim': 1733, 'n_layers': 2, 'dropout': 0.2334401853872153, 'depth': 6, 'max_epochs': 117}. Best is trial 22 with value: 0.12821868062019348.
GPU available: True (cuda), used: True
TPU available: False, using: 0 TPU cores
IPU available: False, using: 0 IPUs
HPU available: False, using: 0 HPUs
LOCAL_RANK: 0 - CUDA_VISIBLE_DEVICES: [GPU-b72b8c0d-1f71-551f-8762-96059ca70389]
Loading `train_dataloader` to estimate number of stepping batches.

  | Name            | Type                         | Params
-----------------------------------------------------------------
0 | message_passing | MulticomponentMessagePassing | 455 K 
1 | agg             | MeanAggregation              | 0     
2 | bn              | BatchNorm1d                  | 1.2 K 
3 | predictor       | RegressionFFN                | 5.6 M 
4 | X_d_transform   | Identity                     | 0     
-----------------------------------------------------------------
6.0 M     Trainable params
0         Non-trainable params
6.0 M     Total params
24.172    Total estimated model params size (MB)
`Trainer.fit` stopped: `max_epochs=148` reached.
[I 2024-05-04 03:18:31,834] Trial 70 finished with value: 0.13098539412021637 and parameters: {'hidden_dim': 2076, 'n_layers': 2, 'dropout': 0.08192441753788175, 'depth': 6, 'max_epochs': 148}. Best is trial 22 with value: 0.12821868062019348.
GPU available: True (cuda), used: True
TPU available: False, using: 0 TPU cores
IPU available: False, using: 0 IPUs
HPU available: False, using: 0 HPUs
LOCAL_RANK: 0 - CUDA_VISIBLE_DEVICES: [GPU-b72b8c0d-1f71-551f-8762-96059ca70389]
Loading `train_dataloader` to estimate number of stepping batches.

  | Name            | Type                         | Params
-----------------------------------------------------------------
0 | message_passing | MulticomponentMessagePassing | 455 K 
1 | agg             | MeanAggregation              | 0     
2 | bn              | BatchNorm1d                  | 1.2 K 
3 | predictor       | RegressionFFN                | 4.9 M 
4 | X_d_transform   | Identity                     | 0     
-----------------------------------------------------------------
5.4 M     Trainable params
0         Non-trainable params
5.4 M     Total params
21.599    Total estimated model params size (MB)
`Trainer.fit` stopped: `max_epochs=149` reached.
[I 2024-05-04 03:22:05,898] Trial 71 finished with value: 0.13558077812194824 and parameters: {'hidden_dim': 1937, 'n_layers': 2, 'dropout': 0.08265000659342059, 'depth': 6, 'max_epochs': 149}. Best is trial 22 with value: 0.12821868062019348.
GPU available: True (cuda), used: True
TPU available: False, using: 0 TPU cores
IPU available: False, using: 0 IPUs
HPU available: False, using: 0 HPUs
LOCAL_RANK: 0 - CUDA_VISIBLE_DEVICES: [GPU-b72b8c0d-1f71-551f-8762-96059ca70389]
Loading `train_dataloader` to estimate number of stepping batches.

  | Name            | Type                         | Params
-----------------------------------------------------------------
0 | message_passing | MulticomponentMessagePassing | 455 K 
1 | agg             | MeanAggregation              | 0     
2 | bn              | BatchNorm1d                  | 1.2 K 
3 | predictor       | RegressionFFN                | 5.6 M 
4 | X_d_transform   | Identity                     | 0     
-----------------------------------------------------------------
6.1 M     Trainable params
0         Non-trainable params
6.1 M     Total params
24.364    Total estimated model params size (MB)
`Trainer.fit` stopped: `max_epochs=131` reached.
[I 2024-05-04 03:25:19,247] Trial 72 finished with value: 0.1308925598859787 and parameters: {'hidden_dim': 2086, 'n_layers': 2, 'dropout': 0.09647984961371776, 'depth': 6, 'max_epochs': 131}. Best is trial 22 with value: 0.12821868062019348.
GPU available: True (cuda), used: True
TPU available: False, using: 0 TPU cores
IPU available: False, using: 0 IPUs
HPU available: False, using: 0 HPUs
LOCAL_RANK: 0 - CUDA_VISIBLE_DEVICES: [GPU-b72b8c0d-1f71-551f-8762-96059ca70389]
Loading `train_dataloader` to estimate number of stepping batches.

  | Name            | Type                         | Params
-----------------------------------------------------------------
0 | message_passing | MulticomponentMessagePassing | 455 K 
1 | agg             | MeanAggregation              | 0     
2 | bn              | BatchNorm1d                  | 1.2 K 
3 | predictor       | RegressionFFN                | 5.4 M 
4 | X_d_transform   | Identity                     | 0     
-----------------------------------------------------------------
5.8 M     Trainable params
0         Non-trainable params
5.8 M     Total params
23.266    Total estimated model params size (MB)
`Trainer.fit` stopped: `max_epochs=127` reached.
[I 2024-05-04 03:28:26,314] Trial 73 finished with value: 0.13395944237709045 and parameters: {'hidden_dim': 2028, 'n_layers': 2, 'dropout': 0.07066618621660431, 'depth': 6, 'max_epochs': 127}. Best is trial 22 with value: 0.12821868062019348.
GPU available: True (cuda), used: True
TPU available: False, using: 0 TPU cores
IPU available: False, using: 0 IPUs
HPU available: False, using: 0 HPUs
LOCAL_RANK: 0 - CUDA_VISIBLE_DEVICES: [GPU-b72b8c0d-1f71-551f-8762-96059ca70389]
Loading `train_dataloader` to estimate number of stepping batches.

  | Name            | Type                         | Params
-----------------------------------------------------------------
0 | message_passing | MulticomponentMessagePassing | 455 K 
1 | agg             | MeanAggregation              | 0     
2 | bn              | BatchNorm1d                  | 1.2 K 
3 | predictor       | RegressionFFN                | 5.7 M 
4 | X_d_transform   | Identity                     | 0     
-----------------------------------------------------------------
6.2 M     Trainable params
0         Non-trainable params
6.2 M     Total params
24.825    Total estimated model params size (MB)
`Trainer.fit` stopped: `max_epochs=133` reached.
[I 2024-05-04 03:31:39,572] Trial 74 finished with value: 0.14539816975593567 and parameters: {'hidden_dim': 2110, 'n_layers': 2, 'dropout': 0.10039967981652573, 'depth': 6, 'max_epochs': 133}. Best is trial 22 with value: 0.12821868062019348.
GPU available: True (cuda), used: True
TPU available: False, using: 0 TPU cores
IPU available: False, using: 0 IPUs
HPU available: False, using: 0 HPUs
LOCAL_RANK: 0 - CUDA_VISIBLE_DEVICES: [GPU-b72b8c0d-1f71-551f-8762-96059ca70389]
Loading `train_dataloader` to estimate number of stepping batches.

  | Name            | Type                         | Params
-----------------------------------------------------------------
0 | message_passing | MulticomponentMessagePassing | 455 K 
1 | agg             | MeanAggregation              | 0     
2 | bn              | BatchNorm1d                  | 1.2 K 
3 | predictor       | RegressionFFN                | 3.2 M 
4 | X_d_transform   | Identity                     | 0     
-----------------------------------------------------------------
3.6 M     Trainable params
0         Non-trainable params
3.6 M     Total params
14.473    Total estimated model params size (MB)
`Trainer.fit` stopped: `max_epochs=122` reached.
[I 2024-05-04 03:34:40,022] Trial 75 finished with value: 0.14606447517871857 and parameters: {'hidden_dim': 1497, 'n_layers': 2, 'dropout': 0.1209377052405165, 'depth': 6, 'max_epochs': 122}. Best is trial 22 with value: 0.12821868062019348.
GPU available: True (cuda), used: True
TPU available: False, using: 0 TPU cores
IPU available: False, using: 0 IPUs
HPU available: False, using: 0 HPUs
LOCAL_RANK: 0 - CUDA_VISIBLE_DEVICES: [GPU-b72b8c0d-1f71-551f-8762-96059ca70389]
Loading `train_dataloader` to estimate number of stepping batches.

  | Name            | Type                         | Params
-----------------------------------------------------------------
0 | message_passing | MulticomponentMessagePassing | 455 K 
1 | agg             | MeanAggregation              | 0     
2 | bn              | BatchNorm1d                  | 1.2 K 
3 | predictor       | RegressionFFN                | 2.4 M 
4 | X_d_transform   | Identity                     | 0     
-----------------------------------------------------------------
2.9 M     Trainable params
0         Non-trainable params
2.9 M     Total params
11.580    Total estimated model params size (MB)
`Trainer.fit` stopped: `max_epochs=110` reached.
[I 2024-05-04 03:37:11,281] Trial 76 finished with value: 0.12902222573757172 and parameters: {'hidden_dim': 1284, 'n_layers': 2, 'dropout': 0.0472642988326324, 'depth': 6, 'max_epochs': 110}. Best is trial 22 with value: 0.12821868062019348.
GPU available: True (cuda), used: True
TPU available: False, using: 0 TPU cores
IPU available: False, using: 0 IPUs
HPU available: False, using: 0 HPUs
LOCAL_RANK: 0 - CUDA_VISIBLE_DEVICES: [GPU-b72b8c0d-1f71-551f-8762-96059ca70389]
Loading `train_dataloader` to estimate number of stepping batches.

  | Name            | Type                         | Params
-----------------------------------------------------------------
0 | message_passing | MulticomponentMessagePassing | 455 K 
1 | agg             | MeanAggregation              | 0     
2 | bn              | BatchNorm1d                  | 1.2 K 
3 | predictor       | RegressionFFN                | 2.6 M 
4 | X_d_transform   | Identity                     | 0     
-----------------------------------------------------------------
3.0 M     Trainable params
0         Non-trainable params
3.0 M     Total params
12.148    Total estimated model params size (MB)
`Trainer.fit` stopped: `max_epochs=106` reached.
[I 2024-05-04 03:39:40,021] Trial 77 finished with value: 0.13458575308322906 and parameters: {'hidden_dim': 1328, 'n_layers': 2, 'dropout': 0.04914143016422547, 'depth': 6, 'max_epochs': 106}. Best is trial 22 with value: 0.12821868062019348.
GPU available: True (cuda), used: True
TPU available: False, using: 0 TPU cores
IPU available: False, using: 0 IPUs
HPU available: False, using: 0 HPUs
LOCAL_RANK: 0 - CUDA_VISIBLE_DEVICES: [GPU-b72b8c0d-1f71-551f-8762-96059ca70389]
Loading `train_dataloader` to estimate number of stepping batches.

  | Name            | Type                         | Params
-----------------------------------------------------------------
0 | message_passing | MulticomponentMessagePassing | 455 K 
1 | agg             | MeanAggregation              | 0     
2 | bn              | BatchNorm1d                  | 1.2 K 
3 | predictor       | RegressionFFN                | 2.2 M 
4 | X_d_transform   | Identity                     | 0     
-----------------------------------------------------------------
2.7 M     Trainable params
0         Non-trainable params
2.7 M     Total params
10.659    Total estimated model params size (MB)
`Trainer.fit` stopped: `max_epochs=109` reached.
[I 2024-05-04 03:42:26,833] Trial 78 finished with value: 0.15649466216564178 and parameters: {'hidden_dim': 1210, 'n_layers': 2, 'dropout': 0.03771370869267684, 'depth': 5, 'max_epochs': 109}. Best is trial 22 with value: 0.12821868062019348.
GPU available: True (cuda), used: True
TPU available: False, using: 0 TPU cores
IPU available: False, using: 0 IPUs
HPU available: False, using: 0 HPUs
LOCAL_RANK: 0 - CUDA_VISIBLE_DEVICES: [GPU-b72b8c0d-1f71-551f-8762-96059ca70389]
Loading `train_dataloader` to estimate number of stepping batches.

  | Name            | Type                         | Params
-----------------------------------------------------------------
0 | message_passing | MulticomponentMessagePassing | 455 K 
1 | agg             | MeanAggregation              | 0     
2 | bn              | BatchNorm1d                  | 1.2 K 
3 | predictor       | RegressionFFN                | 2.6 M 
4 | X_d_transform   | Identity                     | 0     
-----------------------------------------------------------------
3.1 M     Trainable params
0         Non-trainable params
3.1 M     Total params
12.292    Total estimated model params size (MB)
`Trainer.fit` stopped: `max_epochs=100` reached.
[I 2024-05-04 03:44:44,705] Trial 79 finished with value: 0.14160391688346863 and parameters: {'hidden_dim': 1339, 'n_layers': 2, 'dropout': 0.09285317671913731, 'depth': 6, 'max_epochs': 100}. Best is trial 22 with value: 0.12821868062019348.
GPU available: True (cuda), used: True
TPU available: False, using: 0 TPU cores
IPU available: False, using: 0 IPUs
HPU available: False, using: 0 HPUs
LOCAL_RANK: 0 - CUDA_VISIBLE_DEVICES: [GPU-b72b8c0d-1f71-551f-8762-96059ca70389]
Loading `train_dataloader` to estimate number of stepping batches.

  | Name            | Type                         | Params
-----------------------------------------------------------------
0 | message_passing | MulticomponentMessagePassing | 455 K 
1 | agg             | MeanAggregation              | 0     
2 | bn              | BatchNorm1d                  | 1.2 K 
3 | predictor       | RegressionFFN                | 3.9 M 
4 | X_d_transform   | Identity                     | 0     
-----------------------------------------------------------------
4.4 M     Trainable params
0         Non-trainable params
4.4 M     Total params
17.408    Total estimated model params size (MB)
`Trainer.fit` stopped: `max_epochs=66` reached.
[I 2024-05-04 03:46:10,774] Trial 80 finished with value: 0.14162683486938477 and parameters: {'hidden_dim': 1690, 'n_layers': 2, 'dropout': 0.022337934182281943, 'depth': 3, 'max_epochs': 66}. Best is trial 22 with value: 0.12821868062019348.
GPU available: True (cuda), used: True
TPU available: False, using: 0 TPU cores
IPU available: False, using: 0 IPUs
HPU available: False, using: 0 HPUs
LOCAL_RANK: 0 - CUDA_VISIBLE_DEVICES: [GPU-b72b8c0d-1f71-551f-8762-96059ca70389]
Loading `train_dataloader` to estimate number of stepping batches.

  | Name            | Type                         | Params
-----------------------------------------------------------------
0 | message_passing | MulticomponentMessagePassing | 455 K 
1 | agg             | MeanAggregation              | 0     
2 | bn              | BatchNorm1d                  | 1.2 K 
3 | predictor       | RegressionFFN                | 4.5 M 
4 | X_d_transform   | Identity                     | 0     
-----------------------------------------------------------------
5.0 M     Trainable params
0         Non-trainable params
5.0 M     Total params
19.861    Total estimated model params size (MB)
`Trainer.fit` stopped: `max_epochs=142` reached.
[I 2024-05-04 03:49:32,990] Trial 81 finished with value: 0.14429117739200592 and parameters: {'hidden_dim': 1838, 'n_layers': 2, 'dropout': 0.06859891995874937, 'depth': 6, 'max_epochs': 142}. Best is trial 22 with value: 0.12821868062019348.
GPU available: True (cuda), used: True
TPU available: False, using: 0 TPU cores
IPU available: False, using: 0 IPUs
HPU available: False, using: 0 HPUs
LOCAL_RANK: 0 - CUDA_VISIBLE_DEVICES: [GPU-b72b8c0d-1f71-551f-8762-96059ca70389]
Loading `train_dataloader` to estimate number of stepping batches.

  | Name            | Type                         | Params
-----------------------------------------------------------------
0 | message_passing | MulticomponentMessagePassing | 455 K 
1 | agg             | MeanAggregation              | 0     
2 | bn              | BatchNorm1d                  | 1.2 K 
3 | predictor       | RegressionFFN                | 1.5 M 
4 | X_d_transform   | Identity                     | 0     
-----------------------------------------------------------------
2.0 M     Trainable params
0         Non-trainable params
2.0 M     Total params
8.017     Total estimated model params size (MB)
`Trainer.fit` stopped: `max_epochs=130` reached.
[I 2024-05-04 03:52:27,971] Trial 82 finished with value: 0.1489638239145279 and parameters: {'hidden_dim': 974, 'n_layers': 2, 'dropout': 0.19482780978392594, 'depth': 6, 'max_epochs': 130}. Best is trial 22 with value: 0.12821868062019348.
GPU available: True (cuda), used: True
TPU available: False, using: 0 TPU cores
IPU available: False, using: 0 IPUs
HPU available: False, using: 0 HPUs
LOCAL_RANK: 0 - CUDA_VISIBLE_DEVICES: [GPU-b72b8c0d-1f71-551f-8762-96059ca70389]
Loading `train_dataloader` to estimate number of stepping batches.

  | Name            | Type                         | Params
-----------------------------------------------------------------
0 | message_passing | MulticomponentMessagePassing | 455 K 
1 | agg             | MeanAggregation              | 0     
2 | bn              | BatchNorm1d                  | 1.2 K 
3 | predictor       | RegressionFFN                | 6.6 M 
4 | X_d_transform   | Identity                     | 0     
-----------------------------------------------------------------
7.1 M     Trainable params
0         Non-trainable params
7.1 M     Total params
28.229    Total estimated model params size (MB)
`Trainer.fit` stopped: `max_epochs=121` reached.
[I 2024-05-04 03:55:27,923] Trial 83 finished with value: 0.1369365006685257 and parameters: {'hidden_dim': 2280, 'n_layers': 2, 'dropout': 0.18520970382441967, 'depth': 6, 'max_epochs': 121}. Best is trial 22 with value: 0.12821868062019348.
GPU available: True (cuda), used: True
TPU available: False, using: 0 TPU cores
IPU available: False, using: 0 IPUs
HPU available: False, using: 0 HPUs
LOCAL_RANK: 0 - CUDA_VISIBLE_DEVICES: [GPU-b72b8c0d-1f71-551f-8762-96059ca70389]
Loading `train_dataloader` to estimate number of stepping batches.

  | Name            | Type                         | Params
-----------------------------------------------------------------
0 | message_passing | MulticomponentMessagePassing | 455 K 
1 | agg             | MeanAggregation              | 0     
2 | bn              | BatchNorm1d                  | 1.2 K 
3 | predictor       | RegressionFFN                | 6.3 M 
4 | X_d_transform   | Identity                     | 0     
-----------------------------------------------------------------
6.7 M     Trainable params
0         Non-trainable params
6.7 M     Total params
26.981    Total estimated model params size (MB)
`Trainer.fit` stopped: `max_epochs=156` reached.
[I 2024-05-04 03:59:20,205] Trial 84 finished with value: 0.1341206580400467 and parameters: {'hidden_dim': 2219, 'n_layers': 2, 'dropout': 0.11648943015323883, 'depth': 6, 'max_epochs': 156}. Best is trial 22 with value: 0.12821868062019348.
GPU available: True (cuda), used: True
TPU available: False, using: 0 TPU cores
IPU available: False, using: 0 IPUs
HPU available: False, using: 0 HPUs
LOCAL_RANK: 0 - CUDA_VISIBLE_DEVICES: [GPU-b72b8c0d-1f71-551f-8762-96059ca70389]
Loading `train_dataloader` to estimate number of stepping batches.

  | Name            | Type                         | Params
-----------------------------------------------------------------
0 | message_passing | MulticomponentMessagePassing | 455 K 
1 | agg             | MeanAggregation              | 0     
2 | bn              | BatchNorm1d                  | 1.2 K 
3 | predictor       | RegressionFFN                | 5.5 M 
4 | X_d_transform   | Identity                     | 0     
-----------------------------------------------------------------
6.0 M     Trainable params
0         Non-trainable params
6.0 M     Total params
23.982    Total estimated model params size (MB)
`Trainer.fit` stopped: `max_epochs=148` reached.
[I 2024-05-04 04:02:54,605] Trial 85 finished with value: 0.1413363665342331 and parameters: {'hidden_dim': 2066, 'n_layers': 2, 'dropout': 0.20434207156915435, 'depth': 6, 'max_epochs': 148}. Best is trial 22 with value: 0.12821868062019348.
GPU available: True (cuda), used: True
TPU available: False, using: 0 TPU cores
IPU available: False, using: 0 IPUs
HPU available: False, using: 0 HPUs
LOCAL_RANK: 0 - CUDA_VISIBLE_DEVICES: [GPU-b72b8c0d-1f71-551f-8762-96059ca70389]
Loading `train_dataloader` to estimate number of stepping batches.

  | Name            | Type                         | Params
-----------------------------------------------------------------
0 | message_passing | MulticomponentMessagePassing | 455 K 
1 | agg             | MeanAggregation              | 0     
2 | bn              | BatchNorm1d                  | 1.2 K 
3 | predictor       | RegressionFFN                | 9.1 M 
4 | X_d_transform   | Identity                     | 0     
-----------------------------------------------------------------
9.6 M     Trainable params
0         Non-trainable params
9.6 M     Total params
38.376    Total estimated model params size (MB)
`Trainer.fit` stopped: `max_epochs=114` reached.
[I 2024-05-04 04:05:57,245] Trial 86 finished with value: 0.15372194349765778 and parameters: {'hidden_dim': 1989, 'n_layers': 3, 'dropout': 0.0762802950901907, 'depth': 6, 'max_epochs': 114}. Best is trial 22 with value: 0.12821868062019348.
GPU available: True (cuda), used: True
TPU available: False, using: 0 TPU cores
IPU available: False, using: 0 IPUs
HPU available: False, using: 0 HPUs
LOCAL_RANK: 0 - CUDA_VISIBLE_DEVICES: [GPU-b72b8c0d-1f71-551f-8762-96059ca70389]
Loading `train_dataloader` to estimate number of stepping batches.

  | Name            | Type                         | Params
-----------------------------------------------------------------
0 | message_passing | MulticomponentMessagePassing | 455 K 
1 | agg             | MeanAggregation              | 0     
2 | bn              | BatchNorm1d                  | 1.2 K 
3 | predictor       | RegressionFFN                | 7.0 M 
4 | X_d_transform   | Identity                     | 0     
-----------------------------------------------------------------
7.4 M     Trainable params
0         Non-trainable params
7.4 M     Total params
29.655    Total estimated model params size (MB)
`Trainer.fit` stopped: `max_epochs=140` reached.
