[I 2024-05-04 09:06:04,791] Trial 159 finished with value: 0.13279324769973755 and parameters: {'hidden_dim': 1959, 'n_layers': 2, 'dropout': 0.043145246594611115, 'depth': 6, 'max_epochs': 171}. Best is trial 126 with value: 0.1266968995332718.
GPU available: True (cuda), used: True
TPU available: False, using: 0 TPU cores
IPU available: False, using: 0 IPUs
HPU available: False, using: 0 HPUs
LOCAL_RANK: 0 - CUDA_VISIBLE_DEVICES: [GPU-b72b8c0d-1f71-551f-8762-96059ca70389]
Loading `train_dataloader` to estimate number of stepping batches.

  | Name            | Type                         | Params
-----------------------------------------------------------------
0 | message_passing | MulticomponentMessagePassing | 455 K 
1 | agg             | MeanAggregation              | 0     
2 | bn              | BatchNorm1d                  | 1.2 K 
3 | predictor       | RegressionFFN                | 4.6 M 
4 | X_d_transform   | Identity                     | 0     
-----------------------------------------------------------------
5.1 M     Trainable params
0         Non-trainable params
5.1 M     Total params
20.206    Total estimated model params size (MB)
`Trainer.fit` stopped: `max_epochs=75` reached.
[I 2024-05-04 09:07:55,314] Trial 160 finished with value: 0.13628123700618744 and parameters: {'hidden_dim': 1858, 'n_layers': 2, 'dropout': 0.018777537534488707, 'depth': 6, 'max_epochs': 75}. Best is trial 126 with value: 0.1266968995332718.
GPU available: True (cuda), used: True
TPU available: False, using: 0 TPU cores
IPU available: False, using: 0 IPUs
HPU available: False, using: 0 HPUs
LOCAL_RANK: 0 - CUDA_VISIBLE_DEVICES: [GPU-b72b8c0d-1f71-551f-8762-96059ca70389]
Loading `train_dataloader` to estimate number of stepping batches.

  | Name            | Type                         | Params
-----------------------------------------------------------------
0 | message_passing | MulticomponentMessagePassing | 455 K 
1 | agg             | MeanAggregation              | 0     
2 | bn              | BatchNorm1d                  | 1.2 K 
3 | predictor       | RegressionFFN                | 4.2 M 
4 | X_d_transform   | Identity                     | 0     
-----------------------------------------------------------------
4.7 M     Trainable params
0         Non-trainable params
4.7 M     Total params
18.812    Total estimated model params size (MB)
`Trainer.fit` stopped: `max_epochs=177` reached.
[I 2024-05-04 09:12:26,873] Trial 161 finished with value: 0.1332983523607254 and parameters: {'hidden_dim': 1776, 'n_layers': 2, 'dropout': 0.025803378315792682, 'depth': 6, 'max_epochs': 177}. Best is trial 126 with value: 0.1266968995332718.
GPU available: True (cuda), used: True
TPU available: False, using: 0 TPU cores
IPU available: False, using: 0 IPUs
HPU available: False, using: 0 HPUs
LOCAL_RANK: 0 - CUDA_VISIBLE_DEVICES: [GPU-b72b8c0d-1f71-551f-8762-96059ca70389]
Loading `train_dataloader` to estimate number of stepping batches.

  | Name            | Type                         | Params
-----------------------------------------------------------------
0 | message_passing | MulticomponentMessagePassing | 455 K 
1 | agg             | MeanAggregation              | 0     
2 | bn              | BatchNorm1d                  | 1.2 K 
3 | predictor       | RegressionFFN                | 4.5 M 
4 | X_d_transform   | Identity                     | 0     
-----------------------------------------------------------------
4.9 M     Trainable params
0         Non-trainable params
4.9 M     Total params
19.724    Total estimated model params size (MB)
`Trainer.fit` stopped: `max_epochs=169` reached.
[I 2024-05-04 09:16:31,667] Trial 162 finished with value: 0.13240249454975128 and parameters: {'hidden_dim': 1830, 'n_layers': 2, 'dropout': 0.011463682041369674, 'depth': 6, 'max_epochs': 169}. Best is trial 126 with value: 0.1266968995332718.
GPU available: True (cuda), used: True
TPU available: False, using: 0 TPU cores
IPU available: False, using: 0 IPUs
HPU available: False, using: 0 HPUs
LOCAL_RANK: 0 - CUDA_VISIBLE_DEVICES: [GPU-b72b8c0d-1f71-551f-8762-96059ca70389]
Loading `train_dataloader` to estimate number of stepping batches.

  | Name            | Type                         | Params
-----------------------------------------------------------------
0 | message_passing | MulticomponentMessagePassing | 455 K 
1 | agg             | MeanAggregation              | 0     
2 | bn              | BatchNorm1d                  | 1.2 K 
3 | predictor       | RegressionFFN                | 4.7 M 
4 | X_d_transform   | Identity                     | 0     
-----------------------------------------------------------------
5.1 M     Trainable params
0         Non-trainable params
5.1 M     Total params
20.519    Total estimated model params size (MB)
`Trainer.fit` stopped: `max_epochs=166` reached.
[I 2024-05-04 09:20:32,782] Trial 163 finished with value: 0.1322105973958969 and parameters: {'hidden_dim': 1876, 'n_layers': 2, 'dropout': 0.023445297046960994, 'depth': 6, 'max_epochs': 166}. Best is trial 126 with value: 0.1266968995332718.
GPU available: True (cuda), used: True
TPU available: False, using: 0 TPU cores
IPU available: False, using: 0 IPUs
HPU available: False, using: 0 HPUs
LOCAL_RANK: 0 - CUDA_VISIBLE_DEVICES: [GPU-b72b8c0d-1f71-551f-8762-96059ca70389]
Loading `train_dataloader` to estimate number of stepping batches.

  | Name            | Type                         | Params
-----------------------------------------------------------------
0 | message_passing | MulticomponentMessagePassing | 455 K 
1 | agg             | MeanAggregation              | 0     
2 | bn              | BatchNorm1d                  | 1.2 K 
3 | predictor       | RegressionFFN                | 4.3 M 
4 | X_d_transform   | Identity                     | 0     
-----------------------------------------------------------------
4.7 M     Trainable params
0         Non-trainable params
4.7 M     Total params
18.929    Total estimated model params size (MB)
`Trainer.fit` stopped: `max_epochs=175` reached.
[I 2024-05-04 09:24:48,769] Trial 164 finished with value: 0.13066591322422028 and parameters: {'hidden_dim': 1783, 'n_layers': 2, 'dropout': 0.0526793066196653, 'depth': 6, 'max_epochs': 175}. Best is trial 126 with value: 0.1266968995332718.
GPU available: True (cuda), used: True
TPU available: False, using: 0 TPU cores
IPU available: False, using: 0 IPUs
HPU available: False, using: 0 HPUs
LOCAL_RANK: 0 - CUDA_VISIBLE_DEVICES: [GPU-b72b8c0d-1f71-551f-8762-96059ca70389]
Loading `train_dataloader` to estimate number of stepping batches.

  | Name            | Type                         | Params
-----------------------------------------------------------------
0 | message_passing | MulticomponentMessagePassing | 455 K 
1 | agg             | MeanAggregation              | 0     
2 | bn              | BatchNorm1d                  | 1.2 K 
3 | predictor       | RegressionFFN                | 5.0 M 
4 | X_d_transform   | Identity                     | 0     
-----------------------------------------------------------------
5.5 M     Trainable params
0         Non-trainable params
5.5 M     Total params
21.851    Total estimated model params size (MB)
`Trainer.fit` stopped: `max_epochs=182` reached.
[I 2024-05-04 09:29:27,301] Trial 165 finished with value: 0.13466016948223114 and parameters: {'hidden_dim': 1951, 'n_layers': 2, 'dropout': 0.05269998976441115, 'depth': 6, 'max_epochs': 182}. Best is trial 126 with value: 0.1266968995332718.
GPU available: True (cuda), used: True
TPU available: False, using: 0 TPU cores
IPU available: False, using: 0 IPUs
HPU available: False, using: 0 HPUs
LOCAL_RANK: 0 - CUDA_VISIBLE_DEVICES: [GPU-b72b8c0d-1f71-551f-8762-96059ca70389]
Loading `train_dataloader` to estimate number of stepping batches.

  | Name            | Type                         | Params
-----------------------------------------------------------------
0 | message_passing | MulticomponentMessagePassing | 455 K 
1 | agg             | MeanAggregation              | 0     
2 | bn              | BatchNorm1d                  | 1.2 K 
3 | predictor       | RegressionFFN                | 4.1 M 
4 | X_d_transform   | Identity                     | 0     
-----------------------------------------------------------------
4.6 M     Trainable params
0         Non-trainable params
4.6 M     Total params
18.201    Total estimated model params size (MB)
`Trainer.fit` stopped: `max_epochs=172` reached.
[I 2024-05-04 09:33:38,216] Trial 166 finished with value: 0.13152147829532623 and parameters: {'hidden_dim': 1739, 'n_layers': 2, 'dropout': 0.041449132382489054, 'depth': 6, 'max_epochs': 172}. Best is trial 126 with value: 0.1266968995332718.
GPU available: True (cuda), used: True
TPU available: False, using: 0 TPU cores
IPU available: False, using: 0 IPUs
HPU available: False, using: 0 HPUs
LOCAL_RANK: 0 - CUDA_VISIBLE_DEVICES: [GPU-b72b8c0d-1f71-551f-8762-96059ca70389]
Loading `train_dataloader` to estimate number of stepping batches.

  | Name            | Type                         | Params
-----------------------------------------------------------------
0 | message_passing | MulticomponentMessagePassing | 455 K 
1 | agg             | MeanAggregation              | 0     
2 | bn              | BatchNorm1d                  | 1.2 K 
3 | predictor       | RegressionFFN                | 5.4 M 
4 | X_d_transform   | Identity                     | 0     
-----------------------------------------------------------------
5.9 M     Trainable params
0         Non-trainable params
5.9 M     Total params
23.566    Total estimated model params size (MB)
`Trainer.fit` stopped: `max_epochs=160` reached.
[I 2024-05-04 09:37:36,515] Trial 167 finished with value: 0.1349511444568634 and parameters: {'hidden_dim': 2044, 'n_layers': 2, 'dropout': 0.0616030906889531, 'depth': 6, 'max_epochs': 160}. Best is trial 126 with value: 0.1266968995332718.
GPU available: True (cuda), used: True
TPU available: False, using: 0 TPU cores
IPU available: False, using: 0 IPUs
HPU available: False, using: 0 HPUs
LOCAL_RANK: 0 - CUDA_VISIBLE_DEVICES: [GPU-b72b8c0d-1f71-551f-8762-96059ca70389]
Loading `train_dataloader` to estimate number of stepping batches.

  | Name            | Type                         | Params
-----------------------------------------------------------------
0 | message_passing | MulticomponentMessagePassing | 455 K 
1 | agg             | MeanAggregation              | 0     
2 | bn              | BatchNorm1d                  | 1.2 K 
3 | predictor       | RegressionFFN                | 4.8 M 
4 | X_d_transform   | Identity                     | 0     
-----------------------------------------------------------------
5.2 M     Trainable params
0         Non-trainable params
5.2 M     Total params
20.940    Total estimated model params size (MB)
`Trainer.fit` stopped: `max_epochs=163` reached.
[I 2024-05-04 09:41:38,777] Trial 168 finished with value: 0.12814603745937347 and parameters: {'hidden_dim': 1900, 'n_layers': 2, 'dropout': 0.008071036095259098, 'depth': 6, 'max_epochs': 163}. Best is trial 126 with value: 0.1266968995332718.
GPU available: True (cuda), used: True
TPU available: False, using: 0 TPU cores
IPU available: False, using: 0 IPUs
HPU available: False, using: 0 HPUs
LOCAL_RANK: 0 - CUDA_VISIBLE_DEVICES: [GPU-b72b8c0d-1f71-551f-8762-96059ca70389]
Loading `train_dataloader` to estimate number of stepping batches.

  | Name            | Type                         | Params
-----------------------------------------------------------------
0 | message_passing | MulticomponentMessagePassing | 455 K 
1 | agg             | MeanAggregation              | 0     
2 | bn              | BatchNorm1d                  | 1.2 K 
3 | predictor       | RegressionFFN                | 3.8 M 
4 | X_d_transform   | Identity                     | 0     
-----------------------------------------------------------------
4.3 M     Trainable params
0         Non-trainable params
4.3 M     Total params
17.027    Total estimated model params size (MB)
`Trainer.fit` stopped: `max_epochs=162` reached.
[I 2024-05-04 09:45:45,264] Trial 169 finished with value: 0.13325534760951996 and parameters: {'hidden_dim': 1666, 'n_layers': 2, 'dropout': 0.01530206643363052, 'depth': 6, 'max_epochs': 162}. Best is trial 126 with value: 0.1266968995332718.
GPU available: True (cuda), used: True
TPU available: False, using: 0 TPU cores
IPU available: False, using: 0 IPUs
HPU available: False, using: 0 HPUs
LOCAL_RANK: 0 - CUDA_VISIBLE_DEVICES: [GPU-b72b8c0d-1f71-551f-8762-96059ca70389]
Loading `train_dataloader` to estimate number of stepping batches.

  | Name            | Type                         | Params
-----------------------------------------------------------------
0 | message_passing | MulticomponentMessagePassing | 455 K 
1 | agg             | MeanAggregation              | 0     
2 | bn              | BatchNorm1d                  | 1.2 K 
3 | predictor       | RegressionFFN                | 3.4 M 
4 | X_d_transform   | Identity                     | 0     
-----------------------------------------------------------------
3.9 M     Trainable params
0         Non-trainable params
3.9 M     Total params
15.548    Total estimated model params size (MB)
`Trainer.fit` stopped: `max_epochs=166` reached.
[I 2024-05-04 09:50:05,042] Trial 170 finished with value: 0.1373349279165268 and parameters: {'hidden_dim': 1570, 'n_layers': 2, 'dropout': 0.03367769670245102, 'depth': 6, 'max_epochs': 166}. Best is trial 126 with value: 0.1266968995332718.
GPU available: True (cuda), used: True
TPU available: False, using: 0 TPU cores
IPU available: False, using: 0 IPUs
HPU available: False, using: 0 HPUs
LOCAL_RANK: 0 - CUDA_VISIBLE_DEVICES: [GPU-b72b8c0d-1f71-551f-8762-96059ca70389]
Loading `train_dataloader` to estimate number of stepping batches.

  | Name            | Type                         | Params
-----------------------------------------------------------------
0 | message_passing | MulticomponentMessagePassing | 455 K 
1 | agg             | MeanAggregation              | 0     
2 | bn              | BatchNorm1d                  | 1.2 K 
3 | predictor       | RegressionFFN                | 4.8 M 
4 | X_d_transform   | Identity                     | 0     
-----------------------------------------------------------------
5.3 M     Trainable params
0         Non-trainable params
5.3 M     Total params
21.011    Total estimated model params size (MB)
`Trainer.fit` stopped: `max_epochs=169` reached.
[I 2024-05-04 09:54:28,421] Trial 171 finished with value: 0.12567059695720673 and parameters: {'hidden_dim': 1904, 'n_layers': 2, 'dropout': 0.008338214973719747, 'depth': 6, 'max_epochs': 169}. Best is trial 171 with value: 0.12567059695720673.
GPU available: True (cuda), used: True
TPU available: False, using: 0 TPU cores
IPU available: False, using: 0 IPUs
HPU available: False, using: 0 HPUs
LOCAL_RANK: 0 - CUDA_VISIBLE_DEVICES: [GPU-b72b8c0d-1f71-551f-8762-96059ca70389]
Loading `train_dataloader` to estimate number of stepping batches.

  | Name            | Type                         | Params
-----------------------------------------------------------------
0 | message_passing | MulticomponentMessagePassing | 455 K 
1 | agg             | MeanAggregation              | 0     
2 | bn              | BatchNorm1d                  | 1.2 K 
3 | predictor       | RegressionFFN                | 4.7 M 
4 | X_d_transform   | Identity                     | 0     
-----------------------------------------------------------------
5.2 M     Trainable params
0         Non-trainable params
5.2 M     Total params
20.782    Total estimated model params size (MB)
`Trainer.fit` stopped: `max_epochs=169` reached.
[I 2024-05-04 09:58:40,978] Trial 172 finished with value: 0.1346386969089508 and parameters: {'hidden_dim': 1891, 'n_layers': 2, 'dropout': 0.009006546112096437, 'depth': 6, 'max_epochs': 169}. Best is trial 171 with value: 0.12567059695720673.
GPU available: True (cuda), used: True
TPU available: False, using: 0 TPU cores
IPU available: False, using: 0 IPUs
HPU available: False, using: 0 HPUs
LOCAL_RANK: 0 - CUDA_VISIBLE_DEVICES: [GPU-b72b8c0d-1f71-551f-8762-96059ca70389]
Loading `train_dataloader` to estimate number of stepping batches.

  | Name            | Type                         | Params
-----------------------------------------------------------------
0 | message_passing | MulticomponentMessagePassing | 455 K 
1 | agg             | MeanAggregation              | 0     
2 | bn              | BatchNorm1d                  | 1.2 K 
3 | predictor       | RegressionFFN                | 4.4 M 
4 | X_d_transform   | Identity                     | 0     
-----------------------------------------------------------------
4.9 M     Trainable params
0         Non-trainable params
4.9 M     Total params
19.485    Total estimated model params size (MB)
`Trainer.fit` stopped: `max_epochs=164` reached.
[I 2024-05-04 10:03:04,209] Trial 173 finished with value: 0.13531555235385895 and parameters: {'hidden_dim': 1816, 'n_layers': 2, 'dropout': 0.008387593292142163, 'depth': 6, 'max_epochs': 164}. Best is trial 171 with value: 0.12567059695720673.
GPU available: True (cuda), used: True
TPU available: False, using: 0 TPU cores
IPU available: False, using: 0 IPUs
HPU available: False, using: 0 HPUs
LOCAL_RANK: 0 - CUDA_VISIBLE_DEVICES: [GPU-b72b8c0d-1f71-551f-8762-96059ca70389]
Loading `train_dataloader` to estimate number of stepping batches.

  | Name            | Type                         | Params
-----------------------------------------------------------------
0 | message_passing | MulticomponentMessagePassing | 455 K 
1 | agg             | MeanAggregation              | 0     
2 | bn              | BatchNorm1d                  | 1.2 K 
3 | predictor       | RegressionFFN                | 5.1 M 
4 | X_d_transform   | Identity                     | 0     
-----------------------------------------------------------------
5.6 M     Trainable params
0         Non-trainable params
5.6 M     Total params
22.342    Total estimated model params size (MB)
`Trainer.fit` stopped: `max_epochs=174` reached.
[I 2024-05-04 10:07:52,052] Trial 174 finished with value: 0.13886719942092896 and parameters: {'hidden_dim': 1978, 'n_layers': 2, 'dropout': 0.018763530953719677, 'depth': 6, 'max_epochs': 174}. Best is trial 171 with value: 0.12567059695720673.
GPU available: True (cuda), used: True
TPU available: False, using: 0 TPU cores
IPU available: False, using: 0 IPUs
HPU available: False, using: 0 HPUs
LOCAL_RANK: 0 - CUDA_VISIBLE_DEVICES: [GPU-b72b8c0d-1f71-551f-8762-96059ca70389]
Loading `train_dataloader` to estimate number of stepping batches.

  | Name            | Type                         | Params
-----------------------------------------------------------------
0 | message_passing | MulticomponentMessagePassing | 455 K 
1 | agg             | MeanAggregation              | 0     
2 | bn              | BatchNorm1d                  | 1.2 K 
3 | predictor       | RegressionFFN                | 4.2 M 
4 | X_d_transform   | Identity                     | 0     
-----------------------------------------------------------------
4.6 M     Trainable params
0         Non-trainable params
4.6 M     Total params
18.596    Total estimated model params size (MB)
`Trainer.fit` stopped: `max_epochs=168` reached.
[I 2024-05-04 10:12:38,683] Trial 175 finished with value: 0.13450612127780914 and parameters: {'hidden_dim': 1763, 'n_layers': 2, 'dropout': 0.050568964085385915, 'depth': 6, 'max_epochs': 168}. Best is trial 171 with value: 0.12567059695720673.
GPU available: True (cuda), used: True
TPU available: False, using: 0 TPU cores
IPU available: False, using: 0 IPUs
HPU available: False, using: 0 HPUs
LOCAL_RANK: 0 - CUDA_VISIBLE_DEVICES: [GPU-b72b8c0d-1f71-551f-8762-96059ca70389]
Loading `train_dataloader` to estimate number of stepping batches.

  | Name            | Type                         | Params
-----------------------------------------------------------------
0 | message_passing | MulticomponentMessagePassing | 455 K 
1 | agg             | MeanAggregation              | 0     
2 | bn              | BatchNorm1d                  | 1.2 K 
3 | predictor       | RegressionFFN                | 4.9 M 
4 | X_d_transform   | Identity                     | 0     
-----------------------------------------------------------------
5.4 M     Trainable params
0         Non-trainable params
5.4 M     Total params
21.420    Total estimated model params size (MB)
`Trainer.fit` stopped: `max_epochs=158` reached.
[I 2024-05-04 10:16:40,786] Trial 176 finished with value: 0.1488872617483139 and parameters: {'hidden_dim': 1927, 'n_layers': 2, 'dropout': 0.2254316543211109, 'depth': 6, 'max_epochs': 158}. Best is trial 171 with value: 0.12567059695720673.
GPU available: True (cuda), used: True
TPU available: False, using: 0 TPU cores
IPU available: False, using: 0 IPUs
HPU available: False, using: 0 HPUs
LOCAL_RANK: 0 - CUDA_VISIBLE_DEVICES: [GPU-b72b8c0d-1f71-551f-8762-96059ca70389]
Loading `train_dataloader` to estimate number of stepping batches.

  | Name            | Type                         | Params
-----------------------------------------------------------------
0 | message_passing | MulticomponentMessagePassing | 455 K 
1 | agg             | MeanAggregation              | 0     
2 | bn              | BatchNorm1d                  | 1.2 K 
3 | predictor       | RegressionFFN                | 4.5 M 
4 | X_d_transform   | Identity                     | 0     
-----------------------------------------------------------------
5.0 M     Trainable params
0         Non-trainable params
5.0 M     Total params
20.016    Total estimated model params size (MB)
`Trainer.fit` stopped: `max_epochs=162` reached.
