[I 2024-05-04 02:11:49,225] Trial 51 finished with value: 0.1349496692419052 and parameters: {'hidden_dim': 856, 'n_layers': 1, 'dropout': 0.05076656263564851, 'depth': 5, 'max_epochs': 170}. Best is trial 22 with value: 0.12821868062019348.
GPU available: True (cuda), used: True
TPU available: False, using: 0 TPU cores
IPU available: False, using: 0 IPUs
HPU available: False, using: 0 HPUs
LOCAL_RANK: 0 - CUDA_VISIBLE_DEVICES: [GPU-b72b8c0d-1f71-551f-8762-96059ca70389]
Loading `train_dataloader` to estimate number of stepping batches.

  | Name            | Type                         | Params
-----------------------------------------------------------------
0 | message_passing | MulticomponentMessagePassing | 455 K 
1 | agg             | MeanAggregation              | 0     
2 | bn              | BatchNorm1d                  | 1.2 K 
3 | predictor       | RegressionFFN                | 273 K 
4 | X_d_transform   | Identity                     | 0     
-----------------------------------------------------------------
729 K     Trainable params
0         Non-trainable params
729 K     Total params
2.919     Total estimated model params size (MB)
`Trainer.fit` stopped: `max_epochs=141` reached.
[I 2024-05-04 02:15:40,811] Trial 52 finished with value: 0.13475705683231354 and parameters: {'hidden_dim': 445, 'n_layers': 1, 'dropout': 0.011510632943096052, 'depth': 6, 'max_epochs': 141}. Best is trial 22 with value: 0.12821868062019348.
GPU available: True (cuda), used: True
TPU available: False, using: 0 TPU cores
IPU available: False, using: 0 IPUs
HPU available: False, using: 0 HPUs
LOCAL_RANK: 0 - CUDA_VISIBLE_DEVICES: [GPU-b72b8c0d-1f71-551f-8762-96059ca70389]
Loading `train_dataloader` to estimate number of stepping batches.

  | Name            | Type                         | Params
-----------------------------------------------------------------
0 | message_passing | MulticomponentMessagePassing | 455 K 
1 | agg             | MeanAggregation              | 0     
2 | bn              | BatchNorm1d                  | 1.2 K 
3 | predictor       | RegressionFFN                | 321 K 
4 | X_d_transform   | Identity                     | 0     
-----------------------------------------------------------------
777 K     Trainable params
0         Non-trainable params
777 K     Total params
3.111     Total estimated model params size (MB)
`Trainer.fit` stopped: `max_epochs=155` reached.
[I 2024-05-04 02:19:16,879] Trial 53 finished with value: 0.13748417794704437 and parameters: {'hidden_dim': 523, 'n_layers': 1, 'dropout': 0.08713583226530601, 'depth': 5, 'max_epochs': 155}. Best is trial 22 with value: 0.12821868062019348.
GPU available: True (cuda), used: True
TPU available: False, using: 0 TPU cores
IPU available: False, using: 0 IPUs
HPU available: False, using: 0 HPUs
LOCAL_RANK: 0 - CUDA_VISIBLE_DEVICES: [GPU-b72b8c0d-1f71-551f-8762-96059ca70389]
Loading `train_dataloader` to estimate number of stepping batches.

  | Name            | Type                         | Params
-----------------------------------------------------------------
0 | message_passing | MulticomponentMessagePassing | 455 K 
1 | agg             | MeanAggregation              | 0     
2 | bn              | BatchNorm1d                  | 1.2 K 
3 | predictor       | RegressionFFN                | 98.9 K
4 | X_d_transform   | Identity                     | 0     
-----------------------------------------------------------------
555 K     Trainable params
0         Non-trainable params
555 K     Total params
2.222     Total estimated model params size (MB)
`Trainer.fit` stopped: `max_epochs=130` reached.
[I 2024-05-04 02:22:19,026] Trial 54 finished with value: 0.14034204185009003 and parameters: {'hidden_dim': 161, 'n_layers': 1, 'dropout': 0.03445144886640519, 'depth': 4, 'max_epochs': 130}. Best is trial 22 with value: 0.12821868062019348.
GPU available: True (cuda), used: True
TPU available: False, using: 0 TPU cores
IPU available: False, using: 0 IPUs
HPU available: False, using: 0 HPUs
LOCAL_RANK: 0 - CUDA_VISIBLE_DEVICES: [GPU-b72b8c0d-1f71-551f-8762-96059ca70389]
Loading `train_dataloader` to estimate number of stepping batches.

  | Name            | Type                         | Params
-----------------------------------------------------------------
0 | message_passing | MulticomponentMessagePassing | 455 K 
1 | agg             | MeanAggregation              | 0     
2 | bn              | BatchNorm1d                  | 1.2 K 
3 | predictor       | RegressionFFN                | 1.3 M 
4 | X_d_transform   | Identity                     | 0     
-----------------------------------------------------------------
1.7 M     Trainable params
0         Non-trainable params
1.7 M     Total params
6.872     Total estimated model params size (MB)
`Trainer.fit` stopped: `max_epochs=164` reached.
[I 2024-05-04 02:26:51,775] Trial 55 finished with value: 0.15963833034038544 and parameters: {'hidden_dim': 857, 'n_layers': 2, 'dropout': 0.2099170585440955, 'depth': 5, 'max_epochs': 164}. Best is trial 22 with value: 0.12821868062019348.
GPU available: True (cuda), used: True
TPU available: False, using: 0 TPU cores
IPU available: False, using: 0 IPUs
HPU available: False, using: 0 HPUs
LOCAL_RANK: 0 - CUDA_VISIBLE_DEVICES: [GPU-b72b8c0d-1f71-551f-8762-96059ca70389]
Loading `train_dataloader` to estimate number of stepping batches.

  | Name            | Type                         | Params
-----------------------------------------------------------------
0 | message_passing | MulticomponentMessagePassing | 455 K 
1 | agg             | MeanAggregation              | 0     
2 | bn              | BatchNorm1d                  | 1.2 K 
3 | predictor       | RegressionFFN                | 2.0 M 
4 | X_d_transform   | Identity                     | 0     
-----------------------------------------------------------------
2.4 M     Trainable params
0         Non-trainable params
2.4 M     Total params
9.668     Total estimated model params size (MB)
`Trainer.fit` stopped: `max_epochs=182` reached.
[I 2024-05-04 02:31:05,069] Trial 56 finished with value: 0.13752223551273346 and parameters: {'hidden_dim': 1126, 'n_layers': 2, 'dropout': 0.06361609515296755, 'depth': 6, 'max_epochs': 182}. Best is trial 22 with value: 0.12821868062019348.
GPU available: True (cuda), used: True
TPU available: False, using: 0 TPU cores
IPU available: False, using: 0 IPUs
HPU available: False, using: 0 HPUs
LOCAL_RANK: 0 - CUDA_VISIBLE_DEVICES: [GPU-b72b8c0d-1f71-551f-8762-96059ca70389]
Loading `train_dataloader` to estimate number of stepping batches.

  | Name            | Type                         | Params
-----------------------------------------------------------------
0 | message_passing | MulticomponentMessagePassing | 455 K 
1 | agg             | MeanAggregation              | 0     
2 | bn              | BatchNorm1d                  | 1.2 K 
3 | predictor       | RegressionFFN                | 2.9 M 
4 | X_d_transform   | Identity                     | 0     
-----------------------------------------------------------------
3.3 M     Trainable params
0         Non-trainable params
3.3 M     Total params
13.344    Total estimated model params size (MB)
`Trainer.fit` stopped: `max_epochs=84` reached.
[I 2024-05-04 02:33:14,624] Trial 57 finished with value: 0.15371842682361603 and parameters: {'hidden_dim': 1417, 'n_layers': 2, 'dropout': 0.11363490169160695, 'depth': 6, 'max_epochs': 84}. Best is trial 22 with value: 0.12821868062019348.
GPU available: True (cuda), used: True
TPU available: False, using: 0 TPU cores
IPU available: False, using: 0 IPUs
HPU available: False, using: 0 HPUs
LOCAL_RANK: 0 - CUDA_VISIBLE_DEVICES: [GPU-b72b8c0d-1f71-551f-8762-96059ca70389]
Loading `train_dataloader` to estimate number of stepping batches.

  | Name            | Type                         | Params
-----------------------------------------------------------------
0 | message_passing | MulticomponentMessagePassing | 455 K 
1 | agg             | MeanAggregation              | 0     
2 | bn              | BatchNorm1d                  | 1.2 K 
3 | predictor       | RegressionFFN                | 1.3 M 
4 | X_d_transform   | Identity                     | 0     
-----------------------------------------------------------------
1.8 M     Trainable params
0         Non-trainable params
1.8 M     Total params
7.146     Total estimated model params size (MB)
`Trainer.fit` stopped: `max_epochs=144` reached.
[I 2024-05-04 02:36:34,245] Trial 58 finished with value: 0.15037542581558228 and parameters: {'hidden_dim': 2166, 'n_layers': 1, 'dropout': 0.1334437550145879, 'depth': 5, 'max_epochs': 144}. Best is trial 22 with value: 0.12821868062019348.
GPU available: True (cuda), used: True
TPU available: False, using: 0 TPU cores
IPU available: False, using: 0 IPUs
HPU available: False, using: 0 HPUs
LOCAL_RANK: 0 - CUDA_VISIBLE_DEVICES: [GPU-b72b8c0d-1f71-551f-8762-96059ca70389]
Loading `train_dataloader` to estimate number of stepping batches.

  | Name            | Type                         | Params
-----------------------------------------------------------------
0 | message_passing | MulticomponentMessagePassing | 455 K 
1 | agg             | MeanAggregation              | 0     
2 | bn              | BatchNorm1d                  | 1.2 K 
3 | predictor       | RegressionFFN                | 5.4 M 
4 | X_d_transform   | Identity                     | 0     
-----------------------------------------------------------------
5.8 M     Trainable params
0         Non-trainable params
5.8 M     Total params
23.379    Total estimated model params size (MB)
`Trainer.fit` stopped: `max_epochs=151` reached.
[I 2024-05-04 02:40:11,076] Trial 59 finished with value: 0.15307708084583282 and parameters: {'hidden_dim': 2034, 'n_layers': 2, 'dropout': 0.24187564898490088, 'depth': 6, 'max_epochs': 151}. Best is trial 22 with value: 0.12821868062019348.
GPU available: True (cuda), used: True
TPU available: False, using: 0 TPU cores
IPU available: False, using: 0 IPUs
HPU available: False, using: 0 HPUs
LOCAL_RANK: 0 - CUDA_VISIBLE_DEVICES: [GPU-b72b8c0d-1f71-551f-8762-96059ca70389]
Loading `train_dataloader` to estimate number of stepping batches.

  | Name            | Type                         | Params
-----------------------------------------------------------------
0 | message_passing | MulticomponentMessagePassing | 455 K 
1 | agg             | MeanAggregation              | 0     
2 | bn              | BatchNorm1d                  | 1.2 K 
3 | predictor       | RegressionFFN                | 6.1 M 
4 | X_d_transform   | Identity                     | 0     
-----------------------------------------------------------------
6.6 M     Trainable params
0         Non-trainable params
6.6 M     Total params
26.358    Total estimated model params size (MB)
`Trainer.fit` stopped: `max_epochs=159` reached.
[I 2024-05-04 02:44:03,922] Trial 60 finished with value: 0.132439985871315 and parameters: {'hidden_dim': 2188, 'n_layers': 2, 'dropout': 0.17509945490989853, 'depth': 6, 'max_epochs': 159}. Best is trial 22 with value: 0.12821868062019348.
GPU available: True (cuda), used: True
TPU available: False, using: 0 TPU cores
IPU available: False, using: 0 IPUs
HPU available: False, using: 0 HPUs
LOCAL_RANK: 0 - CUDA_VISIBLE_DEVICES: [GPU-b72b8c0d-1f71-551f-8762-96059ca70389]
Loading `train_dataloader` to estimate number of stepping batches.

  | Name            | Type                         | Params
-----------------------------------------------------------------
0 | message_passing | MulticomponentMessagePassing | 455 K 
1 | agg             | MeanAggregation              | 0     
2 | bn              | BatchNorm1d                  | 1.2 K 
3 | predictor       | RegressionFFN                | 6.2 M 
4 | X_d_transform   | Identity                     | 0     
-----------------------------------------------------------------
6.6 M     Trainable params
0         Non-trainable params
6.6 M     Total params
26.598    Total estimated model params size (MB)
`Trainer.fit` stopped: `max_epochs=158` reached.
[I 2024-05-04 02:47:55,002] Trial 61 finished with value: 0.13605572283267975 and parameters: {'hidden_dim': 2200, 'n_layers': 2, 'dropout': 0.17980987354005132, 'depth': 6, 'max_epochs': 158}. Best is trial 22 with value: 0.12821868062019348.
GPU available: True (cuda), used: True
TPU available: False, using: 0 TPU cores
IPU available: False, using: 0 IPUs
HPU available: False, using: 0 HPUs
LOCAL_RANK: 0 - CUDA_VISIBLE_DEVICES: [GPU-b72b8c0d-1f71-551f-8762-96059ca70389]
Loading `train_dataloader` to estimate number of stepping batches.

  | Name            | Type                         | Params
-----------------------------------------------------------------
0 | message_passing | MulticomponentMessagePassing | 455 K 
1 | agg             | MeanAggregation              | 0     
2 | bn              | BatchNorm1d                  | 1.2 K 
3 | predictor       | RegressionFFN                | 5.7 M 
4 | X_d_transform   | Identity                     | 0     
-----------------------------------------------------------------
6.2 M     Trainable params
0         Non-trainable params
6.2 M     Total params
24.729    Total estimated model params size (MB)
`Trainer.fit` stopped: `max_epochs=172` reached.
[I 2024-05-04 02:52:15,471] Trial 62 finished with value: 0.14725245535373688 and parameters: {'hidden_dim': 2105, 'n_layers': 2, 'dropout': 0.17163395715667296, 'depth': 6, 'max_epochs': 172}. Best is trial 22 with value: 0.12821868062019348.
GPU available: True (cuda), used: True
TPU available: False, using: 0 TPU cores
IPU available: False, using: 0 IPUs
HPU available: False, using: 0 HPUs
LOCAL_RANK: 0 - CUDA_VISIBLE_DEVICES: [GPU-b72b8c0d-1f71-551f-8762-96059ca70389]
Loading `train_dataloader` to estimate number of stepping batches.

  | Name            | Type                         | Params
-----------------------------------------------------------------
0 | message_passing | MulticomponentMessagePassing | 455 K 
1 | agg             | MeanAggregation              | 0     
2 | bn              | BatchNorm1d                  | 1.2 K 
3 | predictor       | RegressionFFN                | 4.7 M 
4 | X_d_transform   | Identity                     | 0     
-----------------------------------------------------------------
5.2 M     Trainable params
0         Non-trainable params
5.2 M     Total params
20.676    Total estimated model params size (MB)
`Trainer.fit` stopped: `max_epochs=161` reached.
[I 2024-05-04 02:56:05,306] Trial 63 finished with value: 0.14449237287044525 and parameters: {'hidden_dim': 1885, 'n_layers': 2, 'dropout': 0.21645547803971926, 'depth': 6, 'max_epochs': 161}. Best is trial 22 with value: 0.12821868062019348.
GPU available: True (cuda), used: True
TPU available: False, using: 0 TPU cores
IPU available: False, using: 0 IPUs
HPU available: False, using: 0 HPUs
LOCAL_RANK: 0 - CUDA_VISIBLE_DEVICES: [GPU-b72b8c0d-1f71-551f-8762-96059ca70389]
Loading `train_dataloader` to estimate number of stepping batches.

  | Name            | Type                         | Params
-----------------------------------------------------------------
0 | message_passing | MulticomponentMessagePassing | 455 K 
1 | agg             | MeanAggregation              | 0     
2 | bn              | BatchNorm1d                  | 1.2 K 
3 | predictor       | RegressionFFN                | 6.9 M 
4 | X_d_transform   | Identity                     | 0     
-----------------------------------------------------------------
7.3 M     Trainable params
0         Non-trainable params
7.3 M     Total params
29.358    Total estimated model params size (MB)
`Trainer.fit` stopped: `max_epochs=92` reached.
[I 2024-05-04 02:58:21,197] Trial 64 finished with value: 0.14073000848293304 and parameters: {'hidden_dim': 2334, 'n_layers': 2, 'dropout': 0.1602892633290817, 'depth': 6, 'max_epochs': 92}. Best is trial 22 with value: 0.12821868062019348.
GPU available: True (cuda), used: True
TPU available: False, using: 0 TPU cores
IPU available: False, using: 0 IPUs
HPU available: False, using: 0 HPUs
LOCAL_RANK: 0 - CUDA_VISIBLE_DEVICES: [GPU-b72b8c0d-1f71-551f-8762-96059ca70389]
Loading `train_dataloader` to estimate number of stepping batches.

  | Name            | Type                         | Params
-----------------------------------------------------------------
0 | message_passing | MulticomponentMessagePassing | 455 K 
1 | agg             | MeanAggregation              | 0     
2 | bn              | BatchNorm1d                  | 1.2 K 
3 | predictor       | RegressionFFN                | 5.2 M 
4 | X_d_transform   | Identity                     | 0     
-----------------------------------------------------------------
5.7 M     Trainable params
0         Non-trainable params
5.7 M     Total params
22.673    Total estimated model params size (MB)
`Trainer.fit` stopped: `max_epochs=176` reached.
[I 2024-05-04 03:02:23,989] Trial 65 finished with value: 0.14672349393367767 and parameters: {'hidden_dim': 1996, 'n_layers': 2, 'dropout': 0.2999848613331347, 'depth': 5, 'max_epochs': 176}. Best is trial 22 with value: 0.12821868062019348.
GPU available: True (cuda), used: True
TPU available: False, using: 0 TPU cores
IPU available: False, using: 0 IPUs
HPU available: False, using: 0 HPUs
LOCAL_RANK: 0 - CUDA_VISIBLE_DEVICES: [GPU-b72b8c0d-1f71-551f-8762-96059ca70389]
Loading `train_dataloader` to estimate number of stepping batches.

  | Name            | Type                         | Params
-----------------------------------------------------------------
0 | message_passing | MulticomponentMessagePassing | 455 K 
1 | agg             | MeanAggregation              | 0     
2 | bn              | BatchNorm1d                  | 1.2 K 
3 | predictor       | RegressionFFN                | 1.3 M 
4 | X_d_transform   | Identity                     | 0     
-----------------------------------------------------------------
1.8 M     Trainable params
0         Non-trainable params
1.8 M     Total params
7.156     Total estimated model params size (MB)
`Trainer.fit` stopped: `max_epochs=139` reached.
[I 2024-05-04 03:05:32,524] Trial 66 finished with value: 0.1394844800233841 and parameters: {'hidden_dim': 2170, 'n_layers': 1, 'dropout': 0.13629035896267494, 'depth': 6, 'max_epochs': 139}. Best is trial 22 with value: 0.12821868062019348.
GPU available: True (cuda), used: True
TPU available: False, using: 0 TPU cores
IPU available: False, using: 0 IPUs
HPU available: False, using: 0 HPUs
LOCAL_RANK: 0 - CUDA_VISIBLE_DEVICES: [GPU-b72b8c0d-1f71-551f-8762-96059ca70389]
Loading `train_dataloader` to estimate number of stepping batches.

  | Name            | Type                         | Params
-----------------------------------------------------------------
0 | message_passing | MulticomponentMessagePassing | 455 K 
1 | agg             | MeanAggregation              | 0     
2 | bn              | BatchNorm1d                  | 1.2 K 
3 | predictor       | RegressionFFN                | 3.4 M 
4 | X_d_transform   | Identity                     | 0     
-----------------------------------------------------------------
3.9 M     Trainable params
0         Non-trainable params
3.9 M     Total params
15.488    Total estimated model params size (MB)
`Trainer.fit` stopped: `max_epochs=132` reached.
[I 2024-05-04 03:08:44,302] Trial 67 finished with value: 0.13059543073177338 and parameters: {'hidden_dim': 1566, 'n_layers': 2, 'dropout': 0.08039269251700687, 'depth': 5, 'max_epochs': 132}. Best is trial 22 with value: 0.12821868062019348.
GPU available: True (cuda), used: True
TPU available: False, using: 0 TPU cores
IPU available: False, using: 0 IPUs
HPU available: False, using: 0 HPUs
LOCAL_RANK: 0 - CUDA_VISIBLE_DEVICES: [GPU-b72b8c0d-1f71-551f-8762-96059ca70389]
Loading `train_dataloader` to estimate number of stepping batches.

  | Name            | Type                         | Params
-----------------------------------------------------------------
0 | message_passing | MulticomponentMessagePassing | 455 K 
1 | agg             | MeanAggregation              | 0     
2 | bn              | BatchNorm1d                  | 1.2 K 
3 | predictor       | RegressionFFN                | 3.4 M 
4 | X_d_transform   | Identity                     | 0     
-----------------------------------------------------------------
3.9 M     Trainable params
0         Non-trainable params
3.9 M     Total params
15.428    Total estimated model params size (MB)
`Trainer.fit` stopped: `max_epochs=134` reached.
[I 2024-05-04 03:11:46,963] Trial 68 finished with value: 0.15220685303211212 and parameters: {'hidden_dim': 1562, 'n_layers': 2, 'dropout': 0.2556596120183865, 'depth': 5, 'max_epochs': 134}. Best is trial 22 with value: 0.12821868062019348.
GPU available: True (cuda), used: True
TPU available: False, using: 0 TPU cores
IPU available: False, using: 0 IPUs
HPU available: False, using: 0 HPUs
LOCAL_RANK: 0 - CUDA_VISIBLE_DEVICES: [GPU-b72b8c0d-1f71-551f-8762-96059ca70389]
Loading `train_dataloader` to estimate number of stepping batches.

  | Name            | Type                         | Params
-----------------------------------------------------------------
0 | message_passing | MulticomponentMessagePassing | 455 K 
1 | agg             | MeanAggregation              | 0     
2 | bn              | BatchNorm1d                  | 1.2 K 
3 | predictor       | RegressionFFN                | 4.1 M 
4 | X_d_transform   | Identity                     | 0     
-----------------------------------------------------------------
4.5 M     Trainable params
0         Non-trainable params
4.5 M     Total params
18.103    Total estimated model params size (MB)
`Trainer.fit` stopped: `max_epochs=117` reached.
