[I 2024-05-04 10:20:49,689] Trial 177 finished with value: 0.13958068192005157 and parameters: {'hidden_dim': 1847, 'n_layers': 2, 'dropout': 0.029085120797660822, 'depth': 6, 'max_epochs': 162}. Best is trial 171 with value: 0.12567059695720673.
GPU available: True (cuda), used: True
TPU available: False, using: 0 TPU cores
IPU available: False, using: 0 IPUs
HPU available: False, using: 0 HPUs
LOCAL_RANK: 0 - CUDA_VISIBLE_DEVICES: [GPU-b72b8c0d-1f71-551f-8762-96059ca70389]
Loading `train_dataloader` to estimate number of stepping batches.

  | Name            | Type                         | Params
-----------------------------------------------------------------
0 | message_passing | MulticomponentMessagePassing | 455 K 
1 | agg             | MeanAggregation              | 0     
2 | bn              | BatchNorm1d                  | 1.2 K 
3 | predictor       | RegressionFFN                | 5.4 M 
4 | X_d_transform   | Identity                     | 0     
-----------------------------------------------------------------
5.8 M     Trainable params
0         Non-trainable params
5.8 M     Total params
23.379    Total estimated model params size (MB)
`Trainer.fit` stopped: `max_epochs=170` reached.
[I 2024-05-04 10:25:01,475] Trial 178 finished with value: 0.14314068853855133 and parameters: {'hidden_dim': 2034, 'n_layers': 2, 'dropout': 0.014860140168977198, 'depth': 6, 'max_epochs': 170}. Best is trial 171 with value: 0.12567059695720673.
GPU available: True (cuda), used: True
TPU available: False, using: 0 TPU cores
IPU available: False, using: 0 IPUs
HPU available: False, using: 0 HPUs
LOCAL_RANK: 0 - CUDA_VISIBLE_DEVICES: [GPU-b72b8c0d-1f71-551f-8762-96059ca70389]
Loading `train_dataloader` to estimate number of stepping batches.

  | Name            | Type                         | Params
-----------------------------------------------------------------
0 | message_passing | MulticomponentMessagePassing | 455 K 
1 | agg             | MeanAggregation              | 0     
2 | bn              | BatchNorm1d                  | 1.2 K 
3 | predictor       | RegressionFFN                | 4.7 M 
4 | X_d_transform   | Identity                     | 0     
-----------------------------------------------------------------
5.2 M     Trainable params
0         Non-trainable params
5.2 M     Total params
20.764    Total estimated model params size (MB)
`Trainer.fit` stopped: `max_epochs=173` reached.
[I 2024-05-04 10:28:57,311] Trial 179 finished with value: 0.12730534374713898 and parameters: {'hidden_dim': 1890, 'n_layers': 2, 'dropout': 0.037339975649892145, 'depth': 4, 'max_epochs': 173}. Best is trial 171 with value: 0.12567059695720673.
GPU available: True (cuda), used: True
TPU available: False, using: 0 TPU cores
IPU available: False, using: 0 IPUs
HPU available: False, using: 0 HPUs
LOCAL_RANK: 0 - CUDA_VISIBLE_DEVICES: [GPU-b72b8c0d-1f71-551f-8762-96059ca70389]
Loading `train_dataloader` to estimate number of stepping batches.

  | Name            | Type                         | Params
-----------------------------------------------------------------
0 | message_passing | MulticomponentMessagePassing | 455 K 
1 | agg             | MeanAggregation              | 0     
2 | bn              | BatchNorm1d                  | 1.2 K 
3 | predictor       | RegressionFFN                | 5.2 M 
4 | X_d_transform   | Identity                     | 0     
-----------------------------------------------------------------
5.6 M     Trainable params
0         Non-trainable params
5.6 M     Total params
22.581    Total estimated model params size (MB)
`Trainer.fit` stopped: `max_epochs=166` reached.
[I 2024-05-04 10:32:53,059] Trial 180 finished with value: 0.13481104373931885 and parameters: {'hidden_dim': 1991, 'n_layers': 2, 'dropout': 0.007529777054833787, 'depth': 4, 'max_epochs': 166}. Best is trial 171 with value: 0.12567059695720673.
GPU available: True (cuda), used: True
TPU available: False, using: 0 TPU cores
IPU available: False, using: 0 IPUs
HPU available: False, using: 0 HPUs
LOCAL_RANK: 0 - CUDA_VISIBLE_DEVICES: [GPU-b72b8c0d-1f71-551f-8762-96059ca70389]
Loading `train_dataloader` to estimate number of stepping batches.

  | Name            | Type                         | Params
-----------------------------------------------------------------
0 | message_passing | MulticomponentMessagePassing | 455 K 
1 | agg             | MeanAggregation              | 0     
2 | bn              | BatchNorm1d                  | 1.2 K 
3 | predictor       | RegressionFFN                | 4.7 M 
4 | X_d_transform   | Identity                     | 0     
-----------------------------------------------------------------
5.1 M     Trainable params
0         Non-trainable params
5.1 M     Total params
20.554    Total estimated model params size (MB)
`Trainer.fit` stopped: `max_epochs=173` reached.
[I 2024-05-04 10:37:26,443] Trial 181 finished with value: 0.13251732289791107 and parameters: {'hidden_dim': 1878, 'n_layers': 2, 'dropout': 0.035673287617840096, 'depth': 4, 'max_epochs': 173}. Best is trial 171 with value: 0.12567059695720673.
GPU available: True (cuda), used: True
TPU available: False, using: 0 TPU cores
IPU available: False, using: 0 IPUs
HPU available: False, using: 0 HPUs
LOCAL_RANK: 0 - CUDA_VISIBLE_DEVICES: [GPU-b72b8c0d-1f71-551f-8762-96059ca70389]
Loading `train_dataloader` to estimate number of stepping batches.

  | Name            | Type                         | Params
-----------------------------------------------------------------
0 | message_passing | MulticomponentMessagePassing | 455 K 
1 | agg             | MeanAggregation              | 0     
2 | bn              | BatchNorm1d                  | 1.2 K 
3 | predictor       | RegressionFFN                | 4.4 M 
4 | X_d_transform   | Identity                     | 0     
-----------------------------------------------------------------
4.8 M     Trainable params
0         Non-trainable params
4.8 M     Total params
19.265    Total estimated model params size (MB)
`Trainer.fit` stopped: `max_epochs=172` reached.
[I 2024-05-04 10:41:35,099] Trial 182 finished with value: 0.1280762106180191 and parameters: {'hidden_dim': 1803, 'n_layers': 2, 'dropout': 0.020967104880764195, 'depth': 4, 'max_epochs': 172}. Best is trial 171 with value: 0.12567059695720673.
GPU available: True (cuda), used: True
TPU available: False, using: 0 TPU cores
IPU available: False, using: 0 IPUs
HPU available: False, using: 0 HPUs
LOCAL_RANK: 0 - CUDA_VISIBLE_DEVICES: [GPU-b72b8c0d-1f71-551f-8762-96059ca70389]
Loading `train_dataloader` to estimate number of stepping batches.

  | Name            | Type                         | Params
-----------------------------------------------------------------
0 | message_passing | MulticomponentMessagePassing | 455 K 
1 | agg             | MeanAggregation              | 0     
2 | bn              | BatchNorm1d                  | 1.2 K 
3 | predictor       | RegressionFFN                | 4.9 M 
4 | X_d_transform   | Identity                     | 0     
-----------------------------------------------------------------
5.3 M     Trainable params
0         Non-trainable params
5.3 M     Total params
21.367    Total estimated model params size (MB)
`Trainer.fit` stopped: `max_epochs=169` reached.
[I 2024-05-04 10:45:31,218] Trial 183 finished with value: 0.13252311944961548 and parameters: {'hidden_dim': 1924, 'n_layers': 2, 'dropout': 0.020134958168879787, 'depth': 4, 'max_epochs': 169}. Best is trial 171 with value: 0.12567059695720673.
GPU available: True (cuda), used: True
TPU available: False, using: 0 TPU cores
IPU available: False, using: 0 IPUs
HPU available: False, using: 0 HPUs
LOCAL_RANK: 0 - CUDA_VISIBLE_DEVICES: [GPU-b72b8c0d-1f71-551f-8762-96059ca70389]
Loading `train_dataloader` to estimate number of stepping batches.

  | Name            | Type                         | Params
-----------------------------------------------------------------
0 | message_passing | MulticomponentMessagePassing | 455 K 
1 | agg             | MeanAggregation              | 0     
2 | bn              | BatchNorm1d                  | 1.2 K 
3 | predictor       | RegressionFFN                | 4.5 M 
4 | X_d_transform   | Identity                     | 0     
-----------------------------------------------------------------
4.9 M     Trainable params
0         Non-trainable params
4.9 M     Total params
19.758    Total estimated model params size (MB)
`Trainer.fit` stopped: `max_epochs=172` reached.
[I 2024-05-04 10:49:26,217] Trial 184 finished with value: 0.13388189673423767 and parameters: {'hidden_dim': 1832, 'n_layers': 2, 'dropout': 5.5876446008676015e-05, 'depth': 4, 'max_epochs': 172}. Best is trial 171 with value: 0.12567059695720673.
GPU available: True (cuda), used: True
TPU available: False, using: 0 TPU cores
IPU available: False, using: 0 IPUs
HPU available: False, using: 0 HPUs
LOCAL_RANK: 0 - CUDA_VISIBLE_DEVICES: [GPU-b72b8c0d-1f71-551f-8762-96059ca70389]
Loading `train_dataloader` to estimate number of stepping batches.

  | Name            | Type                         | Params
-----------------------------------------------------------------
0 | message_passing | MulticomponentMessagePassing | 455 K 
1 | agg             | MeanAggregation              | 0     
2 | bn              | BatchNorm1d                  | 1.2 K 
3 | predictor       | RegressionFFN                | 5.0 M 
4 | X_d_transform   | Identity                     | 0     
-----------------------------------------------------------------
5.5 M     Trainable params
0         Non-trainable params
5.5 M     Total params
21.870    Total estimated model params size (MB)
`Trainer.fit` stopped: `max_epochs=124` reached.
[I 2024-05-04 10:52:13,553] Trial 185 finished with value: 0.14070163667201996 and parameters: {'hidden_dim': 1952, 'n_layers': 2, 'dropout': 0.20998999502595533, 'depth': 3, 'max_epochs': 124}. Best is trial 171 with value: 0.12567059695720673.
GPU available: True (cuda), used: True
TPU available: False, using: 0 TPU cores
IPU available: False, using: 0 IPUs
HPU available: False, using: 0 HPUs
LOCAL_RANK: 0 - CUDA_VISIBLE_DEVICES: [GPU-b72b8c0d-1f71-551f-8762-96059ca70389]
Loading `train_dataloader` to estimate number of stepping batches.

  | Name            | Type                         | Params
-----------------------------------------------------------------
0 | message_passing | MulticomponentMessagePassing | 455 K 
1 | agg             | MeanAggregation              | 0     
2 | bn              | BatchNorm1d                  | 1.2 K 
3 | predictor       | RegressionFFN                | 4.6 M 
4 | X_d_transform   | Identity                     | 0     
-----------------------------------------------------------------
5.1 M     Trainable params
0         Non-trainable params
5.1 M     Total params
20.240    Total estimated model params size (MB)
`Trainer.fit` stopped: `max_epochs=165` reached.
[I 2024-05-04 10:55:58,957] Trial 186 finished with value: 0.13404683768749237 and parameters: {'hidden_dim': 1860, 'n_layers': 2, 'dropout': 0.028264366853873325, 'depth': 4, 'max_epochs': 165}. Best is trial 171 with value: 0.12567059695720673.
GPU available: True (cuda), used: True
TPU available: False, using: 0 TPU cores
IPU available: False, using: 0 IPUs
HPU available: False, using: 0 HPUs
LOCAL_RANK: 0 - CUDA_VISIBLE_DEVICES: [GPU-b72b8c0d-1f71-551f-8762-96059ca70389]
Loading `train_dataloader` to estimate number of stepping batches.

  | Name            | Type                         | Params
-----------------------------------------------------------------
0 | message_passing | MulticomponentMessagePassing | 455 K 
1 | agg             | MeanAggregation              | 0     
2 | bn              | BatchNorm1d                  | 1.2 K 
3 | predictor       | RegressionFFN                | 4.1 M 
4 | X_d_transform   | Identity                     | 0     
-----------------------------------------------------------------
4.5 M     Trainable params
0         Non-trainable params
4.5 M     Total params
18.038    Total estimated model params size (MB)
`Trainer.fit` stopped: `max_epochs=163` reached.
[I 2024-05-04 10:59:58,691] Trial 187 finished with value: 0.13414828479290009 and parameters: {'hidden_dim': 1729, 'n_layers': 2, 'dropout': 0.011365777534019935, 'depth': 4, 'max_epochs': 163}. Best is trial 171 with value: 0.12567059695720673.
GPU available: True (cuda), used: True
TPU available: False, using: 0 TPU cores
IPU available: False, using: 0 IPUs
HPU available: False, using: 0 HPUs
LOCAL_RANK: 0 - CUDA_VISIBLE_DEVICES: [GPU-b72b8c0d-1f71-551f-8762-96059ca70389]
Loading `train_dataloader` to estimate number of stepping batches.

  | Name            | Type                         | Params
-----------------------------------------------------------------
0 | message_passing | MulticomponentMessagePassing | 455 K 
1 | agg             | MeanAggregation              | 0     
2 | bn              | BatchNorm1d                  | 1.2 K 
3 | predictor       | RegressionFFN                | 4.4 M 
4 | X_d_transform   | Identity                     | 0     
-----------------------------------------------------------------
4.8 M     Trainable params
0         Non-trainable params
4.8 M     Total params
19.333    Total estimated model params size (MB)
`Trainer.fit` stopped: `max_epochs=92` reached.
[I 2024-05-04 11:02:16,332] Trial 188 finished with value: 0.1415306180715561 and parameters: {'hidden_dim': 1807, 'n_layers': 2, 'dropout': 0.018559587339475325, 'depth': 4, 'max_epochs': 92}. Best is trial 171 with value: 0.12567059695720673.
GPU available: True (cuda), used: True
TPU available: False, using: 0 TPU cores
IPU available: False, using: 0 IPUs
HPU available: False, using: 0 HPUs
LOCAL_RANK: 0 - CUDA_VISIBLE_DEVICES: [GPU-b72b8c0d-1f71-551f-8762-96059ca70389]
Loading `train_dataloader` to estimate number of stepping batches.

  | Name            | Type                         | Params
-----------------------------------------------------------------
0 | message_passing | MulticomponentMessagePassing | 455 K 
1 | agg             | MeanAggregation              | 0     
2 | bn              | BatchNorm1d                  | 1.2 K 
3 | predictor       | RegressionFFN                | 2.7 M 
4 | X_d_transform   | Identity                     | 0     
-----------------------------------------------------------------
3.2 M     Trainable params
0         Non-trainable params
3.2 M     Total params
12.624    Total estimated model params size (MB)
`Trainer.fit` stopped: `max_epochs=200` reached.
[I 2024-05-04 11:07:28,194] Trial 189 finished with value: 0.1374962478876114 and parameters: {'hidden_dim': 1364, 'n_layers': 2, 'dropout': 0.035969071905666256, 'depth': 4, 'max_epochs': 200}. Best is trial 171 with value: 0.12567059695720673.
GPU available: True (cuda), used: True
TPU available: False, using: 0 TPU cores
IPU available: False, using: 0 IPUs
HPU available: False, using: 0 HPUs
LOCAL_RANK: 0 - CUDA_VISIBLE_DEVICES: [GPU-b72b8c0d-1f71-551f-8762-96059ca70389]
Loading `train_dataloader` to estimate number of stepping batches.

  | Name            | Type                         | Params
-----------------------------------------------------------------
0 | message_passing | MulticomponentMessagePassing | 455 K 
1 | agg             | MeanAggregation              | 0     
2 | bn              | BatchNorm1d                  | 1.2 K 
3 | predictor       | RegressionFFN                | 4.8 M 
4 | X_d_transform   | Identity                     | 0     
-----------------------------------------------------------------
5.3 M     Trainable params
0         Non-trainable params
5.3 M     Total params
21.064    Total estimated model params size (MB)
`Trainer.fit` stopped: `max_epochs=191` reached.
[I 2024-05-04 11:12:05,169] Trial 190 finished with value: 0.13010860979557037 and parameters: {'hidden_dim': 1907, 'n_layers': 2, 'dropout': 0.005528157710312396, 'depth': 6, 'max_epochs': 191}. Best is trial 171 with value: 0.12567059695720673.
GPU available: True (cuda), used: True
TPU available: False, using: 0 TPU cores
IPU available: False, using: 0 IPUs
HPU available: False, using: 0 HPUs
LOCAL_RANK: 0 - CUDA_VISIBLE_DEVICES: [GPU-b72b8c0d-1f71-551f-8762-96059ca70389]
Loading `train_dataloader` to estimate number of stepping batches.

  | Name            | Type                         | Params
-----------------------------------------------------------------
0 | message_passing | MulticomponentMessagePassing | 455 K 
1 | agg             | MeanAggregation              | 0     
2 | bn              | BatchNorm1d                  | 1.2 K 
3 | predictor       | RegressionFFN                | 5.3 M 
4 | X_d_transform   | Identity                     | 0     
-----------------------------------------------------------------
5.7 M     Trainable params
0         Non-trainable params
5.7 M     Total params
22.839    Total estimated model params size (MB)
`Trainer.fit` stopped: `max_epochs=192` reached.
[I 2024-05-04 11:16:21,140] Trial 191 finished with value: 0.13454119861125946 and parameters: {'hidden_dim': 2005, 'n_layers': 2, 'dropout': 0.013832125585923026, 'depth': 3, 'max_epochs': 192}. Best is trial 171 with value: 0.12567059695720673.
GPU available: True (cuda), used: True
TPU available: False, using: 0 TPU cores
IPU available: False, using: 0 IPUs
HPU available: False, using: 0 HPUs
LOCAL_RANK: 0 - CUDA_VISIBLE_DEVICES: [GPU-b72b8c0d-1f71-551f-8762-96059ca70389]
Loading `train_dataloader` to estimate number of stepping batches.

  | Name            | Type                         | Params
-----------------------------------------------------------------
0 | message_passing | MulticomponentMessagePassing | 455 K 
1 | agg             | MeanAggregation              | 0     
2 | bn              | BatchNorm1d                  | 1.2 K 
3 | predictor       | RegressionFFN                | 4.7 M 
4 | X_d_transform   | Identity                     | 0     
-----------------------------------------------------------------
5.1 M     Trainable params
0         Non-trainable params
5.1 M     Total params
20.519    Total estimated model params size (MB)
slurmstepd-d-7-10-1: error: *** JOB 25950027 ON d-7-10-1 CANCELLED AT 2024-05-04T11:17:45 ***
